0 verbose cli /usr/local/bin/node /Users/xfcc/.npm-global/lib/node_modules/npm/bin/npm-cli.js
1 info using npm@11.2.0
2 info using node@v22.13.1
3 silly config load:file:/Users/xfcc/.npm-global/lib/node_modules/npm/npmrc
4 silly config load:file:/Users/xfcc/Documents/trae_projects/JATLAS/.npmrc
5 silly config load:file:/Users/xfcc/Documents/trae_projects/JATLAS/.npm/.user.npmrc
6 silly config load:file:/Users/xfcc/Documents/trae_projects/JATLAS/.npm/.global.npmrc
7 verbose title npm exec shadcn@latest add select button
8 verbose argv "exec" "--cache" "./.npm" "--userconfig" "./.npm/.user.npmrc" "--globalconfig" "./.npm/.global.npmrc" "--" "shadcn@latest" "add" "select" "button"
9 verbose logfile logs-max:10 dir:/Users/xfcc/Documents/trae_projects/JATLAS/.npm/_logs/2026-02-24T10_05_15_159Z-
10 verbose logfile /Users/xfcc/Documents/trae_projects/JATLAS/.npm/_logs/2026-02-24T10_05_15_159Z-debug-0.log
11 silly logfile start cleaning logs, removing 1 files
12 silly logfile done cleaning log files
13 silly packumentCache heap:4345298944 maxSize:1086324736 maxEntrySize:543162368
14 verbose shrinkwrap failed to load node_modules/.package-lock.json out of date, updated: node_modules
15 http fetch GET 200 https://registry.npmjs.org/shadcn 604ms (cache revalidated)
16 silly packumentCache heap:4345298944 maxSize:1086324736 maxEntrySize:543162368
17 silly packumentCache heap:4345298944 maxSize:1086324736 maxEntrySize:543162368
18 verbose cwd /Users/xfcc/Documents/trae_projects/JATLAS
19 verbose os Darwin 25.3.0
20 verbose node v22.13.1
21 verbose npm  v11.2.0
22 verbose exit 0
23 info ok
