0 verbose cli /usr/local/bin/node /Users/xfcc/.npm-global/bin/npm
1 info using npm@11.2.0
2 info using node@v22.13.1
3 silly config load:file:/Users/xfcc/.npm-global/lib/node_modules/npm/npmrc
4 silly config load:file:/Users/xfcc/Documents/trae_projects/JATLAS/.npmrc
5 silly config load:file:/Users/xfcc/Documents/trae_projects/JATLAS/.npm/.user.npmrc
6 silly config load:file:/Users/xfcc/Documents/trae_projects/JATLAS/.npm/.global.npmrc
7 verbose title npm install @radix-ui/react-dialog
8 verbose argv "install" "@radix-ui/react-dialog"
9 verbose logfile logs-max:10 dir:/Users/xfcc/Documents/trae_projects/JATLAS/.npm/_logs/2026-02-24T10_06_11_874Z-
10 verbose logfile /Users/xfcc/Documents/trae_projects/JATLAS/.npm/_logs/2026-02-24T10_06_11_874Z-debug-0.log
11 silly logfile start cleaning logs, removing 1 files
12 silly packumentCache heap:4345298944 maxSize:1086324736 maxEntrySize:543162368
13 silly logfile done cleaning log files
14 silly idealTree buildDeps
15 silly fetch manifest @radix-ui/react-dialog@*
16 silly packumentCache full:https://registry.npmjs.org/@radix-ui%2freact-dialog cache-miss
17 http fetch GET 200 https://registry.npmjs.org/@radix-ui%2freact-dialog 1122ms (cache miss)
18 silly packumentCache full:https://registry.npmjs.org/@radix-ui%2freact-dialog set size:undefined disposed:false
19 silly fetch manifest @types/react@^18
20 silly packumentCache full:https://registry.npmjs.org/@types%2freact cache-miss
21 http cache https://registry.npmjs.org/@types%2freact 10ms (cache hit)
22 silly packumentCache full:https://registry.npmjs.org/@types%2freact set size:2588986 disposed:false
23 silly fetch manifest @types/react-dom@^18
24 silly packumentCache full:https://registry.npmjs.org/@types%2freact-dom cache-miss
25 http cache https://registry.npmjs.org/@types%2freact-dom 4ms (cache hit)
26 silly packumentCache full:https://registry.npmjs.org/@types%2freact-dom set size:429026 disposed:false
27 silly fetch manifest react@^18
28 silly packumentCache full:https://registry.npmjs.org/react cache-miss
29 http cache https://registry.npmjs.org/react 9ms (cache hit)
30 silly packumentCache full:https://registry.npmjs.org/react set size:6508025 disposed:false
31 silly fetch manifest react-dom@^18
32 silly packumentCache full:https://registry.npmjs.org/react-dom cache-miss
33 http cache https://registry.npmjs.org/react-dom 13ms (cache hit)
34 silly packumentCache full:https://registry.npmjs.org/react-dom set size:8624335 disposed:false
35 silly placeDep ROOT @radix-ui/react-dialog@1.1.15 OK for: jatlas@0.1.0 want: *
36 silly fetch manifest @radix-ui/react-slot@1.2.3
37 silly packumentCache full:https://registry.npmjs.org/@radix-ui%2freact-slot cache-miss
38 silly fetch manifest @radix-ui/react-presence@1.1.5
39 silly packumentCache full:https://registry.npmjs.org/@radix-ui%2freact-presence cache-miss
40 http cache https://registry.npmjs.org/@radix-ui%2freact-slot 9ms (cache hit)
41 silly packumentCache full:https://registry.npmjs.org/@radix-ui%2freact-slot set size:387271 disposed:false
42 http fetch GET 200 https://registry.npmjs.org/@radix-ui%2freact-presence 252ms (cache miss)
43 silly packumentCache full:https://registry.npmjs.org/@radix-ui%2freact-presence set size:undefined disposed:false
44 silly fetch manifest @types/react@*
45 silly packumentCache full:https://registry.npmjs.org/@types%2freact cache-miss
46 http cache https://registry.npmjs.org/@types%2freact 6ms (cache hit)
47 silly packumentCache full:https://registry.npmjs.org/@types%2freact set size:2588986 disposed:false
48 silly fetch manifest react@^16.8 || ^17.0 || ^18.0 || ^19.0 || ^19.0.0-rc
49 silly packumentCache full:https://registry.npmjs.org/react cache-miss
50 http cache https://registry.npmjs.org/react 9ms (cache hit)
51 silly packumentCache full:https://registry.npmjs.org/react set size:6508025 disposed:false
52 silly fetch manifest @types/react-dom@*
53 silly packumentCache full:https://registry.npmjs.org/@types%2freact-dom cache-hit
54 silly fetch manifest react-dom@^16.8 || ^17.0 || ^18.0 || ^19.0 || ^19.0.0-rc
55 silly packumentCache full:https://registry.npmjs.org/react-dom cache-miss
56 http cache https://registry.npmjs.org/react-dom 11ms (cache hit)
57 silly packumentCache full:https://registry.npmjs.org/react-dom set size:8624335 disposed:false
58 silly placeDep ROOT @radix-ui/react-presence@1.1.5 OK for: @radix-ui/react-dialog@1.1.15 want: 1.1.5
59 silly placeDep node_modules/@radix-ui/react-dialog @radix-ui/react-slot@1.2.3 OK for: @radix-ui/react-dialog@1.1.15 want: 1.2.3
60 silly reify moves {}
61 silly audit bulk request {
61 silly audit   '@alloc/quick-lru': [ '5.2.0' ],
61 silly audit   '@chevrotain/cst-dts-gen': [ '10.5.0' ],
61 silly audit   '@chevrotain/gast': [ '10.5.0' ],
61 silly audit   '@chevrotain/types': [ '10.5.0' ],
61 silly audit   '@chevrotain/utils': [ '10.5.0' ],
61 silly audit   '@electric-sql/pglite': [ '0.3.15' ],
61 silly audit   '@electric-sql/pglite-socket': [ '0.0.20' ],
61 silly audit   '@electric-sql/pglite-tools': [ '0.2.20' ],
61 silly audit   '@emnapi/core': [ '1.8.1' ],
61 silly audit   '@emnapi/runtime': [ '1.8.1' ],
61 silly audit   '@emnapi/wasi-threads': [ '1.1.0' ],
61 silly audit   '@eslint-community/eslint-utils': [ '4.9.1' ],
61 silly audit   '@eslint-community/regexpp': [ '4.12.2' ],
61 silly audit   '@eslint/eslintrc': [ '2.1.4' ],
61 silly audit   '@eslint/js': [ '8.57.1' ],
61 silly audit   '@floating-ui/core': [ '1.7.4' ],
61 silly audit   '@floating-ui/dom': [ '1.7.5' ],
61 silly audit   '@floating-ui/react-dom': [ '2.1.7' ],
61 silly audit   '@floating-ui/utils': [ '0.2.10' ],
61 silly audit   '@hono/node-server': [ '1.19.9' ],
61 silly audit   '@humanwhocodes/config-array': [ '0.13.0' ],
61 silly audit   '@humanwhocodes/module-importer': [ '1.0.1' ],
61 silly audit   '@humanwhocodes/object-schema': [ '2.0.3' ],
61 silly audit   '@isaacs/cliui': [ '8.0.2' ],
61 silly audit   'ansi-regex': [ '6.2.2', '5.0.1' ],
61 silly audit   'strip-ansi': [ '7.1.2', '6.0.1' ],
61 silly audit   '@jridgewell/gen-mapping': [ '0.3.13' ],
61 silly audit   '@jridgewell/resolve-uri': [ '3.1.2' ],
61 silly audit   '@jridgewell/sourcemap-codec': [ '1.5.5' ],
61 silly audit   '@jridgewell/trace-mapping': [ '0.3.31' ],
61 silly audit   '@mrleebo/prisma-ast': [ '0.13.1' ],
61 silly audit   lilconfig: [ '2.1.0', '3.1.3' ],
61 silly audit   '@napi-rs/wasm-runtime': [ '0.2.12' ],
61 silly audit   '@next/env': [ '14.2.3' ],
61 silly audit   '@next/eslint-plugin-next': [ '14.2.3' ],
61 silly audit   '@next/swc-darwin-arm64': [ '14.2.3' ],
61 silly audit   '@next/swc-darwin-x64': [ '14.2.3' ],
61 silly audit   '@next/swc-linux-arm64-gnu': [ '14.2.3' ],
61 silly audit   '@next/swc-linux-arm64-musl': [ '14.2.3' ],
61 silly audit   '@next/swc-linux-x64-gnu': [ '14.2.3' ],
61 silly audit   '@next/swc-linux-x64-musl': [ '14.2.3' ],
61 silly audit   '@next/swc-win32-arm64-msvc': [ '14.2.3' ],
61 silly audit   '@next/swc-win32-ia32-msvc': [ '14.2.3' ],
61 silly audit   '@next/swc-win32-x64-msvc': [ '14.2.3' ],
61 silly audit   '@nodelib/fs.scandir': [ '2.1.5' ],
61 silly audit   '@nodelib/fs.stat': [ '2.0.5' ],
61 silly audit   '@nodelib/fs.walk': [ '1.2.8' ],
61 silly audit   '@nolyfill/is-core-module': [ '1.0.39' ],
61 silly audit   '@pkgjs/parseargs': [ '0.11.0' ],
61 silly audit   '@prisma/client': [ '7.4.1' ],
61 silly audit   '@prisma/client-runtime-utils': [ '7.4.1' ],
61 silly audit   '@prisma/config': [ '7.4.1' ],
61 silly audit   '@prisma/debug': [ '7.4.1', '7.2.0' ],
61 silly audit   '@prisma/dev': [ '0.20.0' ],
61 silly audit   '@prisma/engines': [ '7.4.1' ],
61 silly audit   '@prisma/engines-version': [ '7.5.0-4.55ae170b1ced7fc6ed07a15f110549408c501bb3' ],
61 silly audit   '@prisma/get-platform': [ '7.4.1', '7.2.0' ],
61 silly audit   '@prisma/fetch-engine': [ '7.4.1' ],
61 silly audit   '@prisma/query-plan-executor': [ '7.2.0' ],
61 silly audit   '@prisma/studio-core': [ '0.13.1' ],
61 silly audit   '@radix-ui/number': [ '1.1.1' ],
61 silly audit   '@radix-ui/primitive': [ '1.1.3' ],
61 silly audit   '@radix-ui/react-arrow': [ '1.1.7' ],
61 silly audit   '@radix-ui/react-collection': [ '1.1.7' ],
61 silly audit   '@radix-ui/react-slot': [ '1.2.3', '1.2.4' ],
61 silly audit   '@radix-ui/react-compose-refs': [ '1.1.2' ],
61 silly audit   '@radix-ui/react-context': [ '1.1.2' ],
61 silly audit   '@radix-ui/react-direction': [ '1.1.1' ],
61 silly audit   '@radix-ui/react-dismissable-layer': [ '1.1.11' ],
61 silly audit   '@radix-ui/react-focus-guards': [ '1.1.3' ],
61 silly audit   '@radix-ui/react-focus-scope': [ '1.1.7' ],
61 silly audit   '@radix-ui/react-id': [ '1.1.1' ],
61 silly audit   '@radix-ui/react-popper': [ '1.2.8' ],
61 silly audit   '@radix-ui/react-portal': [ '1.1.9' ],
61 silly audit   '@radix-ui/react-primitive': [ '2.1.3' ],
61 silly audit   '@radix-ui/react-select': [ '2.2.6' ],
61 silly audit   '@radix-ui/react-use-callback-ref': [ '1.1.1' ],
61 silly audit   '@radix-ui/react-use-controllable-state': [ '1.2.2' ],
61 silly audit   '@radix-ui/react-use-effect-event': [ '0.0.2' ],
61 silly audit   '@radix-ui/react-use-escape-keydown': [ '1.1.1' ],
61 silly audit   '@radix-ui/react-use-layout-effect': [ '1.1.1' ],
61 silly audit   '@radix-ui/react-use-previous': [ '1.1.1' ],
61 silly audit   '@radix-ui/react-use-rect': [ '1.1.1' ],
61 silly audit   '@radix-ui/react-use-size': [ '1.1.1' ],
61 silly audit   '@radix-ui/react-visually-hidden': [ '1.2.3' ],
61 silly audit   '@radix-ui/rect': [ '1.1.1' ],
61 silly audit   '@rtsao/scc': [ '1.1.0' ],
61 silly audit   '@rushstack/eslint-patch': [ '1.16.1' ],
61 silly audit   '@standard-schema/spec': [ '1.1.0' ],
61 silly audit   '@swc/counter': [ '0.1.3' ],
61 silly audit   '@swc/helpers': [ '0.5.5' ],
61 silly audit   '@tybys/wasm-util': [ '0.10.1' ],
61 silly audit   '@types/json5': [ '0.0.29' ],
61 silly audit   '@types/node': [ '20.19.33' ],
61 silly audit   '@types/prop-types': [ '15.7.15' ],
61 silly audit   '@types/react': [ '18.3.28' ],
61 silly audit   '@types/react-dom': [ '18.3.7' ],
61 silly audit   '@typescript-eslint/parser': [ '7.2.0' ],
61 silly audit   '@typescript-eslint/scope-manager': [ '7.2.0' ],
61 silly audit   '@typescript-eslint/types': [ '7.2.0' ],
61 silly audit   '@typescript-eslint/typescript-estree': [ '7.2.0' ],
61 silly audit   'brace-expansion': [ '2.0.2', '1.1.12', '5.0.3' ],
61 silly audit   minimatch: [ '9.0.3', '9.0.6', '3.1.3' ],
61 silly audit   '@typescript-eslint/visitor-keys': [ '7.2.0' ],
61 silly audit   '@ungap/structured-clone': [ '1.3.0' ],
61 silly audit   '@unrs/resolver-binding-android-arm-eabi': [ '1.11.1' ],
61 silly audit   '@unrs/resolver-binding-android-arm64': [ '1.11.1' ],
61 silly audit   '@unrs/resolver-binding-darwin-arm64': [ '1.11.1' ],
61 silly audit   '@unrs/resolver-binding-darwin-x64': [ '1.11.1' ],
61 silly audit   '@unrs/resolver-binding-freebsd-x64': [ '1.11.1' ],
61 silly audit   '@unrs/resolver-binding-linux-arm-gnueabihf': [ '1.11.1' ],
61 silly audit   '@unrs/resolver-binding-linux-arm-musleabihf': [ '1.11.1' ],
61 silly audit   '@unrs/resolver-binding-linux-arm64-gnu': [ '1.11.1' ],
61 silly audit   '@unrs/resolver-binding-linux-arm64-musl': [ '1.11.1' ],
61 silly audit   '@unrs/resolver-binding-linux-ppc64-gnu': [ '1.11.1' ],
61 silly audit   '@unrs/resolver-binding-linux-riscv64-gnu': [ '1.11.1' ],
61 silly audit   '@unrs/resolver-binding-linux-riscv64-musl': [ '1.11.1' ],
61 silly audit   '@unrs/resolver-binding-linux-s390x-gnu': [ '1.11.1' ],
61 silly audit   '@unrs/resolver-binding-linux-x64-gnu': [ '1.11.1' ],
61 silly audit   '@unrs/resolver-binding-linux-x64-musl': [ '1.11.1' ],
61 silly audit   '@unrs/resolver-binding-wasm32-wasi': [ '1.11.1' ],
61 silly audit   '@unrs/resolver-binding-win32-arm64-msvc': [ '1.11.1' ],
61 silly audit   '@unrs/resolver-binding-win32-ia32-msvc': [ '1.11.1' ],
61 silly audit   '@unrs/resolver-binding-win32-x64-msvc': [ '1.11.1' ],
61 silly audit   acorn: [ '8.16.0' ],
61 silly audit   'acorn-jsx': [ '5.3.2' ],
61 silly audit   ajv: [ '6.14.0' ],
61 silly audit   'ansi-styles': [ '4.3.0', '6.2.3' ],
61 silly audit   'any-promise': [ '1.3.0' ],
61 silly audit   anymatch: [ '3.1.3' ],
61 silly audit   arg: [ '5.0.2' ],
61 silly audit   argparse: [ '2.0.1' ],
61 silly audit   'aria-hidden': [ '1.2.6' ],
61 silly audit   'aria-query': [ '5.3.2' ],
61 silly audit   'array-buffer-byte-length': [ '1.0.2' ],
61 silly audit   'array-includes': [ '3.1.9' ],
61 silly audit   'array-union': [ '2.1.0' ],
61 silly audit   'array.prototype.findlast': [ '1.2.5' ],
61 silly audit   'array.prototype.findlastindex': [ '1.2.6' ],
61 silly audit   'array.prototype.flat': [ '1.3.3' ],
61 silly audit   'array.prototype.flatmap': [ '1.3.3' ],
61 silly audit   'array.prototype.tosorted': [ '1.1.4' ],
61 silly audit   'arraybuffer.prototype.slice': [ '1.0.4' ],
61 silly audit   'ast-types-flow': [ '0.0.8' ],
61 silly audit   'async-function': [ '1.0.0' ],
61 silly audit   'available-typed-arrays': [ '1.0.7' ],
61 silly audit   'aws-ssl-profiles': [ '1.1.2' ],
61 silly audit   'axe-core': [ '4.11.1' ],
61 silly audit   'axobject-query': [ '4.1.0' ],
61 silly audit   'balanced-match': [ '1.0.2', '4.0.4' ],
61 silly audit   'binary-extensions': [ '2.3.0' ],
61 silly audit   braces: [ '3.0.3' ],
61 silly audit   busboy: [ '1.6.0' ],
61 silly audit   c12: [ '3.1.0' ],
61 silly audit   chokidar: [ '4.0.3', '3.6.0' ],
61 silly audit   jiti: [ '2.6.1', '1.21.7' ],
61 silly audit   readdirp: [ '4.1.2', '3.6.0' ],
61 silly audit   'call-bind': [ '1.0.8' ],
61 silly audit   'call-bind-apply-helpers': [ '1.0.2' ],
61 silly audit   'call-bound': [ '1.0.4' ],
61 silly audit   callsites: [ '3.1.0' ],
61 silly audit   'camelcase-css': [ '2.0.1' ],
61 silly audit   'caniuse-lite': [ '1.0.30001774' ],
61 silly audit   chalk: [ '4.1.2' ],
61 silly audit   chevrotain: [ '10.5.0' ],
61 silly audit   'glob-parent': [ '5.1.2', '6.0.2' ],
61 silly audit   citty: [ '0.1.6', '0.2.1' ],
61 silly audit   'class-variance-authority': [ '0.7.1' ],
61 silly audit   'client-only': [ '0.0.1' ],
61 silly audit   clsx: [ '2.1.1' ],
61 silly audit   'color-convert': [ '2.0.1' ],
61 silly audit   'color-name': [ '1.1.4' ],
61 silly audit   commander: [ '4.1.1' ],
61 silly audit   'concat-map': [ '0.0.1' ],
61 silly audit   confbox: [ '0.2.4' ],
61 silly audit   consola: [ '3.4.2' ],
61 silly audit   'cross-spawn': [ '7.0.6' ],
61 silly audit   cssesc: [ '3.0.0' ],
61 silly audit   csstype: [ '3.2.3' ],
61 silly audit   'damerau-levenshtein': [ '1.0.8' ],
61 silly audit   'data-view-buffer': [ '1.0.2' ],
61 silly audit   'data-view-byte-length': [ '1.0.2' ],
61 silly audit   'data-view-byte-offset': [ '1.0.1' ],
61 silly audit   debug: [ '4.4.3', '3.2.7' ],
61 silly audit   'deep-is': [ '0.1.4' ],
61 silly audit   'deepmerge-ts': [ '7.1.5' ],
61 silly audit   'define-data-property': [ '1.1.4' ],
61 silly audit   'define-properties': [ '1.2.1' ],
61 silly audit   defu: [ '6.1.4' ],
61 silly audit   denque: [ '2.1.0' ],
61 silly audit   destr: [ '2.0.5' ],
61 silly audit   'detect-node-es': [ '1.1.0' ],
61 silly audit   didyoumean: [ '1.2.2' ],
61 silly audit   'dir-glob': [ '3.0.1' ],
61 silly audit   dlv: [ '1.1.3' ],
61 silly audit   doctrine: [ '3.0.0', '2.1.0' ],
61 silly audit   dotenv: [ '16.6.1' ],
61 silly audit   'dunder-proto': [ '1.0.1' ],
61 silly audit   eastasianwidth: [ '0.2.0' ],
61 silly audit   effect: [ '3.18.4' ],
61 silly audit   'emoji-regex': [ '9.2.2', '8.0.0' ],
61 silly audit   empathic: [ '2.0.0' ],
61 silly audit   'es-abstract': [ '1.24.1' ],
61 silly audit   'es-define-property': [ '1.0.1' ],
61 silly audit   'es-errors': [ '1.3.0' ],
61 silly audit   'es-iterator-helpers': [ '1.2.2' ],
61 silly audit   'es-object-atoms': [ '1.1.1' ],
61 silly audit   'es-set-tostringtag': [ '2.1.0' ],
61 silly audit   'es-shim-unscopables': [ '1.1.0' ],
61 silly audit   'es-to-primitive': [ '1.3.0' ],
61 silly audit   'escape-string-regexp': [ '4.0.0' ],
61 silly audit   eslint: [ '8.57.1' ],
61 silly audit   'eslint-config-next': [ '14.2.3' ],
61 silly audit   'eslint-import-resolver-node': [ '0.3.9' ],
61 silly audit   'eslint-import-resolver-typescript': [ '3.10.1' ],
61 silly audit   'eslint-module-utils': [ '2.12.1' ],
61 silly audit   'eslint-plugin-import': [ '2.32.0' ],
61 silly audit   semver: [ '6.3.1', '7.7.4' ],
61 silly audit   'eslint-plugin-jsx-a11y': [ '6.10.2' ],
61 silly audit   'eslint-plugin-react': [ '7.37.5' ],
61 silly audit   'eslint-plugin-react-hooks': [ '5.0.0-canary-7118f5dd7-20230705' ],
61 silly audit   resolve: [ '2.0.0-next.6', '1.22.11' ],
61 silly audit   'eslint-scope': [ '7.2.2' ],
61 silly audit   'eslint-visitor-keys': [ '3.4.3' ],
61 silly audit   espree: [ '9.6.1' ],
61 silly audit   esquery: [ '1.7.0' ],
61 silly audit   esrecurse: [ '4.3.0' ],
61 silly audit   estraverse: [ '5.3.0' ],
61 silly audit   esutils: [ '2.0.3' ],
61 silly audit   exsolve: [ '1.0.8' ],
61 silly audit   'fast-check': [ '3.23.2' ],
61 silly audit   'fast-deep-equal': [ '3.1.3' ],
61 silly audit   'fast-glob': [ '3.3.3' ],
61 silly audit   'fast-json-stable-stringify': [ '2.1.0' ],
61 silly audit   'fast-levenshtein': [ '2.0.6' ],
61 silly audit   fastq: [ '1.20.1' ],
61 silly audit   'file-entry-cache': [ '6.0.1' ],
61 silly audit   'fill-range': [ '7.1.1' ],
61 silly audit   'find-up': [ '5.0.0' ],
61 silly audit   'flat-cache': [ '3.2.0' ],
61 silly audit   flatted: [ '3.3.3' ],
61 silly audit   'for-each': [ '0.3.5' ],
61 silly audit   'foreground-child': [ '3.3.1' ],
61 silly audit   'fs.realpath': [ '1.0.0' ],
61 silly audit   fsevents: [ '2.3.3' ],
61 silly audit   'function-bind': [ '1.1.2' ],
61 silly audit   'function.prototype.name': [ '1.1.8' ],
61 silly audit   'functions-have-names': [ '1.2.3' ],
61 silly audit   'generate-function': [ '2.3.1' ],
61 silly audit   'generator-function': [ '2.0.1' ],
61 silly audit   'get-intrinsic': [ '1.3.0' ],
61 silly audit   'get-nonce': [ '1.0.1' ],
61 silly audit   'get-port-please': [ '3.2.0' ],
61 silly audit   'get-proto': [ '1.0.1' ],
61 silly audit   'get-symbol-description': [ '1.1.0' ],
61 silly audit   'get-tsconfig': [ '4.13.6' ],
61 silly audit   giget: [ '2.0.0' ],
61 silly audit   glob: [ '10.3.10', '7.2.3' ],
61 silly audit   globals: [ '13.24.0' ],
61 silly audit   globalthis: [ '1.0.4' ],
61 silly audit   globby: [ '11.1.0' ],
61 silly audit   gopd: [ '1.2.0' ],
61 silly audit   'graceful-fs': [ '4.2.11' ],
61 silly audit   grammex: [ '3.1.12' ],
61 silly audit   graphemer: [ '1.4.0' ],
61 silly audit   graphmatch: [ '1.1.1' ],
61 silly audit   'has-bigints': [ '1.1.0' ],
61 silly audit   'has-flag': [ '4.0.0' ],
61 silly audit   'has-property-descriptors': [ '1.0.2' ],
61 silly audit   'has-proto': [ '1.2.0' ],
61 silly audit   'has-symbols': [ '1.1.0' ],
61 silly audit   'has-tostringtag': [ '1.0.2' ],
61 silly audit   hasown: [ '2.0.2' ],
61 silly audit   hono: [ '4.11.4' ],
61 silly audit   'http-status-codes': [ '2.3.0' ],
61 silly audit   'iconv-lite': [ '0.7.2' ],
61 silly audit   ignore: [ '5.3.2' ],
61 silly audit   'import-fresh': [ '3.3.1' ],
61 silly audit   imurmurhash: [ '0.1.4' ],
61 silly audit   inflight: [ '1.0.6' ],
61 silly audit   inherits: [ '2.0.4' ],
61 silly audit   'internal-slot': [ '1.1.0' ],
61 silly audit   'is-array-buffer': [ '3.0.5' ],
61 silly audit   'is-async-function': [ '2.1.1' ],
61 silly audit   'is-bigint': [ '1.1.0' ],
61 silly audit   'is-binary-path': [ '2.1.0' ],
61 silly audit   'is-boolean-object': [ '1.2.2' ],
61 silly audit   'is-bun-module': [ '2.0.0' ],
61 silly audit   'is-callable': [ '1.2.7' ],
61 silly audit   'is-core-module': [ '2.16.1' ],
61 silly audit   'is-data-view': [ '1.0.2' ],
61 silly audit   'is-date-object': [ '1.1.0' ],
61 silly audit   'is-extglob': [ '2.1.1' ],
61 silly audit   'is-finalizationregistry': [ '1.1.1' ],
61 silly audit   'is-fullwidth-code-point': [ '3.0.0' ],
61 silly audit   'is-generator-function': [ '1.1.2' ],
61 silly audit   'is-glob': [ '4.0.3' ],
61 silly audit   'is-map': [ '2.0.3' ],
61 silly audit   'is-negative-zero': [ '2.0.3' ],
61 silly audit   'is-number': [ '7.0.0' ],
61 silly audit   'is-number-object': [ '1.1.1' ],
61 silly audit   'is-path-inside': [ '3.0.3' ],
61 silly audit   'is-property': [ '1.0.2' ],
61 silly audit   'is-regex': [ '1.2.1' ],
61 silly audit   'is-set': [ '2.0.3' ],
61 silly audit   'is-shared-array-buffer': [ '1.0.4' ],
61 silly audit   'is-string': [ '1.1.1' ],
61 silly audit   'is-symbol': [ '1.1.1' ],
61 silly audit   'is-typed-array': [ '1.1.15' ],
61 silly audit   'is-weakmap': [ '2.0.2' ],
61 silly audit   'is-weakref': [ '1.1.1' ],
61 silly audit   'is-weakset': [ '2.0.4' ],
61 silly audit   isarray: [ '2.0.5' ],
61 silly audit   isexe: [ '2.0.0' ],
61 silly audit   'iterator.prototype': [ '1.1.5' ],
61 silly audit   jackspeak: [ '2.3.6' ],
61 silly audit   'js-tokens': [ '4.0.0' ],
61 silly audit   'js-yaml': [ '4.1.1' ],
61 silly audit   'json-buffer': [ '3.0.1' ],
61 silly audit   'json-schema-traverse': [ '0.4.1' ],
61 silly audit   'json-stable-stringify-without-jsonify': [ '1.0.1' ],
61 silly audit   json5: [ '1.0.2' ],
61 silly audit   'jsx-ast-utils': [ '3.3.5' ],
61 silly audit   keyv: [ '4.5.4' ],
61 silly audit   'language-subtag-registry': [ '0.3.23' ],
61 silly audit   'language-tags': [ '1.0.9' ],
61 silly audit   levn: [ '0.4.1' ],
61 silly audit   'lines-and-columns': [ '1.2.4' ],
61 silly audit   'locate-path': [ '6.0.0' ],
61 silly audit   lodash: [ '4.17.21' ],
61 silly audit   'lodash.merge': [ '4.6.2' ],
61 silly audit   long: [ '5.3.2' ],
61 silly audit   'loose-envify': [ '1.4.0' ],
61 silly audit   'lru-cache': [ '10.4.3' ],
61 silly audit   'lru.min': [ '1.1.4' ],
61 silly audit   'lucide-react': [ '0.575.0' ],
61 silly audit   'math-intrinsics': [ '1.1.0' ],
61 silly audit   merge2: [ '1.4.1' ],
61 silly audit   micromatch: [ '4.0.8' ],
61 silly audit   minimist: [ '1.2.8' ],
61 silly audit   minipass: [ '7.1.3' ],
61 silly audit   ms: [ '2.1.3' ],
61 silly audit   mysql2: [ '3.15.3' ],
61 silly audit   mz: [ '2.7.0' ],
61 silly audit   'named-placeholders': [ '1.1.6' ],
61 silly audit   nanoid: [ '3.3.11' ],
61 silly audit   'napi-postinstall': [ '0.3.4' ],
61 silly audit   'natural-compare': [ '1.4.0' ],
61 silly audit   next: [ '14.2.3' ],
61 silly audit   postcss: [ '8.4.31', '8.5.6' ],
61 silly audit   'node-exports-info': [ '1.6.0' ],
61 silly audit   'node-fetch-native': [ '1.6.7' ],
61 silly audit   'normalize-path': [ '3.0.0' ],
61 silly audit   nypm: [ '0.6.5' ],
61 silly audit   'object-assign': [ '4.1.1' ],
61 silly audit   'object-hash': [ '3.0.0' ],
61 silly audit   'object-inspect': [ '1.13.4' ],
61 silly audit   'object-keys': [ '1.1.1' ],
61 silly audit   'object.assign': [ '4.1.7' ],
61 silly audit   'object.entries': [ '1.1.9' ],
61 silly audit   'object.fromentries': [ '2.0.8' ],
61 silly audit   'object.groupby': [ '1.0.3' ],
61 silly audit   'object.values': [ '1.2.1' ],
61 silly audit   ohash: [ '2.0.11' ],
61 silly audit   once: [ '1.4.0' ],
61 silly audit   optionator: [ '0.9.4' ],
61 silly audit   'own-keys': [ '1.0.1' ],
61 silly audit   'p-limit': [ '3.1.0' ],
61 silly audit   'p-locate': [ '5.0.0' ],
61 silly audit   'parent-module': [ '1.0.1' ],
61 silly audit   'path-exists': [ '4.0.0' ],
61 silly audit   'path-is-absolute': [ '1.0.1' ],
61 silly audit   'path-key': [ '3.1.1' ],
61 silly audit   'path-parse': [ '1.0.7' ],
61 silly audit   'path-scurry': [ '1.11.1' ],
61 silly audit   'path-type': [ '4.0.0' ],
61 silly audit   pathe: [ '2.0.3' ],
61 silly audit   'perfect-debounce': [ '1.0.0' ],
61 silly audit   picocolors: [ '1.1.1' ],
61 silly audit   picomatch: [ '2.3.1', '4.0.3' ],
61 silly audit   pify: [ '2.3.0' ],
61 silly audit   pirates: [ '4.0.7' ],
61 silly audit   'pkg-types': [ '2.3.0' ],
61 silly audit   'possible-typed-array-names': [ '1.1.0' ],
61 silly audit   'postcss-import': [ '15.1.0' ],
61 silly audit   'postcss-js': [ '4.1.0' ],
61 silly audit   'postcss-load-config': [ '6.0.1' ],
61 silly audit   'postcss-nested': [ '6.2.0' ],
61 silly audit   'postcss-selector-parser': [ '6.1.2' ],
61 silly audit   'postcss-value-parser': [ '4.2.0' ],
61 silly audit   postgres: [ '3.4.7' ],
61 silly audit   'prelude-ls': [ '1.2.1' ],
61 silly audit   prisma: [ '7.4.1' ],
61 silly audit   'prop-types': [ '15.8.1' ],
61 silly audit   'proper-lockfile': [ '4.1.2' ],
61 silly audit   'signal-exit': [ '3.0.7', '4.1.0' ],
61 silly audit   punycode: [ '2.3.1' ],
61 silly audit   'pure-rand': [ '6.1.0' ],
61 silly audit   'queue-microtask': [ '1.2.3' ],
61 silly audit   rc9: [ '2.1.2' ],
61 silly audit   react: [ '18.3.1' ],
61 silly audit   'react-dom': [ '18.3.1' ],
61 silly audit   'react-is': [ '16.13.1' ],
61 silly audit   'react-remove-scroll': [ '2.7.2' ],
61 silly audit   'react-remove-scroll-bar': [ '2.3.8' ],
61 silly audit   'react-style-singleton': [ '2.2.3' ],
61 silly audit   'read-cache': [ '1.0.0' ],
61 silly audit   'reflect.getprototypeof': [ '1.0.10' ],
61 silly audit   'regexp-to-ast': [ '0.5.0' ],
61 silly audit   'regexp.prototype.flags': [ '1.5.4' ],
61 silly audit   remeda: [ '2.33.4' ],
61 silly audit   'resolve-from': [ '4.0.0' ],
61 silly audit   'resolve-pkg-maps': [ '1.0.0' ],
61 silly audit   retry: [ '0.12.0' ],
61 silly audit   reusify: [ '1.1.0' ],
61 silly audit   rimraf: [ '3.0.2' ],
61 silly audit   'run-parallel': [ '1.2.0' ],
61 silly audit   'safe-array-concat': [ '1.1.3' ],
61 silly audit   'safe-push-apply': [ '1.0.0' ],
61 silly audit   'safe-regex-test': [ '1.1.0' ],
61 silly audit   'safer-buffer': [ '2.1.2' ],
61 silly audit   scheduler: [ '0.23.2' ],
61 silly audit   'seq-queue': [ '0.0.5' ],
61 silly audit   'set-function-length': [ '1.2.2' ],
61 silly audit   'set-function-name': [ '2.0.2' ],
61 silly audit   'set-proto': [ '1.0.0' ],
61 silly audit   'shebang-command': [ '2.0.0' ],
61 silly audit   'shebang-regex': [ '3.0.0' ],
61 silly audit   'side-channel': [ '1.1.0' ],
61 silly audit   'side-channel-list': [ '1.0.0' ],
61 silly audit   'side-channel-map': [ '1.0.1' ],
61 silly audit   'side-channel-weakmap': [ '1.0.2' ],
61 silly audit   slash: [ '3.0.0' ],
61 silly audit   'source-map-js': [ '1.2.1' ],
61 silly audit   sqlstring: [ '2.3.3' ],
61 silly audit   'stable-hash': [ '0.0.5' ],
61 silly audit   'std-env': [ '3.10.0' ],
61 silly audit   'stop-iteration-iterator': [ '1.1.0' ],
61 silly audit   streamsearch: [ '1.1.0' ],
61 silly audit   'string-width': [ '5.1.2', '4.2.3' ],
61 silly audit   'string.prototype.includes': [ '2.0.1' ],
61 silly audit   'string.prototype.matchall': [ '4.0.12' ],
61 silly audit   'string.prototype.repeat': [ '1.0.0' ],
61 silly audit   'string.prototype.trim': [ '1.2.10' ],
61 silly audit   'string.prototype.trimend': [ '1.0.9' ],
61 silly audit   'string.prototype.trimstart': [ '1.0.8' ],
61 silly audit   'strip-bom': [ '3.0.0' ],
61 silly audit   'strip-json-comments': [ '3.1.1' ],
61 silly audit   'styled-jsx': [ '5.1.1' ],
61 silly audit   sucrase: [ '3.35.1' ],
61 silly audit   'supports-color': [ '7.2.0' ],
61 silly audit   'supports-preserve-symlinks-flag': [ '1.0.0' ],
61 silly audit   'tailwind-merge': [ '3.5.0' ],
61 silly audit   tailwindcss: [ '3.4.19' ],
61 silly audit   'tailwindcss-animate': [ '1.0.7' ],
61 silly audit   'text-table': [ '0.2.0' ],
61 silly audit   thenify: [ '3.3.1' ],
61 silly audit   'thenify-all': [ '1.6.0' ],
61 silly audit   tinyexec: [ '1.0.2' ],
61 silly audit   tinyglobby: [ '0.2.15' ],
61 silly audit   fdir: [ '6.5.0' ],
61 silly audit   'to-regex-range': [ '5.0.1' ],
61 silly audit   'ts-api-utils': [ '1.4.3' ],
61 silly audit   'ts-interface-checker': [ '0.1.13' ],
61 silly audit   'tsconfig-paths': [ '3.15.0' ],
61 silly audit   tslib: [ '2.8.1' ],
61 silly audit   'type-check': [ '0.4.0' ],
61 silly audit   'type-fest': [ '0.20.2' ],
61 silly audit   'typed-array-buffer': [ '1.0.3' ],
61 silly audit   'typed-array-byte-length': [ '1.0.3' ],
61 silly audit   'typed-array-byte-offset': [ '1.0.4' ],
61 silly audit   'typed-array-length': [ '1.0.7' ],
61 silly audit   typescript: [ '5.9.3' ],
61 silly audit   'unbox-primitive': [ '1.1.0' ],
61 silly audit   'undici-types': [ '6.21.0' ],
61 silly audit   'unrs-resolver': [ '1.11.1' ],
61 silly audit   'uri-js': [ '4.4.1' ],
61 silly audit   'use-callback-ref': [ '1.3.3' ],
61 silly audit   'use-sidecar': [ '1.1.3' ],
61 silly audit   'util-deprecate': [ '1.0.2' ],
61 silly audit   valibot: [ '1.2.0' ],
61 silly audit   which: [ '2.0.2' ],
61 silly audit   'which-boxed-primitive': [ '1.1.1' ],
61 silly audit   'which-builtin-type': [ '1.2.1' ],
61 silly audit   'which-collection': [ '1.0.2' ],
61 silly audit   'which-typed-array': [ '1.1.20' ],
61 silly audit   'word-wrap': [ '1.2.5' ],
61 silly audit   'wrap-ansi': [ '8.1.0', '7.0.0' ],
61 silly audit   wrappy: [ '1.0.2' ],
61 silly audit   'yocto-queue': [ '0.1.0' ],
61 silly audit   zeptomatch: [ '2.1.0' ],
61 silly audit   '@radix-ui/react-dialog': [ '1.1.15' ],
61 silly audit   '@radix-ui/react-presence': [ '1.1.5' ]
61 silly audit }
62 verbose reify failed optional dependency /Users/xfcc/Documents/trae_projects/JATLAS/node_modules/@unrs/resolver-binding-win32-x64-msvc
63 silly reify mark deleted [
63 silly reify   '/Users/xfcc/Documents/trae_projects/JATLAS/node_modules/@unrs/resolver-binding-win32-x64-msvc'
63 silly reify ]
64 verbose reify failed optional dependency /Users/xfcc/Documents/trae_projects/JATLAS/node_modules/@unrs/resolver-binding-win32-ia32-msvc
65 silly reify mark deleted [
65 silly reify   '/Users/xfcc/Documents/trae_projects/JATLAS/node_modules/@unrs/resolver-binding-win32-ia32-msvc'
65 silly reify ]
66 verbose reify failed optional dependency /Users/xfcc/Documents/trae_projects/JATLAS/node_modules/@unrs/resolver-binding-win32-arm64-msvc
67 silly reify mark deleted [
67 silly reify   '/Users/xfcc/Documents/trae_projects/JATLAS/node_modules/@unrs/resolver-binding-win32-arm64-msvc'
67 silly reify ]
68 verbose reify failed optional dependency /Users/xfcc/Documents/trae_projects/JATLAS/node_modules/@unrs/resolver-binding-wasm32-wasi
69 silly reify mark deleted [
69 silly reify   '/Users/xfcc/Documents/trae_projects/JATLAS/node_modules/@unrs/resolver-binding-wasm32-wasi'
69 silly reify ]
70 verbose reify failed optional dependency /Users/xfcc/Documents/trae_projects/JATLAS/node_modules/@napi-rs/wasm-runtime
71 silly reify mark deleted [
71 silly reify   '/Users/xfcc/Documents/trae_projects/JATLAS/node_modules/@napi-rs/wasm-runtime'
71 silly reify ]
72 verbose reify failed optional dependency /Users/xfcc/Documents/trae_projects/JATLAS/node_modules/@emnapi/core
73 silly reify mark deleted [
73 silly reify   '/Users/xfcc/Documents/trae_projects/JATLAS/node_modules/@emnapi/core'
73 silly reify ]
74 verbose reify failed optional dependency /Users/xfcc/Documents/trae_projects/JATLAS/node_modules/@emnapi/runtime
75 silly reify mark deleted [
75 silly reify   '/Users/xfcc/Documents/trae_projects/JATLAS/node_modules/@emnapi/runtime'
75 silly reify ]
76 verbose reify failed optional dependency /Users/xfcc/Documents/trae_projects/JATLAS/node_modules/@tybys/wasm-util
77 silly reify mark deleted [
77 silly reify   '/Users/xfcc/Documents/trae_projects/JATLAS/node_modules/@tybys/wasm-util'
77 silly reify ]
78 verbose reify failed optional dependency /Users/xfcc/Documents/trae_projects/JATLAS/node_modules/@emnapi/wasi-threads
79 silly reify mark deleted [
79 silly reify   '/Users/xfcc/Documents/trae_projects/JATLAS/node_modules/@emnapi/wasi-threads'
79 silly reify ]
80 verbose reify failed optional dependency /Users/xfcc/Documents/trae_projects/JATLAS/node_modules/@unrs/resolver-binding-linux-x64-musl
81 silly reify mark deleted [
81 silly reify   '/Users/xfcc/Documents/trae_projects/JATLAS/node_modules/@unrs/resolver-binding-linux-x64-musl'
81 silly reify ]
82 verbose reify failed optional dependency /Users/xfcc/Documents/trae_projects/JATLAS/node_modules/@unrs/resolver-binding-linux-x64-gnu
83 silly reify mark deleted [
83 silly reify   '/Users/xfcc/Documents/trae_projects/JATLAS/node_modules/@unrs/resolver-binding-linux-x64-gnu'
83 silly reify ]
84 verbose reify failed optional dependency /Users/xfcc/Documents/trae_projects/JATLAS/node_modules/@unrs/resolver-binding-linux-s390x-gnu
85 silly reify mark deleted [
85 silly reify   '/Users/xfcc/Documents/trae_projects/JATLAS/node_modules/@unrs/resolver-binding-linux-s390x-gnu'
85 silly reify ]
86 verbose reify failed optional dependency /Users/xfcc/Documents/trae_projects/JATLAS/node_modules/@unrs/resolver-binding-linux-riscv64-musl
87 silly reify mark deleted [
87 silly reify   '/Users/xfcc/Documents/trae_projects/JATLAS/node_modules/@unrs/resolver-binding-linux-riscv64-musl'
87 silly reify ]
88 verbose reify failed optional dependency /Users/xfcc/Documents/trae_projects/JATLAS/node_modules/@unrs/resolver-binding-linux-riscv64-gnu
89 silly reify mark deleted [
89 silly reify   '/Users/xfcc/Documents/trae_projects/JATLAS/node_modules/@unrs/resolver-binding-linux-riscv64-gnu'
89 silly reify ]
90 verbose reify failed optional dependency /Users/xfcc/Documents/trae_projects/JATLAS/node_modules/@unrs/resolver-binding-linux-ppc64-gnu
91 silly reify mark deleted [
91 silly reify   '/Users/xfcc/Documents/trae_projects/JATLAS/node_modules/@unrs/resolver-binding-linux-ppc64-gnu'
91 silly reify ]
92 verbose reify failed optional dependency /Users/xfcc/Documents/trae_projects/JATLAS/node_modules/@unrs/resolver-binding-linux-arm64-musl
93 silly reify mark deleted [
93 silly reify   '/Users/xfcc/Documents/trae_projects/JATLAS/node_modules/@unrs/resolver-binding-linux-arm64-musl'
93 silly reify ]
94 verbose reify failed optional dependency /Users/xfcc/Documents/trae_projects/JATLAS/node_modules/@unrs/resolver-binding-linux-arm64-gnu
95 silly reify mark deleted [
95 silly reify   '/Users/xfcc/Documents/trae_projects/JATLAS/node_modules/@unrs/resolver-binding-linux-arm64-gnu'
95 silly reify ]
96 verbose reify failed optional dependency /Users/xfcc/Documents/trae_projects/JATLAS/node_modules/@unrs/resolver-binding-linux-arm-musleabihf
97 silly reify mark deleted [
97 silly reify   '/Users/xfcc/Documents/trae_projects/JATLAS/node_modules/@unrs/resolver-binding-linux-arm-musleabihf'
97 silly reify ]
98 verbose reify failed optional dependency /Users/xfcc/Documents/trae_projects/JATLAS/node_modules/@unrs/resolver-binding-linux-arm-gnueabihf
99 silly reify mark deleted [
99 silly reify   '/Users/xfcc/Documents/trae_projects/JATLAS/node_modules/@unrs/resolver-binding-linux-arm-gnueabihf'
99 silly reify ]
100 verbose reify failed optional dependency /Users/xfcc/Documents/trae_projects/JATLAS/node_modules/@unrs/resolver-binding-freebsd-x64
101 silly reify mark deleted [
101 silly reify   '/Users/xfcc/Documents/trae_projects/JATLAS/node_modules/@unrs/resolver-binding-freebsd-x64'
101 silly reify ]
102 verbose reify failed optional dependency /Users/xfcc/Documents/trae_projects/JATLAS/node_modules/@unrs/resolver-binding-darwin-x64
103 silly reify mark deleted [
103 silly reify   '/Users/xfcc/Documents/trae_projects/JATLAS/node_modules/@unrs/resolver-binding-darwin-x64'
103 silly reify ]
104 verbose reify failed optional dependency /Users/xfcc/Documents/trae_projects/JATLAS/node_modules/@unrs/resolver-binding-android-arm64
105 silly reify mark deleted [
105 silly reify   '/Users/xfcc/Documents/trae_projects/JATLAS/node_modules/@unrs/resolver-binding-android-arm64'
105 silly reify ]
106 verbose reify failed optional dependency /Users/xfcc/Documents/trae_projects/JATLAS/node_modules/@unrs/resolver-binding-android-arm-eabi
107 silly reify mark deleted [
107 silly reify   '/Users/xfcc/Documents/trae_projects/JATLAS/node_modules/@unrs/resolver-binding-android-arm-eabi'
107 silly reify ]
108 verbose reify failed optional dependency /Users/xfcc/Documents/trae_projects/JATLAS/node_modules/@next/swc-win32-x64-msvc
109 silly reify mark deleted [
109 silly reify   '/Users/xfcc/Documents/trae_projects/JATLAS/node_modules/@next/swc-win32-x64-msvc'
109 silly reify ]
110 verbose reify failed optional dependency /Users/xfcc/Documents/trae_projects/JATLAS/node_modules/@next/swc-win32-ia32-msvc
111 silly reify mark deleted [
111 silly reify   '/Users/xfcc/Documents/trae_projects/JATLAS/node_modules/@next/swc-win32-ia32-msvc'
111 silly reify ]
112 verbose reify failed optional dependency /Users/xfcc/Documents/trae_projects/JATLAS/node_modules/@next/swc-win32-arm64-msvc
113 silly reify mark deleted [
113 silly reify   '/Users/xfcc/Documents/trae_projects/JATLAS/node_modules/@next/swc-win32-arm64-msvc'
113 silly reify ]
114 verbose reify failed optional dependency /Users/xfcc/Documents/trae_projects/JATLAS/node_modules/@next/swc-linux-x64-musl
115 silly reify mark deleted [
115 silly reify   '/Users/xfcc/Documents/trae_projects/JATLAS/node_modules/@next/swc-linux-x64-musl'
115 silly reify ]
116 verbose reify failed optional dependency /Users/xfcc/Documents/trae_projects/JATLAS/node_modules/@next/swc-linux-x64-gnu
117 silly reify mark deleted [
117 silly reify   '/Users/xfcc/Documents/trae_projects/JATLAS/node_modules/@next/swc-linux-x64-gnu'
117 silly reify ]
118 verbose reify failed optional dependency /Users/xfcc/Documents/trae_projects/JATLAS/node_modules/@next/swc-linux-arm64-musl
119 silly reify mark deleted [
119 silly reify   '/Users/xfcc/Documents/trae_projects/JATLAS/node_modules/@next/swc-linux-arm64-musl'
119 silly reify ]
120 verbose reify failed optional dependency /Users/xfcc/Documents/trae_projects/JATLAS/node_modules/@next/swc-linux-arm64-gnu
121 silly reify mark deleted [
121 silly reify   '/Users/xfcc/Documents/trae_projects/JATLAS/node_modules/@next/swc-linux-arm64-gnu'
121 silly reify ]
122 verbose reify failed optional dependency /Users/xfcc/Documents/trae_projects/JATLAS/node_modules/@next/swc-darwin-x64
123 silly reify mark deleted [
123 silly reify   '/Users/xfcc/Documents/trae_projects/JATLAS/node_modules/@next/swc-darwin-x64'
123 silly reify ]
124 http cache @radix-ui/react-presence@https://registry.npmjs.org/@radix-ui/react-presence/-/react-presence-1.1.5.tgz 0ms (cache hit)
125 http cache @radix-ui/react-dialog@https://registry.npmjs.org/@radix-ui/react-dialog/-/react-dialog-1.1.15.tgz 0ms (cache hit)
126 http cache @tybys/wasm-util@https://registry.npmjs.org/@tybys/wasm-util/-/wasm-util-0.10.1.tgz 0ms (cache hit)
127 http cache @napi-rs/wasm-runtime@https://registry.npmjs.org/@napi-rs/wasm-runtime/-/wasm-runtime-0.2.12.tgz 0ms (cache hit)
128 http cache @emnapi/wasi-threads@https://registry.npmjs.org/@emnapi/wasi-threads/-/wasi-threads-1.1.0.tgz 0ms (cache hit)
129 http cache @emnapi/runtime@https://registry.npmjs.org/@emnapi/runtime/-/runtime-1.8.1.tgz 0ms (cache hit)
130 http cache @emnapi/core@https://registry.npmjs.org/@emnapi/core/-/core-1.8.1.tgz 0ms (cache hit)
131 http cache @radix-ui/react-slot@https://registry.npmjs.org/@radix-ui/react-slot/-/react-slot-1.2.3.tgz 0ms (cache hit)
132 silly tarball no local data for @radix-ui/react-presence@https://registry.npmjs.org/@radix-ui/react-presence/-/react-presence-1.1.5.tgz. Extracting by manifest.
133 silly tarball no local data for @radix-ui/react-dialog@https://registry.npmjs.org/@radix-ui/react-dialog/-/react-dialog-1.1.15.tgz. Extracting by manifest.
134 http fetch POST 200 https://registry.npmjs.org/-/npm/v1/security/advisories/bulk 196ms
135 silly audit report {
135 silly audit report   minimatch: [
135 silly audit report     {
135 silly audit report       id: 1113371,
135 silly audit report       url: 'https://github.com/advisories/GHSA-3ppc-4f35-3m26',
135 silly audit report       title: 'minimatch has a ReDoS via repeated wildcards with non-matching literal in pattern',
135 silly audit report       severity: 'high',
135 silly audit report       vulnerable_versions: '<10.2.1',
135 silly audit report       cwe: [Array],
135 silly audit report       cvss: [Object]
135 silly audit report     }
135 silly audit report   ],
135 silly audit report   glob: [
135 silly audit report     {
135 silly audit report       id: 1109842,
135 silly audit report       url: 'https://github.com/advisories/GHSA-5j98-mcp5-4vw2',
135 silly audit report       title: 'glob CLI: Command injection via -c/--cmd executes matches with shell:true',
135 silly audit report       severity: 'high',
135 silly audit report       vulnerable_versions: '>=10.2.0 <10.5.0',
135 silly audit report       cwe: [Array],
135 silly audit report       cvss: [Object]
135 silly audit report     }
135 silly audit report   ],
135 silly audit report   hono: [
135 silly audit report     {
135 silly audit report       id: 1112644,
135 silly audit report       url: 'https://github.com/advisories/GHSA-9r54-q6cx-xmh5',
135 silly audit report       title: 'Hono vulnerable to XSS through ErrorBoundary component ',
135 silly audit report       severity: 'moderate',
135 silly audit report       vulnerable_versions: '<4.11.7',
135 silly audit report       cwe: [Array],
135 silly audit report       cvss: [Object]
135 silly audit report     },
135 silly audit report     {
135 silly audit report       id: 1112677,
135 silly audit report       url: 'https://github.com/advisories/GHSA-6wqw-2p9w-4vw4',
135 silly audit report       title: 'Hono cache middleware ignores "Cache-Control: private" leading to Web Cache Deception',
135 silly audit report       severity: 'moderate',
135 silly audit report       vulnerable_versions: '<4.11.7',
135 silly audit report       cwe: [Array],
135 silly audit report       cvss: [Object]
135 silly audit report     },
135 silly audit report     {
135 silly audit report       id: 1112678,
135 silly audit report       url: 'https://github.com/advisories/GHSA-r354-f388-2fhh',
135 silly audit report       title: 'Hono IPv4 address validation bypass in IP Restriction Middleware allows IP spoofing',
135 silly audit report       severity: 'moderate',
135 silly audit report       vulnerable_versions: '<4.11.7',
135 silly audit report       cwe: [Array],
135 silly audit report       cvss: [Object]
135 silly audit report     },
135 silly audit report     {
135 silly audit report       id: 1112911,
135 silly audit report       url: 'https://github.com/advisories/GHSA-w332-q679-j88p',
135 silly audit report       title: 'Hono has an Arbitrary Key Read in Serve static Middleware (Cloudflare Workers Adapter)',
135 silly audit report       severity: 'moderate',
135 silly audit report       vulnerable_versions: '<4.11.7',
135 silly audit report       cwe: [Array],
135 silly audit report       cvss: [Object]
135 silly audit report     },
135 silly audit report     {
135 silly audit report       id: 1113311,
135 silly audit report       url: 'https://github.com/advisories/GHSA-gq3j-xvxp-8hrf',
135 silly audit report       title: 'Hono added timing comparison hardening in basicAuth and bearerAuth',
135 silly audit report       severity: 'low',
135 silly audit report       vulnerable_versions: '<4.11.10',
135 silly audit report       cwe: [Array],
135 silly audit report       cvss: [Object]
135 silly audit report     }
135 silly audit report   ],
135 silly audit report   lodash: [
135 silly audit report     {
135 silly audit report       id: 1112455,
135 silly audit report       url: 'https://github.com/advisories/GHSA-xxjr-mmjv-4gpg',
135 silly audit report       title: 'Lodash has Prototype Pollution Vulnerability in `_.unset` and `_.omit` functions',
135 silly audit report       severity: 'moderate',
135 silly audit report       vulnerable_versions: '>=4.0.0 <=4.17.22',
135 silly audit report       cwe: [Array],
135 silly audit report       cvss: [Object]
135 silly audit report     }
135 silly audit report   ],
135 silly audit report   next: [
135 silly audit report     {
135 silly audit report       id: 1099638,
135 silly audit report       url: 'https://github.com/advisories/GHSA-gp8f-8m3g-qvj9',
135 silly audit report       title: 'Next.js Cache Poisoning',
135 silly audit report       severity: 'high',
135 silly audit report       vulnerable_versions: '>=14.0.0 <14.2.10',
135 silly audit report       cwe: [Array],
135 silly audit report       cvss: [Object]
135 silly audit report     },
135 silly audit report     {
135 silly audit report       id: 1100421,
135 silly audit report       url: 'https://github.com/advisories/GHSA-g77x-44xx-532m',
135 silly audit report       title: 'Denial of Service condition in Next.js image optimization',
135 silly audit report       severity: 'moderate',
135 silly audit report       vulnerable_versions: '>=10.0.0 <14.2.7',
135 silly audit report       cwe: [Array],
135 silly audit report       cvss: [Object]
135 silly audit report     },
135 silly audit report     {
135 silly audit report       id: 1101438,
135 silly audit report       url: 'https://github.com/advisories/GHSA-7m27-7ghc-44w9',
135 silly audit report       title: 'Next.js Allows a Denial of Service (DoS) with Server Actions',
135 silly audit report       severity: 'moderate',
135 silly audit report       vulnerable_versions: '>=14.0.0 <14.2.21',
135 silly audit report       cwe: [Array],
135 silly audit report       cvss: [Object]
135 silly audit report     },
135 silly audit report     {
135 silly audit report       id: 1105461,
135 silly audit report       url: 'https://github.com/advisories/GHSA-3h52-269p-cp9r',
135 silly audit report       title: 'Information exposure in Next.js dev server due to lack of origin verification',
135 silly audit report       severity: 'low',
135 silly audit report       vulnerable_versions: '>=13.0 <14.2.30',
135 silly audit report       cwe: [Array],
135 silly audit report       cvss: [Object]
135 silly audit report     },
135 silly audit report     {
135 silly audit report       id: 1111391,
135 silly audit report       url: 'https://github.com/advisories/GHSA-mwv6-3258-q52c',
135 silly audit report       title: 'Next Vulnerable to Denial of Service with Server Components',
135 silly audit report       severity: 'high',
135 silly audit report       vulnerable_versions: '>=13.3.0 <14.2.34',
135 silly audit report       cwe: [Array],
135 silly audit report       cvss: [Object]
135 silly audit report     },
135 silly audit report     {
135 silly audit report       id: 1107226,
135 silly audit report       url: 'https://github.com/advisories/GHSA-g5qg-72qw-gw5v',
135 silly audit report       title: 'Next.js Affected by Cache Key Confusion for Image Optimization API Routes',
135 silly audit report       severity: 'moderate',
135 silly audit report       vulnerable_versions: '>=0.9.9 <14.2.31',
135 silly audit report       cwe: [Array],
135 silly audit report       cvss: [Object]
135 silly audit report     },
135 silly audit report     {
135 silly audit report       id: 1107420,
135 silly audit report       url: 'https://github.com/advisories/GHSA-7gfc-8cq8-jh5f',
135 silly audit report       title: 'Next.js authorization bypass vulnerability',
135 silly audit report       severity: 'high',
135 silly audit report       vulnerable_versions: '>=9.5.5 <14.2.15',
135 silly audit report       cwe: [Array],
135 silly audit report       cvss: [Object]
135 silly audit report     },
135 silly audit report     {
135 silly audit report       id: 1107512,
135 silly audit report       url: 'https://github.com/advisories/GHSA-4342-x723-ch2f',
135 silly audit report       title: 'Next.js Improper Middleware Redirect Handling Leads to SSRF',
135 silly audit report       severity: 'moderate',
135 silly audit report       vulnerable_versions: '>=0.9.9 <14.2.32',
135 silly audit report       cwe: [Array],
135 silly audit report       cvss: [Object]
135 silly audit report     },
135 silly audit report     {
135 silly audit report       id: 1107513,
135 silly audit report       url: 'https://github.com/advisories/GHSA-xv57-4mr9-wg8v',
135 silly audit report       title: 'Next.js Content Injection Vulnerability for Image Optimization',
135 silly audit report       severity: 'moderate',
135 silly audit report       vulnerable_versions: '>=0.9.9 <14.2.31',
135 silly audit report       cwe: [Array],
135 silly audit report       cvss: [Object]
135 silly audit report     },
135 silly audit report     {
135 silly audit report       id: 1112182,
135 silly audit report       url: 'https://github.com/advisories/GHSA-5j59-xgg2-r9c4',
135 silly audit report       title: 'Next has a Denial of Service with Server Components - Incomplete Fix Follow-Up',
135 silly audit report       severity: 'high',
135 silly audit report       vulnerable_versions: '>=13.3.1-canary.0 <14.2.35',
135 silly audit report       cwe: [Array],
135 silly audit report       cvss: [Object]
135 silly audit report     },
135 silly audit report     {
135 silly audit report       id: 1108291,
135 silly audit report       url: 'https://github.com/advisories/GHSA-qpjv-v59x-3qc4',
135 silly audit report       title: 'Next.js Race Condition to Cache Poisoning',
135 silly audit report       severity: 'low',
135 silly audit report       vulnerable_versions: '>=0.9.9 <14.2.24',
135 silly audit report       cwe: [Array],
135 silly audit report       cvss: [Object]
135 silly audit report     },
135 silly audit report     {
135 silly audit report       id: 1108953,
135 silly audit report       url: 'https://github.com/advisories/GHSA-f82v-jwr5-mffw',
135 silly audit report       title: 'Authorization Bypass in Next.js Middleware',
135 silly audit report       severity: 'critical',
135 silly audit report       vulnerable_versions: '>=14.0.0 <14.2.25',
135 silly audit report       cwe: [Array],
135 silly audit report       cvss: [Object]
135 silly audit report     },
135 silly audit report     {
135 silly audit report       id: 1112593,
135 silly audit report       url: 'https://github.com/advisories/GHSA-9g9p-9gw9-jx7f',
135 silly audit report       title: 'Next.js self-hosted applications vulnerable to DoS via Image Optimizer remotePatterns configuration',
135 silly audit report       severity: 'moderate',
135 silly audit report       vulnerable_versions: '>=10.0.0 <15.5.10',
135 silly audit report       cwe: [Array],
135 silly audit report       cvss: [Object]
135 silly audit report     },
135 silly audit report     {
135 silly audit report       id: 1112653,
135 silly audit report       url: 'https://github.com/advisories/GHSA-h25m-26qc-wcjf',
135 silly audit report       title: 'Next.js HTTP request deserialization can lead to DoS when using insecure React Server Components',
135 silly audit report       severity: 'high',
135 silly audit report       vulnerable_versions: '>=13.0.0 <15.0.8',
135 silly audit report       cwe: [Array],
135 silly audit report       cvss: [Object]
135 silly audit report     }
135 silly audit report   ]
135 silly audit report }
136 silly packumentCache corgi:https://registry.npmjs.org/minimatch cache-miss
137 silly packumentCache corgi:https://registry.npmjs.org/glob cache-miss
138 silly packumentCache corgi:https://registry.npmjs.org/hono cache-miss
139 silly packumentCache corgi:https://registry.npmjs.org/lodash cache-miss
140 silly packumentCache corgi:https://registry.npmjs.org/next cache-miss
141 http cache https://registry.npmjs.org/glob 17ms (cache hit)
142 silly packumentCache corgi:https://registry.npmjs.org/glob set size:199194 disposed:false
143 http cache https://registry.npmjs.org/minimatch 20ms (cache hit)
144 silly packumentCache corgi:https://registry.npmjs.org/minimatch set size:154574 disposed:false
145 http cache https://registry.npmjs.org/lodash 20ms (cache hit)
146 silly packumentCache corgi:https://registry.npmjs.org/lodash set size:68481 disposed:false
147 http cache https://registry.npmjs.org/hono 24ms (cache hit)
148 silly packumentCache corgi:https://registry.npmjs.org/hono set size:673654 disposed:false
149 http cache https://registry.npmjs.org/next 50ms (cache hit)
150 silly packumentCache corgi:https://registry.npmjs.org/next set size:23972795 disposed:false
151 silly packumentCache corgi:https://registry.npmjs.org/@typescript-eslint%2ftypescript-estree cache-miss
152 silly packumentCache corgi:https://registry.npmjs.org/@eslint%2feslintrc cache-miss
153 silly packumentCache corgi:https://registry.npmjs.org/@humanwhocodes%2fconfig-array cache-miss
154 silly packumentCache corgi:https://registry.npmjs.org/eslint cache-miss
155 silly packumentCache corgi:https://registry.npmjs.org/eslint-plugin-import cache-miss
156 silly packumentCache corgi:https://registry.npmjs.org/eslint-plugin-jsx-a11y cache-miss
157 silly packumentCache corgi:https://registry.npmjs.org/eslint-plugin-react cache-miss
158 http cache https://registry.npmjs.org/@humanwhocodes%2fconfig-array 11ms (cache hit)
159 silly packumentCache corgi:https://registry.npmjs.org/@humanwhocodes%2fconfig-array set size:69299 disposed:false
160 http cache https://registry.npmjs.org/@eslint%2feslintrc 12ms (cache hit)
161 silly packumentCache corgi:https://registry.npmjs.org/@eslint%2feslintrc set size:81979 disposed:false
162 http cache https://registry.npmjs.org/eslint-plugin-jsx-a11y 11ms (cache hit)
163 silly packumentCache corgi:https://registry.npmjs.org/eslint-plugin-jsx-a11y set size:108835 disposed:false
164 http cache https://registry.npmjs.org/@typescript-eslint%2ftypescript-estree 20ms (cache hit)
165 silly packumentCache corgi:https://registry.npmjs.org/@typescript-eslint%2ftypescript-estree set size:8501137 disposed:false
166 http cache https://registry.npmjs.org/eslint-plugin-import 78ms (cache hit)
167 silly packumentCache corgi:https://registry.npmjs.org/eslint-plugin-import set size:238396 disposed:false
168 http cache https://registry.npmjs.org/eslint-plugin-react 79ms (cache hit)
169 silly packumentCache corgi:https://registry.npmjs.org/eslint-plugin-react set size:309843 disposed:false
170 http cache https://registry.npmjs.org/eslint 82ms (cache hit)
171 silly packumentCache corgi:https://registry.npmjs.org/eslint set size:1135904 disposed:false
172 silly packumentCache corgi:https://registry.npmjs.org/@next%2feslint-plugin-next cache-miss
173 http cache https://registry.npmjs.org/@next%2feslint-plugin-next 5ms (cache hit)
174 silly packumentCache corgi:https://registry.npmjs.org/@next%2feslint-plugin-next set size:3112955 disposed:false
175 silly packumentCache corgi:https://registry.npmjs.org/@hono%2fnode-server cache-miss
176 silly packumentCache corgi:https://registry.npmjs.org/@prisma%2fdev cache-miss
177 http cache https://registry.npmjs.org/@hono%2fnode-server 5ms (cache hit)
178 silly packumentCache corgi:https://registry.npmjs.org/@hono%2fnode-server set size:79772 disposed:false
179 http cache https://registry.npmjs.org/@prisma%2fdev 7ms (cache hit)
180 silly packumentCache corgi:https://registry.npmjs.org/@prisma%2fdev set size:941438 disposed:false
181 silly packumentCache corgi:https://registry.npmjs.org/@chevrotain%2fcst-dts-gen cache-miss
182 silly packumentCache corgi:https://registry.npmjs.org/@chevrotain%2fgast cache-miss
183 silly packumentCache corgi:https://registry.npmjs.org/chevrotain cache-miss
184 http cache https://registry.npmjs.org/@chevrotain%2fcst-dts-gen 2ms (cache hit)
185 silly packumentCache corgi:https://registry.npmjs.org/@chevrotain%2fcst-dts-gen set size:22393 disposed:false
186 http cache https://registry.npmjs.org/@chevrotain%2fgast 3ms (cache hit)
187 silly packumentCache corgi:https://registry.npmjs.org/@chevrotain%2fgast set size:18423 disposed:false
188 http cache https://registry.npmjs.org/chevrotain 3ms (cache hit)
189 silly packumentCache corgi:https://registry.npmjs.org/chevrotain set size:270686 disposed:false
190 silly packumentCache corgi:https://registry.npmjs.org/rimraf cache-miss
191 http cache https://registry.npmjs.org/rimraf 4ms (cache hit)
192 silly packumentCache corgi:https://registry.npmjs.org/rimraf set size:87794 disposed:false
193 silly packumentCache corgi:https://registry.npmjs.org/eslint-config-next cache-miss
194 http cache https://registry.npmjs.org/eslint-config-next 7ms (cache hit)
195 silly packumentCache corgi:https://registry.npmjs.org/eslint-config-next set size:3716836 disposed:false
196 silly packumentCache corgi:https://registry.npmjs.org/@typescript-eslint%2fparser cache-miss
197 http cache https://registry.npmjs.org/@typescript-eslint%2fparser 13ms (cache hit)
198 silly packumentCache corgi:https://registry.npmjs.org/@typescript-eslint%2fparser set size:7899390 disposed:false
199 silly packumentCache corgi:https://registry.npmjs.org/eslint-import-resolver-typescript cache-miss
200 http cache https://registry.npmjs.org/eslint-import-resolver-typescript 16ms (cache hit)
201 silly packumentCache corgi:https://registry.npmjs.org/eslint-import-resolver-typescript set size:138502 disposed:false
202 silly packumentCache corgi:https://registry.npmjs.org/@eslint-community%2feslint-utils cache-miss
203 silly packumentCache corgi:https://registry.npmjs.org/eslint-plugin-react-hooks cache-miss
204 http cache https://registry.npmjs.org/@eslint-community%2feslint-utils 64ms (cache hit)
205 silly packumentCache corgi:https://registry.npmjs.org/@eslint-community%2feslint-utils set size:44347 disposed:false
206 http cache https://registry.npmjs.org/eslint-plugin-react-hooks 68ms (cache hit)
207 silly packumentCache corgi:https://registry.npmjs.org/eslint-plugin-react-hooks set size:4052651 disposed:false
208 silly packumentCache corgi:https://registry.npmjs.org/prisma cache-miss
209 http fetch GET 200 https://registry.npmjs.org/@radix-ui/react-presence/-/react-presence-1.1.5.tgz 1102ms (cache miss)
210 http cache https://registry.npmjs.org/prisma 28ms (cache hit)
211 silly packumentCache corgi:https://registry.npmjs.org/prisma set size:22503456 disposed:false
212 silly packumentCache corgi:https://registry.npmjs.org/@mrleebo%2fprisma-ast cache-miss
213 http fetch GET 200 https://registry.npmjs.org/@radix-ui/react-dialog/-/react-dialog-1.1.15.tgz 1322ms (cache miss)
214 http cache https://registry.npmjs.org/@mrleebo%2fprisma-ast 5ms (cache hit)
215 silly packumentCache corgi:https://registry.npmjs.org/@mrleebo%2fprisma-ast set size:47236 disposed:false
216 silly packumentCache corgi:https://registry.npmjs.org/flat-cache cache-miss
217 http cache https://registry.npmjs.org/flat-cache 6ms (cache hit)
218 silly packumentCache corgi:https://registry.npmjs.org/flat-cache set size:48982 disposed:false
219 silly packumentCache corgi:https://registry.npmjs.org/@prisma%2fclient cache-miss
220 http cache https://registry.npmjs.org/@prisma%2fclient 114ms (cache hit)
221 silly packumentCache corgi:https://registry.npmjs.org/@prisma%2fclient set size:37328702 disposed:false
222 silly packumentCache corgi:https://registry.npmjs.org/file-entry-cache cache-miss
223 http cache https://registry.npmjs.org/file-entry-cache 3ms (cache hit)
224 silly packumentCache corgi:https://registry.npmjs.org/file-entry-cache set size:38971 disposed:false
225 silly ADD node_modules/@radix-ui/react-presence
226 silly ADD node_modules/@radix-ui/react-dialog
227 silly ADD node_modules/@radix-ui/react-dialog/node_modules/@radix-ui/react-slot
228 silly ADD
229 silly ADD
230 silly ADD
231 silly ADD
232 silly ADD
233 silly ADD
234 silly ADD
235 silly ADD
236 silly ADD
237 silly ADD
238 silly ADD
239 silly ADD
240 silly ADD
241 silly ADD
242 silly ADD
243 silly ADD
244 silly ADD
245 silly ADD
246 silly ADD
247 silly ADD
248 silly ADD
249 silly ADD
250 silly ADD
251 silly ADD
252 silly ADD
253 silly ADD
254 silly ADD
255 silly ADD
256 silly ADD
257 silly ADD
258 silly ADD
259 verbose cwd /Users/xfcc/Documents/trae_projects/JATLAS
260 verbose os Darwin 25.3.0
261 verbose node v22.13.1
262 verbose npm  v11.2.0
263 verbose exit 0
264 info ok
