0 verbose cli /usr/local/bin/node /Users/xfcc/.npm-global/bin/npm
1 info using npm@11.2.0
2 info using node@v22.13.1
3 silly config load:file:/Users/xfcc/.npm-global/lib/node_modules/npm/npmrc
4 silly config load:file:/Users/xfcc/Documents/trae_projects/JATLAS/.npmrc
5 silly config load:file:/Users/xfcc/Documents/trae_projects/JATLAS/.npm/.user.npmrc
6 silly config load:file:/Users/xfcc/Documents/trae_projects/JATLAS/.npm/.global.npmrc
7 verbose title npm install @radix-ui/react-slot @radix-ui/react-alert-dialog
8 verbose argv "install" "@radix-ui/react-slot" "@radix-ui/react-alert-dialog"
9 verbose logfile logs-max:10 dir:/Users/xfcc/Documents/trae_projects/JATLAS/.npm/_logs/2026-02-24T10_06_51_791Z-
10 verbose logfile /Users/xfcc/Documents/trae_projects/JATLAS/.npm/_logs/2026-02-24T10_06_51_791Z-debug-0.log
11 silly logfile start cleaning logs, removing 1 files
12 silly packumentCache heap:4345298944 maxSize:1086324736 maxEntrySize:543162368
13 silly logfile done cleaning log files
14 silly idealTree buildDeps
15 silly fetch manifest @radix-ui/react-slot@^1.2.4
16 silly packumentCache full:https://registry.npmjs.org/@radix-ui%2freact-slot cache-miss
17 http cache https://registry.npmjs.org/@radix-ui%2freact-slot 50ms (cache hit)
18 silly packumentCache full:https://registry.npmjs.org/@radix-ui%2freact-slot set size:387271 disposed:false
19 silly fetch manifest @types/react@^18
20 silly packumentCache full:https://registry.npmjs.org/@types%2freact cache-miss
21 http cache https://registry.npmjs.org/@types%2freact 7ms (cache hit)
22 silly packumentCache full:https://registry.npmjs.org/@types%2freact set size:2588986 disposed:false
23 silly fetch manifest react@^18
24 silly packumentCache full:https://registry.npmjs.org/react cache-miss
25 http cache https://registry.npmjs.org/react 9ms (cache hit)
26 silly packumentCache full:https://registry.npmjs.org/react set size:6508025 disposed:false
27 silly fetch manifest @radix-ui/react-alert-dialog@*
28 silly packumentCache full:https://registry.npmjs.org/@radix-ui%2freact-alert-dialog cache-miss
29 http fetch GET 200 https://registry.npmjs.org/@radix-ui%2freact-alert-dialog 1694ms (cache miss)
30 silly packumentCache full:https://registry.npmjs.org/@radix-ui%2freact-alert-dialog set size:undefined disposed:false
31 silly fetch manifest @types/react-dom@^18
32 silly packumentCache full:https://registry.npmjs.org/@types%2freact-dom cache-miss
33 http cache https://registry.npmjs.org/@types%2freact-dom 4ms (cache hit)
34 silly packumentCache full:https://registry.npmjs.org/@types%2freact-dom set size:429026 disposed:false
35 silly fetch manifest react-dom@^18
36 silly packumentCache full:https://registry.npmjs.org/react-dom cache-miss
37 http cache https://registry.npmjs.org/react-dom 14ms (cache hit)
38 silly packumentCache full:https://registry.npmjs.org/react-dom set size:8624335 disposed:false
39 silly placeDep ROOT @radix-ui/react-alert-dialog@1.1.15 OK for: jatlas@0.1.0 want: *
40 silly placeDep ROOT @radix-ui/react-slot@1.2.4 REPLACE for: jatlas@0.1.0 want: ^1.2.4
41 silly fetch manifest @radix-ui/react-slot@1.2.3
42 silly packumentCache full:https://registry.npmjs.org/@radix-ui%2freact-slot cache-hit
43 silly fetch manifest @types/react@*
44 silly packumentCache full:https://registry.npmjs.org/@types%2freact cache-miss
45 http cache https://registry.npmjs.org/@types%2freact 6ms (cache hit)
46 silly packumentCache full:https://registry.npmjs.org/@types%2freact set size:2588986 disposed:false
47 silly fetch manifest react@^16.8 || ^17.0 || ^18.0 || ^19.0 || ^19.0.0-rc
48 silly packumentCache full:https://registry.npmjs.org/react cache-miss
49 http cache https://registry.npmjs.org/react 8ms (cache hit)
50 silly packumentCache full:https://registry.npmjs.org/react set size:6508025 disposed:false
51 silly placeDep node_modules/@radix-ui/react-alert-dialog @radix-ui/react-slot@1.2.3 OK for: @radix-ui/react-alert-dialog@1.1.15 want: 1.2.3
52 silly reify moves {}
53 silly audit bulk request {
53 silly audit   '@alloc/quick-lru': [ '5.2.0' ],
53 silly audit   '@chevrotain/cst-dts-gen': [ '10.5.0' ],
53 silly audit   '@chevrotain/gast': [ '10.5.0' ],
53 silly audit   '@chevrotain/types': [ '10.5.0' ],
53 silly audit   '@chevrotain/utils': [ '10.5.0' ],
53 silly audit   '@electric-sql/pglite': [ '0.3.15' ],
53 silly audit   '@electric-sql/pglite-socket': [ '0.0.20' ],
53 silly audit   '@electric-sql/pglite-tools': [ '0.2.20' ],
53 silly audit   '@emnapi/core': [ '1.8.1' ],
53 silly audit   '@emnapi/runtime': [ '1.8.1' ],
53 silly audit   '@emnapi/wasi-threads': [ '1.1.0' ],
53 silly audit   '@eslint-community/eslint-utils': [ '4.9.1' ],
53 silly audit   '@eslint-community/regexpp': [ '4.12.2' ],
53 silly audit   '@eslint/eslintrc': [ '2.1.4' ],
53 silly audit   '@eslint/js': [ '8.57.1' ],
53 silly audit   '@floating-ui/core': [ '1.7.4' ],
53 silly audit   '@floating-ui/dom': [ '1.7.5' ],
53 silly audit   '@floating-ui/react-dom': [ '2.1.7' ],
53 silly audit   '@floating-ui/utils': [ '0.2.10' ],
53 silly audit   '@hono/node-server': [ '1.19.9' ],
53 silly audit   '@humanwhocodes/config-array': [ '0.13.0' ],
53 silly audit   '@humanwhocodes/module-importer': [ '1.0.1' ],
53 silly audit   '@humanwhocodes/object-schema': [ '2.0.3' ],
53 silly audit   '@isaacs/cliui': [ '8.0.2' ],
53 silly audit   'ansi-regex': [ '6.2.2', '5.0.1' ],
53 silly audit   'strip-ansi': [ '7.1.2', '6.0.1' ],
53 silly audit   '@jridgewell/gen-mapping': [ '0.3.13' ],
53 silly audit   '@jridgewell/resolve-uri': [ '3.1.2' ],
53 silly audit   '@jridgewell/sourcemap-codec': [ '1.5.5' ],
53 silly audit   '@jridgewell/trace-mapping': [ '0.3.31' ],
53 silly audit   '@mrleebo/prisma-ast': [ '0.13.1' ],
53 silly audit   lilconfig: [ '2.1.0', '3.1.3' ],
53 silly audit   '@napi-rs/wasm-runtime': [ '0.2.12' ],
53 silly audit   '@next/env': [ '14.2.3' ],
53 silly audit   '@next/eslint-plugin-next': [ '14.2.3' ],
53 silly audit   '@next/swc-darwin-arm64': [ '14.2.3' ],
53 silly audit   '@next/swc-darwin-x64': [ '14.2.3' ],
53 silly audit   '@next/swc-linux-arm64-gnu': [ '14.2.3' ],
53 silly audit   '@next/swc-linux-arm64-musl': [ '14.2.3' ],
53 silly audit   '@next/swc-linux-x64-gnu': [ '14.2.3' ],
53 silly audit   '@next/swc-linux-x64-musl': [ '14.2.3' ],
53 silly audit   '@next/swc-win32-arm64-msvc': [ '14.2.3' ],
53 silly audit   '@next/swc-win32-ia32-msvc': [ '14.2.3' ],
53 silly audit   '@next/swc-win32-x64-msvc': [ '14.2.3' ],
53 silly audit   '@nodelib/fs.scandir': [ '2.1.5' ],
53 silly audit   '@nodelib/fs.stat': [ '2.0.5' ],
53 silly audit   '@nodelib/fs.walk': [ '1.2.8' ],
53 silly audit   '@nolyfill/is-core-module': [ '1.0.39' ],
53 silly audit   '@pkgjs/parseargs': [ '0.11.0' ],
53 silly audit   '@prisma/client': [ '7.4.1' ],
53 silly audit   '@prisma/client-runtime-utils': [ '7.4.1' ],
53 silly audit   '@prisma/config': [ '7.4.1' ],
53 silly audit   '@prisma/debug': [ '7.4.1', '7.2.0' ],
53 silly audit   '@prisma/dev': [ '0.20.0' ],
53 silly audit   '@prisma/engines': [ '7.4.1' ],
53 silly audit   '@prisma/engines-version': [ '7.5.0-4.55ae170b1ced7fc6ed07a15f110549408c501bb3' ],
53 silly audit   '@prisma/get-platform': [ '7.4.1', '7.2.0' ],
53 silly audit   '@prisma/fetch-engine': [ '7.4.1' ],
53 silly audit   '@prisma/query-plan-executor': [ '7.2.0' ],
53 silly audit   '@prisma/studio-core': [ '0.13.1' ],
53 silly audit   '@radix-ui/number': [ '1.1.1' ],
53 silly audit   '@radix-ui/primitive': [ '1.1.3' ],
53 silly audit   '@radix-ui/react-arrow': [ '1.1.7' ],
53 silly audit   '@radix-ui/react-collection': [ '1.1.7' ],
53 silly audit   '@radix-ui/react-slot': [ '1.2.3', '1.2.4' ],
53 silly audit   '@radix-ui/react-compose-refs': [ '1.1.2' ],
53 silly audit   '@radix-ui/react-context': [ '1.1.2' ],
53 silly audit   '@radix-ui/react-dialog': [ '1.1.15' ],
53 silly audit   '@radix-ui/react-direction': [ '1.1.1' ],
53 silly audit   '@radix-ui/react-dismissable-layer': [ '1.1.11' ],
53 silly audit   '@radix-ui/react-focus-guards': [ '1.1.3' ],
53 silly audit   '@radix-ui/react-focus-scope': [ '1.1.7' ],
53 silly audit   '@radix-ui/react-id': [ '1.1.1' ],
53 silly audit   '@radix-ui/react-label': [ '2.1.8' ],
53 silly audit   '@radix-ui/react-primitive': [ '2.1.4', '2.1.3' ],
53 silly audit   '@radix-ui/react-popper': [ '1.2.8' ],
53 silly audit   '@radix-ui/react-portal': [ '1.1.9' ],
53 silly audit   '@radix-ui/react-presence': [ '1.1.5' ],
53 silly audit   '@radix-ui/react-select': [ '2.2.6' ],
53 silly audit   '@radix-ui/react-use-callback-ref': [ '1.1.1' ],
53 silly audit   '@radix-ui/react-use-controllable-state': [ '1.2.2' ],
53 silly audit   '@radix-ui/react-use-effect-event': [ '0.0.2' ],
53 silly audit   '@radix-ui/react-use-escape-keydown': [ '1.1.1' ],
53 silly audit   '@radix-ui/react-use-layout-effect': [ '1.1.1' ],
53 silly audit   '@radix-ui/react-use-previous': [ '1.1.1' ],
53 silly audit   '@radix-ui/react-use-rect': [ '1.1.1' ],
53 silly audit   '@radix-ui/react-use-size': [ '1.1.1' ],
53 silly audit   '@radix-ui/react-visually-hidden': [ '1.2.3' ],
53 silly audit   '@radix-ui/rect': [ '1.1.1' ],
53 silly audit   '@rtsao/scc': [ '1.1.0' ],
53 silly audit   '@rushstack/eslint-patch': [ '1.16.1' ],
53 silly audit   '@standard-schema/spec': [ '1.1.0' ],
53 silly audit   '@swc/counter': [ '0.1.3' ],
53 silly audit   '@swc/helpers': [ '0.5.5' ],
53 silly audit   '@tybys/wasm-util': [ '0.10.1' ],
53 silly audit   '@types/json5': [ '0.0.29' ],
53 silly audit   '@types/node': [ '20.19.33' ],
53 silly audit   '@types/prop-types': [ '15.7.15' ],
53 silly audit   '@types/react': [ '18.3.28' ],
53 silly audit   '@types/react-dom': [ '18.3.7' ],
53 silly audit   '@typescript-eslint/parser': [ '7.2.0' ],
53 silly audit   '@typescript-eslint/scope-manager': [ '7.2.0' ],
53 silly audit   '@typescript-eslint/types': [ '7.2.0' ],
53 silly audit   '@typescript-eslint/typescript-estree': [ '7.2.0' ],
53 silly audit   'brace-expansion': [ '2.0.2', '1.1.12', '5.0.3' ],
53 silly audit   minimatch: [ '9.0.3', '9.0.6', '3.1.3' ],
53 silly audit   '@typescript-eslint/visitor-keys': [ '7.2.0' ],
53 silly audit   '@ungap/structured-clone': [ '1.3.0' ],
53 silly audit   '@unrs/resolver-binding-android-arm-eabi': [ '1.11.1' ],
53 silly audit   '@unrs/resolver-binding-android-arm64': [ '1.11.1' ],
53 silly audit   '@unrs/resolver-binding-darwin-arm64': [ '1.11.1' ],
53 silly audit   '@unrs/resolver-binding-darwin-x64': [ '1.11.1' ],
53 silly audit   '@unrs/resolver-binding-freebsd-x64': [ '1.11.1' ],
53 silly audit   '@unrs/resolver-binding-linux-arm-gnueabihf': [ '1.11.1' ],
53 silly audit   '@unrs/resolver-binding-linux-arm-musleabihf': [ '1.11.1' ],
53 silly audit   '@unrs/resolver-binding-linux-arm64-gnu': [ '1.11.1' ],
53 silly audit   '@unrs/resolver-binding-linux-arm64-musl': [ '1.11.1' ],
53 silly audit   '@unrs/resolver-binding-linux-ppc64-gnu': [ '1.11.1' ],
53 silly audit   '@unrs/resolver-binding-linux-riscv64-gnu': [ '1.11.1' ],
53 silly audit   '@unrs/resolver-binding-linux-riscv64-musl': [ '1.11.1' ],
53 silly audit   '@unrs/resolver-binding-linux-s390x-gnu': [ '1.11.1' ],
53 silly audit   '@unrs/resolver-binding-linux-x64-gnu': [ '1.11.1' ],
53 silly audit   '@unrs/resolver-binding-linux-x64-musl': [ '1.11.1' ],
53 silly audit   '@unrs/resolver-binding-wasm32-wasi': [ '1.11.1' ],
53 silly audit   '@unrs/resolver-binding-win32-arm64-msvc': [ '1.11.1' ],
53 silly audit   '@unrs/resolver-binding-win32-ia32-msvc': [ '1.11.1' ],
53 silly audit   '@unrs/resolver-binding-win32-x64-msvc': [ '1.11.1' ],
53 silly audit   acorn: [ '8.16.0' ],
53 silly audit   'acorn-jsx': [ '5.3.2' ],
53 silly audit   ajv: [ '6.14.0' ],
53 silly audit   'ansi-styles': [ '4.3.0', '6.2.3' ],
53 silly audit   'any-promise': [ '1.3.0' ],
53 silly audit   anymatch: [ '3.1.3' ],
53 silly audit   arg: [ '5.0.2' ],
53 silly audit   argparse: [ '2.0.1' ],
53 silly audit   'aria-hidden': [ '1.2.6' ],
53 silly audit   'aria-query': [ '5.3.2' ],
53 silly audit   'array-buffer-byte-length': [ '1.0.2' ],
53 silly audit   'array-includes': [ '3.1.9' ],
53 silly audit   'array-union': [ '2.1.0' ],
53 silly audit   'array.prototype.findlast': [ '1.2.5' ],
53 silly audit   'array.prototype.findlastindex': [ '1.2.6' ],
53 silly audit   'array.prototype.flat': [ '1.3.3' ],
53 silly audit   'array.prototype.flatmap': [ '1.3.3' ],
53 silly audit   'array.prototype.tosorted': [ '1.1.4' ],
53 silly audit   'arraybuffer.prototype.slice': [ '1.0.4' ],
53 silly audit   'ast-types-flow': [ '0.0.8' ],
53 silly audit   'async-function': [ '1.0.0' ],
53 silly audit   'available-typed-arrays': [ '1.0.7' ],
53 silly audit   'aws-ssl-profiles': [ '1.1.2' ],
53 silly audit   'axe-core': [ '4.11.1' ],
53 silly audit   'axobject-query': [ '4.1.0' ],
53 silly audit   'balanced-match': [ '1.0.2', '4.0.4' ],
53 silly audit   'binary-extensions': [ '2.3.0' ],
53 silly audit   braces: [ '3.0.3' ],
53 silly audit   busboy: [ '1.6.0' ],
53 silly audit   c12: [ '3.1.0' ],
53 silly audit   chokidar: [ '4.0.3', '3.6.0' ],
53 silly audit   jiti: [ '2.6.1', '1.21.7' ],
53 silly audit   readdirp: [ '4.1.2', '3.6.0' ],
53 silly audit   'call-bind': [ '1.0.8' ],
53 silly audit   'call-bind-apply-helpers': [ '1.0.2' ],
53 silly audit   'call-bound': [ '1.0.4' ],
53 silly audit   callsites: [ '3.1.0' ],
53 silly audit   'camelcase-css': [ '2.0.1' ],
53 silly audit   'caniuse-lite': [ '1.0.30001774' ],
53 silly audit   chalk: [ '4.1.2' ],
53 silly audit   chevrotain: [ '10.5.0' ],
53 silly audit   'glob-parent': [ '5.1.2', '6.0.2' ],
53 silly audit   citty: [ '0.1.6', '0.2.1' ],
53 silly audit   'class-variance-authority': [ '0.7.1' ],
53 silly audit   'client-only': [ '0.0.1' ],
53 silly audit   clsx: [ '2.1.1' ],
53 silly audit   'color-convert': [ '2.0.1' ],
53 silly audit   'color-name': [ '1.1.4' ],
53 silly audit   commander: [ '4.1.1' ],
53 silly audit   'concat-map': [ '0.0.1' ],
53 silly audit   confbox: [ '0.2.4' ],
53 silly audit   consola: [ '3.4.2' ],
53 silly audit   'cross-spawn': [ '7.0.6' ],
53 silly audit   cssesc: [ '3.0.0' ],
53 silly audit   csstype: [ '3.2.3' ],
53 silly audit   'damerau-levenshtein': [ '1.0.8' ],
53 silly audit   'data-view-buffer': [ '1.0.2' ],
53 silly audit   'data-view-byte-length': [ '1.0.2' ],
53 silly audit   'data-view-byte-offset': [ '1.0.1' ],
53 silly audit   debug: [ '4.4.3', '3.2.7' ],
53 silly audit   'deep-is': [ '0.1.4' ],
53 silly audit   'deepmerge-ts': [ '7.1.5' ],
53 silly audit   'define-data-property': [ '1.1.4' ],
53 silly audit   'define-properties': [ '1.2.1' ],
53 silly audit   defu: [ '6.1.4' ],
53 silly audit   denque: [ '2.1.0' ],
53 silly audit   destr: [ '2.0.5' ],
53 silly audit   'detect-node-es': [ '1.1.0' ],
53 silly audit   didyoumean: [ '1.2.2' ],
53 silly audit   'dir-glob': [ '3.0.1' ],
53 silly audit   dlv: [ '1.1.3' ],
53 silly audit   doctrine: [ '3.0.0', '2.1.0' ],
53 silly audit   dotenv: [ '16.6.1' ],
53 silly audit   'dunder-proto': [ '1.0.1' ],
53 silly audit   eastasianwidth: [ '0.2.0' ],
53 silly audit   effect: [ '3.18.4' ],
53 silly audit   'emoji-regex': [ '9.2.2', '8.0.0' ],
53 silly audit   empathic: [ '2.0.0' ],
53 silly audit   'es-abstract': [ '1.24.1' ],
53 silly audit   'es-define-property': [ '1.0.1' ],
53 silly audit   'es-errors': [ '1.3.0' ],
53 silly audit   'es-iterator-helpers': [ '1.2.2' ],
53 silly audit   'es-object-atoms': [ '1.1.1' ],
53 silly audit   'es-set-tostringtag': [ '2.1.0' ],
53 silly audit   'es-shim-unscopables': [ '1.1.0' ],
53 silly audit   'es-to-primitive': [ '1.3.0' ],
53 silly audit   'escape-string-regexp': [ '4.0.0' ],
53 silly audit   eslint: [ '8.57.1' ],
53 silly audit   'eslint-config-next': [ '14.2.3' ],
53 silly audit   'eslint-import-resolver-node': [ '0.3.9' ],
53 silly audit   'eslint-import-resolver-typescript': [ '3.10.1' ],
53 silly audit   'eslint-module-utils': [ '2.12.1' ],
53 silly audit   'eslint-plugin-import': [ '2.32.0' ],
53 silly audit   semver: [ '6.3.1', '7.7.4' ],
53 silly audit   'eslint-plugin-jsx-a11y': [ '6.10.2' ],
53 silly audit   'eslint-plugin-react': [ '7.37.5' ],
53 silly audit   'eslint-plugin-react-hooks': [ '5.0.0-canary-7118f5dd7-20230705' ],
53 silly audit   resolve: [ '2.0.0-next.6', '1.22.11' ],
53 silly audit   'eslint-scope': [ '7.2.2' ],
53 silly audit   'eslint-visitor-keys': [ '3.4.3' ],
53 silly audit   espree: [ '9.6.1' ],
53 silly audit   esquery: [ '1.7.0' ],
53 silly audit   esrecurse: [ '4.3.0' ],
53 silly audit   estraverse: [ '5.3.0' ],
53 silly audit   esutils: [ '2.0.3' ],
53 silly audit   exsolve: [ '1.0.8' ],
53 silly audit   'fast-check': [ '3.23.2' ],
53 silly audit   'fast-deep-equal': [ '3.1.3' ],
53 silly audit   'fast-glob': [ '3.3.3' ],
53 silly audit   'fast-json-stable-stringify': [ '2.1.0' ],
53 silly audit   'fast-levenshtein': [ '2.0.6' ],
53 silly audit   fastq: [ '1.20.1' ],
53 silly audit   'file-entry-cache': [ '6.0.1' ],
53 silly audit   'fill-range': [ '7.1.1' ],
53 silly audit   'find-up': [ '5.0.0' ],
53 silly audit   'flat-cache': [ '3.2.0' ],
53 silly audit   flatted: [ '3.3.3' ],
53 silly audit   'for-each': [ '0.3.5' ],
53 silly audit   'foreground-child': [ '3.3.1' ],
53 silly audit   'fs.realpath': [ '1.0.0' ],
53 silly audit   fsevents: [ '2.3.3' ],
53 silly audit   'function-bind': [ '1.1.2' ],
53 silly audit   'function.prototype.name': [ '1.1.8' ],
53 silly audit   'functions-have-names': [ '1.2.3' ],
53 silly audit   'generate-function': [ '2.3.1' ],
53 silly audit   'generator-function': [ '2.0.1' ],
53 silly audit   'get-intrinsic': [ '1.3.0' ],
53 silly audit   'get-nonce': [ '1.0.1' ],
53 silly audit   'get-port-please': [ '3.2.0' ],
53 silly audit   'get-proto': [ '1.0.1' ],
53 silly audit   'get-symbol-description': [ '1.1.0' ],
53 silly audit   'get-tsconfig': [ '4.13.6' ],
53 silly audit   giget: [ '2.0.0' ],
53 silly audit   glob: [ '10.3.10', '7.2.3' ],
53 silly audit   globals: [ '13.24.0' ],
53 silly audit   globalthis: [ '1.0.4' ],
53 silly audit   globby: [ '11.1.0' ],
53 silly audit   gopd: [ '1.2.0' ],
53 silly audit   'graceful-fs': [ '4.2.11' ],
53 silly audit   grammex: [ '3.1.12' ],
53 silly audit   graphemer: [ '1.4.0' ],
53 silly audit   graphmatch: [ '1.1.1' ],
53 silly audit   'has-bigints': [ '1.1.0' ],
53 silly audit   'has-flag': [ '4.0.0' ],
53 silly audit   'has-property-descriptors': [ '1.0.2' ],
53 silly audit   'has-proto': [ '1.2.0' ],
53 silly audit   'has-symbols': [ '1.1.0' ],
53 silly audit   'has-tostringtag': [ '1.0.2' ],
53 silly audit   hasown: [ '2.0.2' ],
53 silly audit   hono: [ '4.11.4' ],
53 silly audit   'http-status-codes': [ '2.3.0' ],
53 silly audit   'iconv-lite': [ '0.7.2' ],
53 silly audit   ignore: [ '5.3.2' ],
53 silly audit   'import-fresh': [ '3.3.1' ],
53 silly audit   imurmurhash: [ '0.1.4' ],
53 silly audit   inflight: [ '1.0.6' ],
53 silly audit   inherits: [ '2.0.4' ],
53 silly audit   'internal-slot': [ '1.1.0' ],
53 silly audit   'is-array-buffer': [ '3.0.5' ],
53 silly audit   'is-async-function': [ '2.1.1' ],
53 silly audit   'is-bigint': [ '1.1.0' ],
53 silly audit   'is-binary-path': [ '2.1.0' ],
53 silly audit   'is-boolean-object': [ '1.2.2' ],
53 silly audit   'is-bun-module': [ '2.0.0' ],
53 silly audit   'is-callable': [ '1.2.7' ],
53 silly audit   'is-core-module': [ '2.16.1' ],
53 silly audit   'is-data-view': [ '1.0.2' ],
53 silly audit   'is-date-object': [ '1.1.0' ],
53 silly audit   'is-extglob': [ '2.1.1' ],
53 silly audit   'is-finalizationregistry': [ '1.1.1' ],
53 silly audit   'is-fullwidth-code-point': [ '3.0.0' ],
53 silly audit   'is-generator-function': [ '1.1.2' ],
53 silly audit   'is-glob': [ '4.0.3' ],
53 silly audit   'is-map': [ '2.0.3' ],
53 silly audit   'is-negative-zero': [ '2.0.3' ],
53 silly audit   'is-number': [ '7.0.0' ],
53 silly audit   'is-number-object': [ '1.1.1' ],
53 silly audit   'is-path-inside': [ '3.0.3' ],
53 silly audit   'is-property': [ '1.0.2' ],
53 silly audit   'is-regex': [ '1.2.1' ],
53 silly audit   'is-set': [ '2.0.3' ],
53 silly audit   'is-shared-array-buffer': [ '1.0.4' ],
53 silly audit   'is-string': [ '1.1.1' ],
53 silly audit   'is-symbol': [ '1.1.1' ],
53 silly audit   'is-typed-array': [ '1.1.15' ],
53 silly audit   'is-weakmap': [ '2.0.2' ],
53 silly audit   'is-weakref': [ '1.1.1' ],
53 silly audit   'is-weakset': [ '2.0.4' ],
53 silly audit   isarray: [ '2.0.5' ],
53 silly audit   isexe: [ '2.0.0' ],
53 silly audit   'iterator.prototype': [ '1.1.5' ],
53 silly audit   jackspeak: [ '2.3.6' ],
53 silly audit   'js-tokens': [ '4.0.0' ],
53 silly audit   'js-yaml': [ '4.1.1' ],
53 silly audit   'json-buffer': [ '3.0.1' ],
53 silly audit   'json-schema-traverse': [ '0.4.1' ],
53 silly audit   'json-stable-stringify-without-jsonify': [ '1.0.1' ],
53 silly audit   json5: [ '1.0.2' ],
53 silly audit   'jsx-ast-utils': [ '3.3.5' ],
53 silly audit   keyv: [ '4.5.4' ],
53 silly audit   'language-subtag-registry': [ '0.3.23' ],
53 silly audit   'language-tags': [ '1.0.9' ],
53 silly audit   levn: [ '0.4.1' ],
53 silly audit   'lines-and-columns': [ '1.2.4' ],
53 silly audit   'locate-path': [ '6.0.0' ],
53 silly audit   lodash: [ '4.17.21' ],
53 silly audit   'lodash.merge': [ '4.6.2' ],
53 silly audit   long: [ '5.3.2' ],
53 silly audit   'loose-envify': [ '1.4.0' ],
53 silly audit   'lru-cache': [ '10.4.3' ],
53 silly audit   'lru.min': [ '1.1.4' ],
53 silly audit   'lucide-react': [ '0.575.0' ],
53 silly audit   'math-intrinsics': [ '1.1.0' ],
53 silly audit   merge2: [ '1.4.1' ],
53 silly audit   micromatch: [ '4.0.8' ],
53 silly audit   minimist: [ '1.2.8' ],
53 silly audit   minipass: [ '7.1.3' ],
53 silly audit   ms: [ '2.1.3' ],
53 silly audit   mysql2: [ '3.15.3' ],
53 silly audit   mz: [ '2.7.0' ],
53 silly audit   'named-placeholders': [ '1.1.6' ],
53 silly audit   nanoid: [ '3.3.11' ],
53 silly audit   'napi-postinstall': [ '0.3.4' ],
53 silly audit   'natural-compare': [ '1.4.0' ],
53 silly audit   next: [ '14.2.3' ],
53 silly audit   postcss: [ '8.4.31', '8.5.6' ],
53 silly audit   'node-exports-info': [ '1.6.0' ],
53 silly audit   'node-fetch-native': [ '1.6.7' ],
53 silly audit   'normalize-path': [ '3.0.0' ],
53 silly audit   nypm: [ '0.6.5' ],
53 silly audit   'object-assign': [ '4.1.1' ],
53 silly audit   'object-hash': [ '3.0.0' ],
53 silly audit   'object-inspect': [ '1.13.4' ],
53 silly audit   'object-keys': [ '1.1.1' ],
53 silly audit   'object.assign': [ '4.1.7' ],
53 silly audit   'object.entries': [ '1.1.9' ],
53 silly audit   'object.fromentries': [ '2.0.8' ],
53 silly audit   'object.groupby': [ '1.0.3' ],
53 silly audit   'object.values': [ '1.2.1' ],
53 silly audit   ohash: [ '2.0.11' ],
53 silly audit   once: [ '1.4.0' ],
53 silly audit   optionator: [ '0.9.4' ],
53 silly audit   'own-keys': [ '1.0.1' ],
53 silly audit   'p-limit': [ '3.1.0' ],
53 silly audit   'p-locate': [ '5.0.0' ],
53 silly audit   'parent-module': [ '1.0.1' ],
53 silly audit   'path-exists': [ '4.0.0' ],
53 silly audit   'path-is-absolute': [ '1.0.1' ],
53 silly audit   'path-key': [ '3.1.1' ],
53 silly audit   'path-parse': [ '1.0.7' ],
53 silly audit   'path-scurry': [ '1.11.1' ],
53 silly audit   'path-type': [ '4.0.0' ],
53 silly audit   pathe: [ '2.0.3' ],
53 silly audit   'perfect-debounce': [ '1.0.0' ],
53 silly audit   picocolors: [ '1.1.1' ],
53 silly audit   picomatch: [ '2.3.1', '4.0.3' ],
53 silly audit   pify: [ '2.3.0' ],
53 silly audit   pirates: [ '4.0.7' ],
53 silly audit   'pkg-types': [ '2.3.0' ],
53 silly audit   'possible-typed-array-names': [ '1.1.0' ],
53 silly audit   'postcss-import': [ '15.1.0' ],
53 silly audit   'postcss-js': [ '4.1.0' ],
53 silly audit   'postcss-load-config': [ '6.0.1' ],
53 silly audit   'postcss-nested': [ '6.2.0' ],
53 silly audit   'postcss-selector-parser': [ '6.1.2' ],
53 silly audit   'postcss-value-parser': [ '4.2.0' ],
53 silly audit   postgres: [ '3.4.7' ],
53 silly audit   'prelude-ls': [ '1.2.1' ],
53 silly audit   prisma: [ '7.4.1' ],
53 silly audit   'prop-types': [ '15.8.1' ],
53 silly audit   'proper-lockfile': [ '4.1.2' ],
53 silly audit   'signal-exit': [ '3.0.7', '4.1.0' ],
53 silly audit   punycode: [ '2.3.1' ],
53 silly audit   'pure-rand': [ '6.1.0' ],
53 silly audit   'queue-microtask': [ '1.2.3' ],
53 silly audit   rc9: [ '2.1.2' ],
53 silly audit   react: [ '18.3.1' ],
53 silly audit   'react-dom': [ '18.3.1' ],
53 silly audit   'react-is': [ '16.13.1' ],
53 silly audit   'react-remove-scroll': [ '2.7.2' ],
53 silly audit   'react-remove-scroll-bar': [ '2.3.8' ],
53 silly audit   'react-style-singleton': [ '2.2.3' ],
53 silly audit   'read-cache': [ '1.0.0' ],
53 silly audit   'reflect.getprototypeof': [ '1.0.10' ],
53 silly audit   'regexp-to-ast': [ '0.5.0' ],
53 silly audit   'regexp.prototype.flags': [ '1.5.4' ],
53 silly audit   remeda: [ '2.33.4' ],
53 silly audit   'resolve-from': [ '4.0.0' ],
53 silly audit   'resolve-pkg-maps': [ '1.0.0' ],
53 silly audit   retry: [ '0.12.0' ],
53 silly audit   reusify: [ '1.1.0' ],
53 silly audit   rimraf: [ '3.0.2' ],
53 silly audit   'run-parallel': [ '1.2.0' ],
53 silly audit   'safe-array-concat': [ '1.1.3' ],
53 silly audit   'safe-push-apply': [ '1.0.0' ],
53 silly audit   'safe-regex-test': [ '1.1.0' ],
53 silly audit   'safer-buffer': [ '2.1.2' ],
53 silly audit   scheduler: [ '0.23.2' ],
53 silly audit   'seq-queue': [ '0.0.5' ],
53 silly audit   'set-function-length': [ '1.2.2' ],
53 silly audit   'set-function-name': [ '2.0.2' ],
53 silly audit   'set-proto': [ '1.0.0' ],
53 silly audit   'shebang-command': [ '2.0.0' ],
53 silly audit   'shebang-regex': [ '3.0.0' ],
53 silly audit   'side-channel': [ '1.1.0' ],
53 silly audit   'side-channel-list': [ '1.0.0' ],
53 silly audit   'side-channel-map': [ '1.0.1' ],
53 silly audit   'side-channel-weakmap': [ '1.0.2' ],
53 silly audit   slash: [ '3.0.0' ],
53 silly audit   'source-map-js': [ '1.2.1' ],
53 silly audit   sqlstring: [ '2.3.3' ],
53 silly audit   'stable-hash': [ '0.0.5' ],
53 silly audit   'std-env': [ '3.10.0' ],
53 silly audit   'stop-iteration-iterator': [ '1.1.0' ],
53 silly audit   streamsearch: [ '1.1.0' ],
53 silly audit   'string-width': [ '5.1.2', '4.2.3' ],
53 silly audit   'string.prototype.includes': [ '2.0.1' ],
53 silly audit   'string.prototype.matchall': [ '4.0.12' ],
53 silly audit   'string.prototype.repeat': [ '1.0.0' ],
53 silly audit   'string.prototype.trim': [ '1.2.10' ],
53 silly audit   'string.prototype.trimend': [ '1.0.9' ],
53 silly audit   'string.prototype.trimstart': [ '1.0.8' ],
53 silly audit   'strip-bom': [ '3.0.0' ],
53 silly audit   'strip-json-comments': [ '3.1.1' ],
53 silly audit   'styled-jsx': [ '5.1.1' ],
53 silly audit   sucrase: [ '3.35.1' ],
53 silly audit   'supports-color': [ '7.2.0' ],
53 silly audit   'supports-preserve-symlinks-flag': [ '1.0.0' ],
53 silly audit   'tailwind-merge': [ '3.5.0' ],
53 silly audit   tailwindcss: [ '3.4.19' ],
53 silly audit   'tailwindcss-animate': [ '1.0.7' ],
53 silly audit   'text-table': [ '0.2.0' ],
53 silly audit   thenify: [ '3.3.1' ],
53 silly audit   'thenify-all': [ '1.6.0' ],
53 silly audit   tinyexec: [ '1.0.2' ],
53 silly audit   tinyglobby: [ '0.2.15' ],
53 silly audit   fdir: [ '6.5.0' ],
53 silly audit   'to-regex-range': [ '5.0.1' ],
53 silly audit   'ts-api-utils': [ '1.4.3' ],
53 silly audit   'ts-interface-checker': [ '0.1.13' ],
53 silly audit   'tsconfig-paths': [ '3.15.0' ],
53 silly audit   tslib: [ '2.8.1' ],
53 silly audit   'type-check': [ '0.4.0' ],
53 silly audit   'type-fest': [ '0.20.2' ],
53 silly audit   'typed-array-buffer': [ '1.0.3' ],
53 silly audit   'typed-array-byte-length': [ '1.0.3' ],
53 silly audit   'typed-array-byte-offset': [ '1.0.4' ],
53 silly audit   'typed-array-length': [ '1.0.7' ],
53 silly audit   typescript: [ '5.9.3' ],
53 silly audit   'unbox-primitive': [ '1.1.0' ],
53 silly audit   'undici-types': [ '6.21.0' ],
53 silly audit   'unrs-resolver': [ '1.11.1' ],
53 silly audit   'uri-js': [ '4.4.1' ],
53 silly audit   'use-callback-ref': [ '1.3.3' ],
53 silly audit   'use-sidecar': [ '1.1.3' ],
53 silly audit   'util-deprecate': [ '1.0.2' ],
53 silly audit   valibot: [ '1.2.0' ],
53 silly audit   which: [ '2.0.2' ],
53 silly audit   'which-boxed-primitive': [ '1.1.1' ],
53 silly audit   'which-builtin-type': [ '1.2.1' ],
53 silly audit   'which-collection': [ '1.0.2' ],
53 silly audit   'which-typed-array': [ '1.1.20' ],
53 silly audit   'word-wrap': [ '1.2.5' ],
53 silly audit   'wrap-ansi': [ '8.1.0', '7.0.0' ],
53 silly audit   wrappy: [ '1.0.2' ],
53 silly audit   'yocto-queue': [ '0.1.0' ],
53 silly audit   zeptomatch: [ '2.1.0' ],
53 silly audit   '@radix-ui/react-alert-dialog': [ '1.1.15' ]
53 silly audit }
54 verbose reify failed optional dependency /Users/xfcc/Documents/trae_projects/JATLAS/node_modules/@unrs/resolver-binding-win32-x64-msvc
55 silly reify mark deleted [
55 silly reify   '/Users/xfcc/Documents/trae_projects/JATLAS/node_modules/@unrs/resolver-binding-win32-x64-msvc'
55 silly reify ]
56 verbose reify failed optional dependency /Users/xfcc/Documents/trae_projects/JATLAS/node_modules/@unrs/resolver-binding-win32-ia32-msvc
57 silly reify mark deleted [
57 silly reify   '/Users/xfcc/Documents/trae_projects/JATLAS/node_modules/@unrs/resolver-binding-win32-ia32-msvc'
57 silly reify ]
58 verbose reify failed optional dependency /Users/xfcc/Documents/trae_projects/JATLAS/node_modules/@unrs/resolver-binding-win32-arm64-msvc
59 silly reify mark deleted [
59 silly reify   '/Users/xfcc/Documents/trae_projects/JATLAS/node_modules/@unrs/resolver-binding-win32-arm64-msvc'
59 silly reify ]
60 verbose reify failed optional dependency /Users/xfcc/Documents/trae_projects/JATLAS/node_modules/@unrs/resolver-binding-wasm32-wasi
61 silly reify mark deleted [
61 silly reify   '/Users/xfcc/Documents/trae_projects/JATLAS/node_modules/@unrs/resolver-binding-wasm32-wasi'
61 silly reify ]
62 verbose reify failed optional dependency /Users/xfcc/Documents/trae_projects/JATLAS/node_modules/@napi-rs/wasm-runtime
63 silly reify mark deleted [
63 silly reify   '/Users/xfcc/Documents/trae_projects/JATLAS/node_modules/@napi-rs/wasm-runtime'
63 silly reify ]
64 verbose reify failed optional dependency /Users/xfcc/Documents/trae_projects/JATLAS/node_modules/@emnapi/core
65 silly reify mark deleted [
65 silly reify   '/Users/xfcc/Documents/trae_projects/JATLAS/node_modules/@emnapi/core'
65 silly reify ]
66 verbose reify failed optional dependency /Users/xfcc/Documents/trae_projects/JATLAS/node_modules/@emnapi/runtime
67 silly reify mark deleted [
67 silly reify   '/Users/xfcc/Documents/trae_projects/JATLAS/node_modules/@emnapi/runtime'
67 silly reify ]
68 verbose reify failed optional dependency /Users/xfcc/Documents/trae_projects/JATLAS/node_modules/@tybys/wasm-util
69 silly reify mark deleted [
69 silly reify   '/Users/xfcc/Documents/trae_projects/JATLAS/node_modules/@tybys/wasm-util'
69 silly reify ]
70 verbose reify failed optional dependency /Users/xfcc/Documents/trae_projects/JATLAS/node_modules/@emnapi/wasi-threads
71 silly reify mark deleted [
71 silly reify   '/Users/xfcc/Documents/trae_projects/JATLAS/node_modules/@emnapi/wasi-threads'
71 silly reify ]
72 verbose reify failed optional dependency /Users/xfcc/Documents/trae_projects/JATLAS/node_modules/@unrs/resolver-binding-linux-x64-musl
73 silly reify mark deleted [
73 silly reify   '/Users/xfcc/Documents/trae_projects/JATLAS/node_modules/@unrs/resolver-binding-linux-x64-musl'
73 silly reify ]
74 verbose reify failed optional dependency /Users/xfcc/Documents/trae_projects/JATLAS/node_modules/@unrs/resolver-binding-linux-x64-gnu
75 silly reify mark deleted [
75 silly reify   '/Users/xfcc/Documents/trae_projects/JATLAS/node_modules/@unrs/resolver-binding-linux-x64-gnu'
75 silly reify ]
76 verbose reify failed optional dependency /Users/xfcc/Documents/trae_projects/JATLAS/node_modules/@unrs/resolver-binding-linux-s390x-gnu
77 silly reify mark deleted [
77 silly reify   '/Users/xfcc/Documents/trae_projects/JATLAS/node_modules/@unrs/resolver-binding-linux-s390x-gnu'
77 silly reify ]
78 verbose reify failed optional dependency /Users/xfcc/Documents/trae_projects/JATLAS/node_modules/@unrs/resolver-binding-linux-riscv64-musl
79 silly reify mark deleted [
79 silly reify   '/Users/xfcc/Documents/trae_projects/JATLAS/node_modules/@unrs/resolver-binding-linux-riscv64-musl'
79 silly reify ]
80 verbose reify failed optional dependency /Users/xfcc/Documents/trae_projects/JATLAS/node_modules/@unrs/resolver-binding-linux-riscv64-gnu
81 silly reify mark deleted [
81 silly reify   '/Users/xfcc/Documents/trae_projects/JATLAS/node_modules/@unrs/resolver-binding-linux-riscv64-gnu'
81 silly reify ]
82 verbose reify failed optional dependency /Users/xfcc/Documents/trae_projects/JATLAS/node_modules/@unrs/resolver-binding-linux-ppc64-gnu
83 silly reify mark deleted [
83 silly reify   '/Users/xfcc/Documents/trae_projects/JATLAS/node_modules/@unrs/resolver-binding-linux-ppc64-gnu'
83 silly reify ]
84 verbose reify failed optional dependency /Users/xfcc/Documents/trae_projects/JATLAS/node_modules/@unrs/resolver-binding-linux-arm64-musl
85 silly reify mark deleted [
85 silly reify   '/Users/xfcc/Documents/trae_projects/JATLAS/node_modules/@unrs/resolver-binding-linux-arm64-musl'
85 silly reify ]
86 verbose reify failed optional dependency /Users/xfcc/Documents/trae_projects/JATLAS/node_modules/@unrs/resolver-binding-linux-arm64-gnu
87 silly reify mark deleted [
87 silly reify   '/Users/xfcc/Documents/trae_projects/JATLAS/node_modules/@unrs/resolver-binding-linux-arm64-gnu'
87 silly reify ]
88 verbose reify failed optional dependency /Users/xfcc/Documents/trae_projects/JATLAS/node_modules/@unrs/resolver-binding-linux-arm-musleabihf
89 silly reify mark deleted [
89 silly reify   '/Users/xfcc/Documents/trae_projects/JATLAS/node_modules/@unrs/resolver-binding-linux-arm-musleabihf'
89 silly reify ]
90 verbose reify failed optional dependency /Users/xfcc/Documents/trae_projects/JATLAS/node_modules/@unrs/resolver-binding-linux-arm-gnueabihf
91 silly reify mark deleted [
91 silly reify   '/Users/xfcc/Documents/trae_projects/JATLAS/node_modules/@unrs/resolver-binding-linux-arm-gnueabihf'
91 silly reify ]
92 verbose reify failed optional dependency /Users/xfcc/Documents/trae_projects/JATLAS/node_modules/@unrs/resolver-binding-freebsd-x64
93 silly reify mark deleted [
93 silly reify   '/Users/xfcc/Documents/trae_projects/JATLAS/node_modules/@unrs/resolver-binding-freebsd-x64'
93 silly reify ]
94 verbose reify failed optional dependency /Users/xfcc/Documents/trae_projects/JATLAS/node_modules/@unrs/resolver-binding-darwin-x64
95 silly reify mark deleted [
95 silly reify   '/Users/xfcc/Documents/trae_projects/JATLAS/node_modules/@unrs/resolver-binding-darwin-x64'
95 silly reify ]
96 verbose reify failed optional dependency /Users/xfcc/Documents/trae_projects/JATLAS/node_modules/@unrs/resolver-binding-android-arm64
97 silly reify mark deleted [
97 silly reify   '/Users/xfcc/Documents/trae_projects/JATLAS/node_modules/@unrs/resolver-binding-android-arm64'
97 silly reify ]
98 verbose reify failed optional dependency /Users/xfcc/Documents/trae_projects/JATLAS/node_modules/@unrs/resolver-binding-android-arm-eabi
99 silly reify mark deleted [
99 silly reify   '/Users/xfcc/Documents/trae_projects/JATLAS/node_modules/@unrs/resolver-binding-android-arm-eabi'
99 silly reify ]
100 verbose reify failed optional dependency /Users/xfcc/Documents/trae_projects/JATLAS/node_modules/@next/swc-win32-x64-msvc
101 silly reify mark deleted [
101 silly reify   '/Users/xfcc/Documents/trae_projects/JATLAS/node_modules/@next/swc-win32-x64-msvc'
101 silly reify ]
102 verbose reify failed optional dependency /Users/xfcc/Documents/trae_projects/JATLAS/node_modules/@next/swc-win32-ia32-msvc
103 silly reify mark deleted [
103 silly reify   '/Users/xfcc/Documents/trae_projects/JATLAS/node_modules/@next/swc-win32-ia32-msvc'
103 silly reify ]
104 verbose reify failed optional dependency /Users/xfcc/Documents/trae_projects/JATLAS/node_modules/@next/swc-win32-arm64-msvc
105 silly reify mark deleted [
105 silly reify   '/Users/xfcc/Documents/trae_projects/JATLAS/node_modules/@next/swc-win32-arm64-msvc'
105 silly reify ]
106 verbose reify failed optional dependency /Users/xfcc/Documents/trae_projects/JATLAS/node_modules/@next/swc-linux-x64-musl
107 silly reify mark deleted [
107 silly reify   '/Users/xfcc/Documents/trae_projects/JATLAS/node_modules/@next/swc-linux-x64-musl'
107 silly reify ]
108 verbose reify failed optional dependency /Users/xfcc/Documents/trae_projects/JATLAS/node_modules/@next/swc-linux-x64-gnu
109 silly reify mark deleted [
109 silly reify   '/Users/xfcc/Documents/trae_projects/JATLAS/node_modules/@next/swc-linux-x64-gnu'
109 silly reify ]
110 verbose reify failed optional dependency /Users/xfcc/Documents/trae_projects/JATLAS/node_modules/@next/swc-linux-arm64-musl
111 silly reify mark deleted [
111 silly reify   '/Users/xfcc/Documents/trae_projects/JATLAS/node_modules/@next/swc-linux-arm64-musl'
111 silly reify ]
112 verbose reify failed optional dependency /Users/xfcc/Documents/trae_projects/JATLAS/node_modules/@next/swc-linux-arm64-gnu
113 silly reify mark deleted [
113 silly reify   '/Users/xfcc/Documents/trae_projects/JATLAS/node_modules/@next/swc-linux-arm64-gnu'
113 silly reify ]
114 verbose reify failed optional dependency /Users/xfcc/Documents/trae_projects/JATLAS/node_modules/@next/swc-darwin-x64
115 silly reify mark deleted [
115 silly reify   '/Users/xfcc/Documents/trae_projects/JATLAS/node_modules/@next/swc-darwin-x64'
115 silly reify ]
116 http cache @radix-ui/react-alert-dialog@https://registry.npmjs.org/@radix-ui/react-alert-dialog/-/react-alert-dialog-1.1.15.tgz 0ms (cache hit)
117 http cache @tybys/wasm-util@https://registry.npmjs.org/@tybys/wasm-util/-/wasm-util-0.10.1.tgz 0ms (cache hit)
118 http cache @emnapi/wasi-threads@https://registry.npmjs.org/@emnapi/wasi-threads/-/wasi-threads-1.1.0.tgz 0ms (cache hit)
119 http cache @napi-rs/wasm-runtime@https://registry.npmjs.org/@napi-rs/wasm-runtime/-/wasm-runtime-0.2.12.tgz 0ms (cache hit)
120 http cache @emnapi/core@https://registry.npmjs.org/@emnapi/core/-/core-1.8.1.tgz 1ms (cache hit)
121 http cache @emnapi/runtime@https://registry.npmjs.org/@emnapi/runtime/-/runtime-1.8.1.tgz 0ms (cache hit)
122 http cache @radix-ui/react-slot@https://registry.npmjs.org/@radix-ui/react-slot/-/react-slot-1.2.3.tgz 0ms (cache hit)
123 silly tarball no local data for @radix-ui/react-alert-dialog@https://registry.npmjs.org/@radix-ui/react-alert-dialog/-/react-alert-dialog-1.1.15.tgz. Extracting by manifest.
124 http fetch POST 200 https://registry.npmjs.org/-/npm/v1/security/advisories/bulk 282ms
125 silly audit report {
125 silly audit report   minimatch: [
125 silly audit report     {
125 silly audit report       id: 1113371,
125 silly audit report       url: 'https://github.com/advisories/GHSA-3ppc-4f35-3m26',
125 silly audit report       title: 'minimatch has a ReDoS via repeated wildcards with non-matching literal in pattern',
125 silly audit report       severity: 'high',
125 silly audit report       vulnerable_versions: '<10.2.1',
125 silly audit report       cwe: [Array],
125 silly audit report       cvss: [Object]
125 silly audit report     }
125 silly audit report   ],
125 silly audit report   glob: [
125 silly audit report     {
125 silly audit report       id: 1109842,
125 silly audit report       url: 'https://github.com/advisories/GHSA-5j98-mcp5-4vw2',
125 silly audit report       title: 'glob CLI: Command injection via -c/--cmd executes matches with shell:true',
125 silly audit report       severity: 'high',
125 silly audit report       vulnerable_versions: '>=10.2.0 <10.5.0',
125 silly audit report       cwe: [Array],
125 silly audit report       cvss: [Object]
125 silly audit report     }
125 silly audit report   ],
125 silly audit report   hono: [
125 silly audit report     {
125 silly audit report       id: 1112644,
125 silly audit report       url: 'https://github.com/advisories/GHSA-9r54-q6cx-xmh5',
125 silly audit report       title: 'Hono vulnerable to XSS through ErrorBoundary component ',
125 silly audit report       severity: 'moderate',
125 silly audit report       vulnerable_versions: '<4.11.7',
125 silly audit report       cwe: [Array],
125 silly audit report       cvss: [Object]
125 silly audit report     },
125 silly audit report     {
125 silly audit report       id: 1112677,
125 silly audit report       url: 'https://github.com/advisories/GHSA-6wqw-2p9w-4vw4',
125 silly audit report       title: 'Hono cache middleware ignores "Cache-Control: private" leading to Web Cache Deception',
125 silly audit report       severity: 'moderate',
125 silly audit report       vulnerable_versions: '<4.11.7',
125 silly audit report       cwe: [Array],
125 silly audit report       cvss: [Object]
125 silly audit report     },
125 silly audit report     {
125 silly audit report       id: 1112678,
125 silly audit report       url: 'https://github.com/advisories/GHSA-r354-f388-2fhh',
125 silly audit report       title: 'Hono IPv4 address validation bypass in IP Restriction Middleware allows IP spoofing',
125 silly audit report       severity: 'moderate',
125 silly audit report       vulnerable_versions: '<4.11.7',
125 silly audit report       cwe: [Array],
125 silly audit report       cvss: [Object]
125 silly audit report     },
125 silly audit report     {
125 silly audit report       id: 1112911,
125 silly audit report       url: 'https://github.com/advisories/GHSA-w332-q679-j88p',
125 silly audit report       title: 'Hono has an Arbitrary Key Read in Serve static Middleware (Cloudflare Workers Adapter)',
125 silly audit report       severity: 'moderate',
125 silly audit report       vulnerable_versions: '<4.11.7',
125 silly audit report       cwe: [Array],
125 silly audit report       cvss: [Object]
125 silly audit report     },
125 silly audit report     {
125 silly audit report       id: 1113311,
125 silly audit report       url: 'https://github.com/advisories/GHSA-gq3j-xvxp-8hrf',
125 silly audit report       title: 'Hono added timing comparison hardening in basicAuth and bearerAuth',
125 silly audit report       severity: 'low',
125 silly audit report       vulnerable_versions: '<4.11.10',
125 silly audit report       cwe: [Array],
125 silly audit report       cvss: [Object]
125 silly audit report     }
125 silly audit report   ],
125 silly audit report   lodash: [
125 silly audit report     {
125 silly audit report       id: 1112455,
125 silly audit report       url: 'https://github.com/advisories/GHSA-xxjr-mmjv-4gpg',
125 silly audit report       title: 'Lodash has Prototype Pollution Vulnerability in `_.unset` and `_.omit` functions',
125 silly audit report       severity: 'moderate',
125 silly audit report       vulnerable_versions: '>=4.0.0 <=4.17.22',
125 silly audit report       cwe: [Array],
125 silly audit report       cvss: [Object]
125 silly audit report     }
125 silly audit report   ],
125 silly audit report   next: [
125 silly audit report     {
125 silly audit report       id: 1099638,
125 silly audit report       url: 'https://github.com/advisories/GHSA-gp8f-8m3g-qvj9',
125 silly audit report       title: 'Next.js Cache Poisoning',
125 silly audit report       severity: 'high',
125 silly audit report       vulnerable_versions: '>=14.0.0 <14.2.10',
125 silly audit report       cwe: [Array],
125 silly audit report       cvss: [Object]
125 silly audit report     },
125 silly audit report     {
125 silly audit report       id: 1100421,
125 silly audit report       url: 'https://github.com/advisories/GHSA-g77x-44xx-532m',
125 silly audit report       title: 'Denial of Service condition in Next.js image optimization',
125 silly audit report       severity: 'moderate',
125 silly audit report       vulnerable_versions: '>=10.0.0 <14.2.7',
125 silly audit report       cwe: [Array],
125 silly audit report       cvss: [Object]
125 silly audit report     },
125 silly audit report     {
125 silly audit report       id: 1101438,
125 silly audit report       url: 'https://github.com/advisories/GHSA-7m27-7ghc-44w9',
125 silly audit report       title: 'Next.js Allows a Denial of Service (DoS) with Server Actions',
125 silly audit report       severity: 'moderate',
125 silly audit report       vulnerable_versions: '>=14.0.0 <14.2.21',
125 silly audit report       cwe: [Array],
125 silly audit report       cvss: [Object]
125 silly audit report     },
125 silly audit report     {
125 silly audit report       id: 1105461,
125 silly audit report       url: 'https://github.com/advisories/GHSA-3h52-269p-cp9r',
125 silly audit report       title: 'Information exposure in Next.js dev server due to lack of origin verification',
125 silly audit report       severity: 'low',
125 silly audit report       vulnerable_versions: '>=13.0 <14.2.30',
125 silly audit report       cwe: [Array],
125 silly audit report       cvss: [Object]
125 silly audit report     },
125 silly audit report     {
125 silly audit report       id: 1111391,
125 silly audit report       url: 'https://github.com/advisories/GHSA-mwv6-3258-q52c',
125 silly audit report       title: 'Next Vulnerable to Denial of Service with Server Components',
125 silly audit report       severity: 'high',
125 silly audit report       vulnerable_versions: '>=13.3.0 <14.2.34',
125 silly audit report       cwe: [Array],
125 silly audit report       cvss: [Object]
125 silly audit report     },
125 silly audit report     {
125 silly audit report       id: 1107226,
125 silly audit report       url: 'https://github.com/advisories/GHSA-g5qg-72qw-gw5v',
125 silly audit report       title: 'Next.js Affected by Cache Key Confusion for Image Optimization API Routes',
125 silly audit report       severity: 'moderate',
125 silly audit report       vulnerable_versions: '>=0.9.9 <14.2.31',
125 silly audit report       cwe: [Array],
125 silly audit report       cvss: [Object]
125 silly audit report     },
125 silly audit report     {
125 silly audit report       id: 1107420,
125 silly audit report       url: 'https://github.com/advisories/GHSA-7gfc-8cq8-jh5f',
125 silly audit report       title: 'Next.js authorization bypass vulnerability',
125 silly audit report       severity: 'high',
125 silly audit report       vulnerable_versions: '>=9.5.5 <14.2.15',
125 silly audit report       cwe: [Array],
125 silly audit report       cvss: [Object]
125 silly audit report     },
125 silly audit report     {
125 silly audit report       id: 1107512,
125 silly audit report       url: 'https://github.com/advisories/GHSA-4342-x723-ch2f',
125 silly audit report       title: 'Next.js Improper Middleware Redirect Handling Leads to SSRF',
125 silly audit report       severity: 'moderate',
125 silly audit report       vulnerable_versions: '>=0.9.9 <14.2.32',
125 silly audit report       cwe: [Array],
125 silly audit report       cvss: [Object]
125 silly audit report     },
125 silly audit report     {
125 silly audit report       id: 1107513,
125 silly audit report       url: 'https://github.com/advisories/GHSA-xv57-4mr9-wg8v',
125 silly audit report       title: 'Next.js Content Injection Vulnerability for Image Optimization',
125 silly audit report       severity: 'moderate',
125 silly audit report       vulnerable_versions: '>=0.9.9 <14.2.31',
125 silly audit report       cwe: [Array],
125 silly audit report       cvss: [Object]
125 silly audit report     },
125 silly audit report     {
125 silly audit report       id: 1112182,
125 silly audit report       url: 'https://github.com/advisories/GHSA-5j59-xgg2-r9c4',
125 silly audit report       title: 'Next has a Denial of Service with Server Components - Incomplete Fix Follow-Up',
125 silly audit report       severity: 'high',
125 silly audit report       vulnerable_versions: '>=13.3.1-canary.0 <14.2.35',
125 silly audit report       cwe: [Array],
125 silly audit report       cvss: [Object]
125 silly audit report     },
125 silly audit report     {
125 silly audit report       id: 1108291,
125 silly audit report       url: 'https://github.com/advisories/GHSA-qpjv-v59x-3qc4',
125 silly audit report       title: 'Next.js Race Condition to Cache Poisoning',
125 silly audit report       severity: 'low',
125 silly audit report       vulnerable_versions: '>=0.9.9 <14.2.24',
125 silly audit report       cwe: [Array],
125 silly audit report       cvss: [Object]
125 silly audit report     },
125 silly audit report     {
125 silly audit report       id: 1108953,
125 silly audit report       url: 'https://github.com/advisories/GHSA-f82v-jwr5-mffw',
125 silly audit report       title: 'Authorization Bypass in Next.js Middleware',
125 silly audit report       severity: 'critical',
125 silly audit report       vulnerable_versions: '>=14.0.0 <14.2.25',
125 silly audit report       cwe: [Array],
125 silly audit report       cvss: [Object]
125 silly audit report     },
125 silly audit report     {
125 silly audit report       id: 1112593,
125 silly audit report       url: 'https://github.com/advisories/GHSA-9g9p-9gw9-jx7f',
125 silly audit report       title: 'Next.js self-hosted applications vulnerable to DoS via Image Optimizer remotePatterns configuration',
125 silly audit report       severity: 'moderate',
125 silly audit report       vulnerable_versions: '>=10.0.0 <15.5.10',
125 silly audit report       cwe: [Array],
125 silly audit report       cvss: [Object]
125 silly audit report     },
125 silly audit report     {
125 silly audit report       id: 1112653,
125 silly audit report       url: 'https://github.com/advisories/GHSA-h25m-26qc-wcjf',
125 silly audit report       title: 'Next.js HTTP request deserialization can lead to DoS when using insecure React Server Components',
125 silly audit report       severity: 'high',
125 silly audit report       vulnerable_versions: '>=13.0.0 <15.0.8',
125 silly audit report       cwe: [Array],
125 silly audit report       cvss: [Object]
125 silly audit report     }
125 silly audit report   ]
125 silly audit report }
126 silly packumentCache corgi:https://registry.npmjs.org/minimatch cache-miss
127 silly packumentCache corgi:https://registry.npmjs.org/glob cache-miss
128 silly packumentCache corgi:https://registry.npmjs.org/hono cache-miss
129 silly packumentCache corgi:https://registry.npmjs.org/lodash cache-miss
130 silly packumentCache corgi:https://registry.npmjs.org/next cache-miss
131 http cache https://registry.npmjs.org/minimatch 15ms (cache hit)
132 silly packumentCache corgi:https://registry.npmjs.org/minimatch set size:154574 disposed:false
133 http cache https://registry.npmjs.org/hono 17ms (cache hit)
134 silly packumentCache corgi:https://registry.npmjs.org/hono set size:673654 disposed:false
135 http cache https://registry.npmjs.org/glob 25ms (cache hit)
136 silly packumentCache corgi:https://registry.npmjs.org/glob set size:199194 disposed:false
137 http cache https://registry.npmjs.org/lodash 27ms (cache hit)
138 silly packumentCache corgi:https://registry.npmjs.org/lodash set size:68481 disposed:false
139 http cache https://registry.npmjs.org/next 46ms (cache hit)
140 silly packumentCache corgi:https://registry.npmjs.org/next set size:23972795 disposed:false
141 silly packumentCache corgi:https://registry.npmjs.org/@typescript-eslint%2ftypescript-estree cache-miss
142 silly packumentCache corgi:https://registry.npmjs.org/@eslint%2feslintrc cache-miss
143 silly packumentCache corgi:https://registry.npmjs.org/@humanwhocodes%2fconfig-array cache-miss
144 silly packumentCache corgi:https://registry.npmjs.org/eslint cache-miss
145 silly packumentCache corgi:https://registry.npmjs.org/eslint-plugin-import cache-miss
146 silly packumentCache corgi:https://registry.npmjs.org/eslint-plugin-jsx-a11y cache-miss
147 silly packumentCache corgi:https://registry.npmjs.org/eslint-plugin-react cache-miss
148 http cache https://registry.npmjs.org/@eslint%2feslintrc 9ms (cache hit)
149 silly packumentCache corgi:https://registry.npmjs.org/@eslint%2feslintrc set size:81979 disposed:false
150 http cache https://registry.npmjs.org/eslint-plugin-import 10ms (cache hit)
151 silly packumentCache corgi:https://registry.npmjs.org/eslint-plugin-import set size:238396 disposed:false
152 http cache https://registry.npmjs.org/@humanwhocodes%2fconfig-array 11ms (cache hit)
153 silly packumentCache corgi:https://registry.npmjs.org/@humanwhocodes%2fconfig-array set size:69299 disposed:false
154 http cache https://registry.npmjs.org/eslint-plugin-react 12ms (cache hit)
155 silly packumentCache corgi:https://registry.npmjs.org/eslint-plugin-react set size:309843 disposed:false
156 http cache https://registry.npmjs.org/eslint-plugin-jsx-a11y 13ms (cache hit)
157 silly packumentCache corgi:https://registry.npmjs.org/eslint-plugin-jsx-a11y set size:108835 disposed:false
158 http cache https://registry.npmjs.org/@typescript-eslint%2ftypescript-estree 20ms (cache hit)
159 silly packumentCache corgi:https://registry.npmjs.org/@typescript-eslint%2ftypescript-estree set size:8501137 disposed:false
160 http cache https://registry.npmjs.org/eslint 80ms (cache hit)
161 silly packumentCache corgi:https://registry.npmjs.org/eslint set size:1135904 disposed:false
162 silly packumentCache corgi:https://registry.npmjs.org/@next%2feslint-plugin-next cache-miss
163 http cache https://registry.npmjs.org/@next%2feslint-plugin-next 6ms (cache hit)
164 silly packumentCache corgi:https://registry.npmjs.org/@next%2feslint-plugin-next set size:3112955 disposed:false
165 silly packumentCache corgi:https://registry.npmjs.org/@hono%2fnode-server cache-miss
166 silly packumentCache corgi:https://registry.npmjs.org/@prisma%2fdev cache-miss
167 http cache https://registry.npmjs.org/@hono%2fnode-server 5ms (cache hit)
168 silly packumentCache corgi:https://registry.npmjs.org/@hono%2fnode-server set size:79772 disposed:false
169 http cache https://registry.npmjs.org/@prisma%2fdev 7ms (cache hit)
170 silly packumentCache corgi:https://registry.npmjs.org/@prisma%2fdev set size:941438 disposed:false
171 silly packumentCache corgi:https://registry.npmjs.org/@chevrotain%2fcst-dts-gen cache-miss
172 silly packumentCache corgi:https://registry.npmjs.org/@chevrotain%2fgast cache-miss
173 silly packumentCache corgi:https://registry.npmjs.org/chevrotain cache-miss
174 http cache https://registry.npmjs.org/chevrotain 3ms (cache hit)
175 silly packumentCache corgi:https://registry.npmjs.org/chevrotain set size:270686 disposed:false
176 http cache https://registry.npmjs.org/@chevrotain%2fgast 5ms (cache hit)
177 silly packumentCache corgi:https://registry.npmjs.org/@chevrotain%2fgast set size:18423 disposed:false
178 http cache https://registry.npmjs.org/@chevrotain%2fcst-dts-gen 5ms (cache hit)
179 silly packumentCache corgi:https://registry.npmjs.org/@chevrotain%2fcst-dts-gen set size:22393 disposed:false
180 silly packumentCache corgi:https://registry.npmjs.org/rimraf cache-miss
181 http cache https://registry.npmjs.org/rimraf 2ms (cache hit)
182 silly packumentCache corgi:https://registry.npmjs.org/rimraf set size:87794 disposed:false
183 silly packumentCache corgi:https://registry.npmjs.org/eslint-config-next cache-miss
184 silly packumentCache corgi:https://registry.npmjs.org/eslint-import-resolver-typescript cache-miss
185 http cache https://registry.npmjs.org/eslint-import-resolver-typescript 3ms (cache hit)
186 silly packumentCache corgi:https://registry.npmjs.org/eslint-import-resolver-typescript set size:138502 disposed:false
187 http cache https://registry.npmjs.org/eslint-config-next 7ms (cache hit)
188 silly packumentCache corgi:https://registry.npmjs.org/eslint-config-next set size:3716836 disposed:false
189 silly packumentCache corgi:https://registry.npmjs.org/@typescript-eslint%2fparser cache-miss
190 http cache https://registry.npmjs.org/@typescript-eslint%2fparser 10ms (cache hit)
191 silly packumentCache corgi:https://registry.npmjs.org/@typescript-eslint%2fparser set size:7899390 disposed:false
192 silly packumentCache corgi:https://registry.npmjs.org/@eslint-community%2feslint-utils cache-miss
193 silly packumentCache corgi:https://registry.npmjs.org/eslint-plugin-react-hooks cache-miss
194 http cache https://registry.npmjs.org/@eslint-community%2feslint-utils 61ms (cache hit)
195 silly packumentCache corgi:https://registry.npmjs.org/@eslint-community%2feslint-utils set size:44347 disposed:false
196 http cache https://registry.npmjs.org/eslint-plugin-react-hooks 66ms (cache hit)
197 silly packumentCache corgi:https://registry.npmjs.org/eslint-plugin-react-hooks set size:4052651 disposed:false
198 silly packumentCache corgi:https://registry.npmjs.org/prisma cache-miss
199 http cache https://registry.npmjs.org/prisma 30ms (cache hit)
200 silly packumentCache corgi:https://registry.npmjs.org/prisma set size:22503456 disposed:false
201 silly packumentCache corgi:https://registry.npmjs.org/@mrleebo%2fprisma-ast cache-miss
202 http cache https://registry.npmjs.org/@mrleebo%2fprisma-ast 4ms (cache hit)
203 silly packumentCache corgi:https://registry.npmjs.org/@mrleebo%2fprisma-ast set size:47236 disposed:false
204 silly packumentCache corgi:https://registry.npmjs.org/flat-cache cache-miss
205 http cache https://registry.npmjs.org/flat-cache 2ms (cache hit)
206 silly packumentCache corgi:https://registry.npmjs.org/flat-cache set size:48982 disposed:false
207 silly packumentCache corgi:https://registry.npmjs.org/@prisma%2fclient cache-miss
208 http cache https://registry.npmjs.org/@prisma%2fclient 115ms (cache hit)
209 silly packumentCache corgi:https://registry.npmjs.org/@prisma%2fclient set size:37328702 disposed:false
210 silly packumentCache corgi:https://registry.npmjs.org/file-entry-cache cache-miss
211 http cache https://registry.npmjs.org/file-entry-cache 2ms (cache hit)
212 silly packumentCache corgi:https://registry.npmjs.org/file-entry-cache set size:38971 disposed:false
213 http fetch GET 200 https://registry.npmjs.org/@radix-ui/react-alert-dialog/-/react-alert-dialog-1.1.15.tgz 2077ms (cache miss)
214 silly ADD node_modules/@radix-ui/react-alert-dialog
215 silly ADD node_modules/@radix-ui/react-alert-dialog/node_modules/@radix-ui/react-slot
216 silly ADD
217 silly ADD
218 silly ADD
219 silly ADD
220 silly ADD
221 silly ADD
222 silly ADD
223 silly ADD
224 silly ADD
225 silly ADD
226 silly ADD
227 silly ADD
228 silly ADD
229 silly ADD
230 silly ADD
231 silly ADD
232 silly ADD
233 silly ADD
234 silly ADD
235 silly ADD
236 silly ADD
237 silly ADD
238 silly ADD
239 silly ADD
240 silly ADD
241 silly ADD
242 silly ADD
243 silly ADD
244 silly ADD
245 silly ADD
246 silly ADD
247 verbose cwd /Users/xfcc/Documents/trae_projects/JATLAS
248 verbose os Darwin 25.3.0
249 verbose node v22.13.1
250 verbose npm  v11.2.0
251 verbose exit 0
252 info ok
