0 verbose cli /usr/local/bin/node /Users/xfcc/.npm-global/bin/npm
1 info using npm@11.2.0
2 info using node@v22.13.1
3 silly config load:file:/Users/xfcc/.npm-global/lib/node_modules/npm/npmrc
4 silly config load:file:/Users/xfcc/Documents/trae_projects/JATLAS/.npmrc
5 silly config load:file:/Users/xfcc/Documents/trae_projects/JATLAS/.npm/.user.npmrc
6 silly config load:file:/Users/xfcc/Documents/trae_projects/JATLAS/.npm/.global.npmrc
7 verbose title npm install autoprefixer
8 verbose argv "install" "autoprefixer" "--save-dev" "--cache" "./.npm" "--userconfig" "./.npm/.user.npmrc" "--globalconfig" "./.npm/.global.npmrc"
9 verbose logfile logs-max:10 dir:/Users/xfcc/Documents/trae_projects/JATLAS/.npm/_logs/2026-02-24T10_13_38_344Z-
10 verbose logfile /Users/xfcc/Documents/trae_projects/JATLAS/.npm/_logs/2026-02-24T10_13_38_344Z-debug-0.log
11 silly logfile start cleaning logs, removing 1 files
12 silly packumentCache heap:4345298944 maxSize:1086324736 maxEntrySize:543162368
13 silly logfile done cleaning log files
14 silly idealTree buildDeps
15 silly fetch manifest autoprefixer@*
16 silly packumentCache full:https://registry.npmjs.org/autoprefixer cache-miss
17 http fetch GET 200 https://registry.npmjs.org/autoprefixer 848ms (cache miss)
18 silly packumentCache full:https://registry.npmjs.org/autoprefixer set size:undefined disposed:false
19 silly fetch manifest postcss@^8
20 silly packumentCache full:https://registry.npmjs.org/postcss cache-miss
21 http fetch GET 200 https://registry.npmjs.org/postcss 161ms (cache revalidated)
22 silly packumentCache full:https://registry.npmjs.org/postcss set size:696248 disposed:false
23 silly placeDep ROOT autoprefixer@10.4.24 OK for: jatlas@0.1.0 want: *
24 silly fetch manifest browserslist@^4.28.1
25 silly packumentCache full:https://registry.npmjs.org/browserslist cache-miss
26 silly fetch manifest fraction.js@^5.3.4
27 silly packumentCache full:https://registry.npmjs.org/fraction.js cache-miss
28 http fetch GET 200 https://registry.npmjs.org/fraction.js 172ms (cache miss)
29 silly packumentCache full:https://registry.npmjs.org/fraction.js set size:undefined disposed:false
30 http fetch GET 200 https://registry.npmjs.org/browserslist 754ms (cache revalidated)
31 silly packumentCache full:https://registry.npmjs.org/browserslist set size:502989 disposed:false
32 silly placeDep ROOT browserslist@4.28.1 OK for: autoprefixer@10.4.24 want: ^4.28.1
33 silly placeDep ROOT fraction.js@5.3.4 OK for: autoprefixer@10.4.24 want: ^5.3.4
34 silly fetch manifest baseline-browser-mapping@^2.9.0
35 silly packumentCache full:https://registry.npmjs.org/baseline-browser-mapping cache-miss
36 silly fetch manifest electron-to-chromium@^1.5.263
37 silly packumentCache full:https://registry.npmjs.org/electron-to-chromium cache-miss
38 silly fetch manifest node-releases@^2.0.27
39 silly packumentCache full:https://registry.npmjs.org/node-releases cache-miss
40 silly fetch manifest update-browserslist-db@^1.2.0
41 silly packumentCache full:https://registry.npmjs.org/update-browserslist-db cache-miss
42 http fetch GET 200 https://registry.npmjs.org/baseline-browser-mapping 153ms (cache revalidated)
43 silly packumentCache full:https://registry.npmjs.org/baseline-browser-mapping set size:393828 disposed:false
44 http fetch GET 200 https://registry.npmjs.org/node-releases 161ms (cache revalidated)
45 silly packumentCache full:https://registry.npmjs.org/node-releases set size:269192 disposed:false
46 http fetch GET 200 https://registry.npmjs.org/electron-to-chromium 636ms (cache revalidated)
47 silly packumentCache full:https://registry.npmjs.org/electron-to-chromium set size:4719879 disposed:false
48 http fetch GET 200 https://registry.npmjs.org/update-browserslist-db 679ms (cache revalidated)
49 silly packumentCache full:https://registry.npmjs.org/update-browserslist-db set size:62000 disposed:false
50 silly fetch manifest browserslist@>= 4.21.0
51 silly packumentCache full:https://registry.npmjs.org/browserslist cache-hit
52 silly placeDep ROOT baseline-browser-mapping@2.10.0 OK for: browserslist@4.28.1 want: ^2.9.0
53 silly placeDep ROOT electron-to-chromium@1.5.302 OK for: browserslist@4.28.1 want: ^1.5.263
54 silly placeDep ROOT node-releases@2.0.27 OK for: browserslist@4.28.1 want: ^2.0.27
55 silly placeDep ROOT update-browserslist-db@1.2.3 OK for: browserslist@4.28.1 want: ^1.2.0
56 silly fetch manifest escalade@^3.2.0
57 silly packumentCache full:https://registry.npmjs.org/escalade cache-miss
58 http fetch GET 200 https://registry.npmjs.org/escalade 154ms (cache revalidated)
59 silly packumentCache full:https://registry.npmjs.org/escalade set size:33724 disposed:false
60 silly placeDep ROOT escalade@3.2.0 OK for: update-browserslist-db@1.2.3 want: ^3.2.0
61 silly reify moves {}
62 silly audit bulk request {
62 silly audit   '@alloc/quick-lru': [ '5.2.0' ],
62 silly audit   '@chevrotain/cst-dts-gen': [ '10.5.0' ],
62 silly audit   '@chevrotain/gast': [ '10.5.0' ],
62 silly audit   '@chevrotain/types': [ '10.5.0' ],
62 silly audit   '@chevrotain/utils': [ '10.5.0' ],
62 silly audit   '@electric-sql/pglite': [ '0.3.15' ],
62 silly audit   '@electric-sql/pglite-socket': [ '0.0.20' ],
62 silly audit   '@electric-sql/pglite-tools': [ '0.2.20' ],
62 silly audit   '@emnapi/core': [ '1.8.1' ],
62 silly audit   '@emnapi/runtime': [ '1.8.1' ],
62 silly audit   '@emnapi/wasi-threads': [ '1.1.0' ],
62 silly audit   '@eslint-community/eslint-utils': [ '4.9.1' ],
62 silly audit   '@eslint-community/regexpp': [ '4.12.2' ],
62 silly audit   '@eslint/eslintrc': [ '2.1.4' ],
62 silly audit   '@eslint/js': [ '8.57.1' ],
62 silly audit   '@floating-ui/core': [ '1.7.4' ],
62 silly audit   '@floating-ui/dom': [ '1.7.5' ],
62 silly audit   '@floating-ui/react-dom': [ '2.1.7' ],
62 silly audit   '@floating-ui/utils': [ '0.2.10' ],
62 silly audit   '@hono/node-server': [ '1.19.9' ],
62 silly audit   '@humanwhocodes/config-array': [ '0.13.0' ],
62 silly audit   '@humanwhocodes/module-importer': [ '1.0.1' ],
62 silly audit   '@humanwhocodes/object-schema': [ '2.0.3' ],
62 silly audit   '@isaacs/cliui': [ '8.0.2' ],
62 silly audit   'ansi-regex': [ '6.2.2', '5.0.1' ],
62 silly audit   'strip-ansi': [ '7.1.2', '6.0.1' ],
62 silly audit   '@jridgewell/gen-mapping': [ '0.3.13' ],
62 silly audit   '@jridgewell/resolve-uri': [ '3.1.2' ],
62 silly audit   '@jridgewell/sourcemap-codec': [ '1.5.5' ],
62 silly audit   '@jridgewell/trace-mapping': [ '0.3.31' ],
62 silly audit   '@mrleebo/prisma-ast': [ '0.13.1' ],
62 silly audit   lilconfig: [ '2.1.0', '3.1.3' ],
62 silly audit   '@napi-rs/wasm-runtime': [ '0.2.12' ],
62 silly audit   '@next/env': [ '14.2.3' ],
62 silly audit   '@next/eslint-plugin-next': [ '14.2.3' ],
62 silly audit   '@next/swc-darwin-arm64': [ '14.2.3' ],
62 silly audit   '@next/swc-darwin-x64': [ '14.2.3' ],
62 silly audit   '@next/swc-linux-arm64-gnu': [ '14.2.3' ],
62 silly audit   '@next/swc-linux-arm64-musl': [ '14.2.3' ],
62 silly audit   '@next/swc-linux-x64-gnu': [ '14.2.3' ],
62 silly audit   '@next/swc-linux-x64-musl': [ '14.2.3' ],
62 silly audit   '@next/swc-win32-arm64-msvc': [ '14.2.3' ],
62 silly audit   '@next/swc-win32-ia32-msvc': [ '14.2.3' ],
62 silly audit   '@next/swc-win32-x64-msvc': [ '14.2.3' ],
62 silly audit   '@nodelib/fs.scandir': [ '2.1.5' ],
62 silly audit   '@nodelib/fs.stat': [ '2.0.5' ],
62 silly audit   '@nodelib/fs.walk': [ '1.2.8' ],
62 silly audit   '@nolyfill/is-core-module': [ '1.0.39' ],
62 silly audit   '@pkgjs/parseargs': [ '0.11.0' ],
62 silly audit   '@prisma/client': [ '7.4.1' ],
62 silly audit   '@prisma/client-runtime-utils': [ '7.4.1' ],
62 silly audit   '@prisma/config': [ '7.4.1' ],
62 silly audit   '@prisma/debug': [ '7.4.1', '7.2.0' ],
62 silly audit   '@prisma/dev': [ '0.20.0' ],
62 silly audit   '@prisma/engines': [ '7.4.1' ],
62 silly audit   '@prisma/engines-version': [ '7.5.0-4.55ae170b1ced7fc6ed07a15f110549408c501bb3' ],
62 silly audit   '@prisma/get-platform': [ '7.4.1', '7.2.0' ],
62 silly audit   '@prisma/fetch-engine': [ '7.4.1' ],
62 silly audit   '@prisma/query-plan-executor': [ '7.2.0' ],
62 silly audit   '@prisma/studio-core': [ '0.13.1' ],
62 silly audit   '@radix-ui/number': [ '1.1.1' ],
62 silly audit   '@radix-ui/primitive': [ '1.1.3' ],
62 silly audit   '@radix-ui/react-alert-dialog': [ '1.1.15' ],
62 silly audit   '@radix-ui/react-slot': [ '1.2.3', '1.2.4' ],
62 silly audit   '@radix-ui/react-arrow': [ '1.1.7' ],
62 silly audit   '@radix-ui/react-collection': [ '1.1.7' ],
62 silly audit   '@radix-ui/react-compose-refs': [ '1.1.2' ],
62 silly audit   '@radix-ui/react-context': [ '1.1.2' ],
62 silly audit   '@radix-ui/react-dialog': [ '1.1.15' ],
62 silly audit   '@radix-ui/react-direction': [ '1.1.1' ],
62 silly audit   '@radix-ui/react-dismissable-layer': [ '1.1.11' ],
62 silly audit   '@radix-ui/react-focus-guards': [ '1.1.3' ],
62 silly audit   '@radix-ui/react-focus-scope': [ '1.1.7' ],
62 silly audit   '@radix-ui/react-id': [ '1.1.1' ],
62 silly audit   '@radix-ui/react-label': [ '2.1.8' ],
62 silly audit   '@radix-ui/react-primitive': [ '2.1.4', '2.1.3' ],
62 silly audit   '@radix-ui/react-popper': [ '1.2.8' ],
62 silly audit   '@radix-ui/react-portal': [ '1.1.9' ],
62 silly audit   '@radix-ui/react-presence': [ '1.1.5' ],
62 silly audit   '@radix-ui/react-select': [ '2.2.6' ],
62 silly audit   '@radix-ui/react-use-callback-ref': [ '1.1.1' ],
62 silly audit   '@radix-ui/react-use-controllable-state': [ '1.2.2' ],
62 silly audit   '@radix-ui/react-use-effect-event': [ '0.0.2' ],
62 silly audit   '@radix-ui/react-use-escape-keydown': [ '1.1.1' ],
62 silly audit   '@radix-ui/react-use-layout-effect': [ '1.1.1' ],
62 silly audit   '@radix-ui/react-use-previous': [ '1.1.1' ],
62 silly audit   '@radix-ui/react-use-rect': [ '1.1.1' ],
62 silly audit   '@radix-ui/react-use-size': [ '1.1.1' ],
62 silly audit   '@radix-ui/react-visually-hidden': [ '1.2.3' ],
62 silly audit   '@radix-ui/rect': [ '1.1.1' ],
62 silly audit   '@rtsao/scc': [ '1.1.0' ],
62 silly audit   '@rushstack/eslint-patch': [ '1.16.1' ],
62 silly audit   '@standard-schema/spec': [ '1.1.0' ],
62 silly audit   '@swc/counter': [ '0.1.3' ],
62 silly audit   '@swc/helpers': [ '0.5.5' ],
62 silly audit   '@tybys/wasm-util': [ '0.10.1' ],
62 silly audit   '@types/json5': [ '0.0.29' ],
62 silly audit   '@types/node': [ '20.19.33' ],
62 silly audit   '@types/prop-types': [ '15.7.15' ],
62 silly audit   '@types/react': [ '18.3.28' ],
62 silly audit   '@types/react-dom': [ '18.3.7' ],
62 silly audit   '@typescript-eslint/parser': [ '7.2.0' ],
62 silly audit   '@typescript-eslint/scope-manager': [ '7.2.0' ],
62 silly audit   '@typescript-eslint/types': [ '7.2.0' ],
62 silly audit   '@typescript-eslint/typescript-estree': [ '7.2.0' ],
62 silly audit   'brace-expansion': [ '2.0.2', '1.1.12', '5.0.3' ],
62 silly audit   minimatch: [ '9.0.3', '9.0.6', '3.1.3' ],
62 silly audit   '@typescript-eslint/visitor-keys': [ '7.2.0' ],
62 silly audit   '@ungap/structured-clone': [ '1.3.0' ],
62 silly audit   '@unrs/resolver-binding-android-arm-eabi': [ '1.11.1' ],
62 silly audit   '@unrs/resolver-binding-android-arm64': [ '1.11.1' ],
62 silly audit   '@unrs/resolver-binding-darwin-arm64': [ '1.11.1' ],
62 silly audit   '@unrs/resolver-binding-darwin-x64': [ '1.11.1' ],
62 silly audit   '@unrs/resolver-binding-freebsd-x64': [ '1.11.1' ],
62 silly audit   '@unrs/resolver-binding-linux-arm-gnueabihf': [ '1.11.1' ],
62 silly audit   '@unrs/resolver-binding-linux-arm-musleabihf': [ '1.11.1' ],
62 silly audit   '@unrs/resolver-binding-linux-arm64-gnu': [ '1.11.1' ],
62 silly audit   '@unrs/resolver-binding-linux-arm64-musl': [ '1.11.1' ],
62 silly audit   '@unrs/resolver-binding-linux-ppc64-gnu': [ '1.11.1' ],
62 silly audit   '@unrs/resolver-binding-linux-riscv64-gnu': [ '1.11.1' ],
62 silly audit   '@unrs/resolver-binding-linux-riscv64-musl': [ '1.11.1' ],
62 silly audit   '@unrs/resolver-binding-linux-s390x-gnu': [ '1.11.1' ],
62 silly audit   '@unrs/resolver-binding-linux-x64-gnu': [ '1.11.1' ],
62 silly audit   '@unrs/resolver-binding-linux-x64-musl': [ '1.11.1' ],
62 silly audit   '@unrs/resolver-binding-wasm32-wasi': [ '1.11.1' ],
62 silly audit   '@unrs/resolver-binding-win32-arm64-msvc': [ '1.11.1' ],
62 silly audit   '@unrs/resolver-binding-win32-ia32-msvc': [ '1.11.1' ],
62 silly audit   '@unrs/resolver-binding-win32-x64-msvc': [ '1.11.1' ],
62 silly audit   acorn: [ '8.16.0' ],
62 silly audit   'acorn-jsx': [ '5.3.2' ],
62 silly audit   ajv: [ '6.14.0' ],
62 silly audit   'ansi-styles': [ '4.3.0', '6.2.3' ],
62 silly audit   'any-promise': [ '1.3.0' ],
62 silly audit   anymatch: [ '3.1.3' ],
62 silly audit   arg: [ '5.0.2' ],
62 silly audit   argparse: [ '2.0.1' ],
62 silly audit   'aria-hidden': [ '1.2.6' ],
62 silly audit   'aria-query': [ '5.3.2' ],
62 silly audit   'array-buffer-byte-length': [ '1.0.2' ],
62 silly audit   'array-includes': [ '3.1.9' ],
62 silly audit   'array-union': [ '2.1.0' ],
62 silly audit   'array.prototype.findlast': [ '1.2.5' ],
62 silly audit   'array.prototype.findlastindex': [ '1.2.6' ],
62 silly audit   'array.prototype.flat': [ '1.3.3' ],
62 silly audit   'array.prototype.flatmap': [ '1.3.3' ],
62 silly audit   'array.prototype.tosorted': [ '1.1.4' ],
62 silly audit   'arraybuffer.prototype.slice': [ '1.0.4' ],
62 silly audit   'ast-types-flow': [ '0.0.8' ],
62 silly audit   'async-function': [ '1.0.0' ],
62 silly audit   'available-typed-arrays': [ '1.0.7' ],
62 silly audit   'aws-ssl-profiles': [ '1.1.2' ],
62 silly audit   'axe-core': [ '4.11.1' ],
62 silly audit   'axobject-query': [ '4.1.0' ],
62 silly audit   'balanced-match': [ '1.0.2', '4.0.4' ],
62 silly audit   'binary-extensions': [ '2.3.0' ],
62 silly audit   braces: [ '3.0.3' ],
62 silly audit   busboy: [ '1.6.0' ],
62 silly audit   c12: [ '3.1.0' ],
62 silly audit   chokidar: [ '4.0.3', '3.6.0' ],
62 silly audit   jiti: [ '2.6.1', '1.21.7' ],
62 silly audit   readdirp: [ '4.1.2', '3.6.0' ],
62 silly audit   'call-bind': [ '1.0.8' ],
62 silly audit   'call-bind-apply-helpers': [ '1.0.2' ],
62 silly audit   'call-bound': [ '1.0.4' ],
62 silly audit   callsites: [ '3.1.0' ],
62 silly audit   'camelcase-css': [ '2.0.1' ],
62 silly audit   'caniuse-lite': [ '1.0.30001774' ],
62 silly audit   chalk: [ '4.1.2' ],
62 silly audit   chevrotain: [ '10.5.0' ],
62 silly audit   'glob-parent': [ '5.1.2', '6.0.2' ],
62 silly audit   citty: [ '0.1.6', '0.2.1' ],
62 silly audit   'class-variance-authority': [ '0.7.1' ],
62 silly audit   'client-only': [ '0.0.1' ],
62 silly audit   clsx: [ '2.1.1' ],
62 silly audit   'color-convert': [ '2.0.1' ],
62 silly audit   'color-name': [ '1.1.4' ],
62 silly audit   commander: [ '4.1.1' ],
62 silly audit   'concat-map': [ '0.0.1' ],
62 silly audit   confbox: [ '0.2.4' ],
62 silly audit   consola: [ '3.4.2' ],
62 silly audit   'cross-spawn': [ '7.0.6' ],
62 silly audit   cssesc: [ '3.0.0' ],
62 silly audit   csstype: [ '3.2.3' ],
62 silly audit   'damerau-levenshtein': [ '1.0.8' ],
62 silly audit   'data-view-buffer': [ '1.0.2' ],
62 silly audit   'data-view-byte-length': [ '1.0.2' ],
62 silly audit   'data-view-byte-offset': [ '1.0.1' ],
62 silly audit   debug: [ '4.4.3', '3.2.7' ],
62 silly audit   'deep-is': [ '0.1.4' ],
62 silly audit   'deepmerge-ts': [ '7.1.5' ],
62 silly audit   'define-data-property': [ '1.1.4' ],
62 silly audit   'define-properties': [ '1.2.1' ],
62 silly audit   defu: [ '6.1.4' ],
62 silly audit   denque: [ '2.1.0' ],
62 silly audit   destr: [ '2.0.5' ],
62 silly audit   'detect-node-es': [ '1.1.0' ],
62 silly audit   didyoumean: [ '1.2.2' ],
62 silly audit   'dir-glob': [ '3.0.1' ],
62 silly audit   dlv: [ '1.1.3' ],
62 silly audit   doctrine: [ '3.0.0', '2.1.0' ],
62 silly audit   dotenv: [ '16.6.1' ],
62 silly audit   'dunder-proto': [ '1.0.1' ],
62 silly audit   eastasianwidth: [ '0.2.0' ],
62 silly audit   effect: [ '3.18.4' ],
62 silly audit   'emoji-regex': [ '9.2.2', '8.0.0' ],
62 silly audit   empathic: [ '2.0.0' ],
62 silly audit   'es-abstract': [ '1.24.1' ],
62 silly audit   'es-define-property': [ '1.0.1' ],
62 silly audit   'es-errors': [ '1.3.0' ],
62 silly audit   'es-iterator-helpers': [ '1.2.2' ],
62 silly audit   'es-object-atoms': [ '1.1.1' ],
62 silly audit   'es-set-tostringtag': [ '2.1.0' ],
62 silly audit   'es-shim-unscopables': [ '1.1.0' ],
62 silly audit   'es-to-primitive': [ '1.3.0' ],
62 silly audit   'escape-string-regexp': [ '4.0.0' ],
62 silly audit   eslint: [ '8.57.1' ],
62 silly audit   'eslint-config-next': [ '14.2.3' ],
62 silly audit   'eslint-import-resolver-node': [ '0.3.9' ],
62 silly audit   'eslint-import-resolver-typescript': [ '3.10.1' ],
62 silly audit   'eslint-module-utils': [ '2.12.1' ],
62 silly audit   'eslint-plugin-import': [ '2.32.0' ],
62 silly audit   semver: [ '6.3.1', '7.7.4' ],
62 silly audit   'eslint-plugin-jsx-a11y': [ '6.10.2' ],
62 silly audit   'eslint-plugin-react': [ '7.37.5' ],
62 silly audit   'eslint-plugin-react-hooks': [ '5.0.0-canary-7118f5dd7-20230705' ],
62 silly audit   resolve: [ '2.0.0-next.6', '1.22.11' ],
62 silly audit   'eslint-scope': [ '7.2.2' ],
62 silly audit   'eslint-visitor-keys': [ '3.4.3' ],
62 silly audit   espree: [ '9.6.1' ],
62 silly audit   esquery: [ '1.7.0' ],
62 silly audit   esrecurse: [ '4.3.0' ],
62 silly audit   estraverse: [ '5.3.0' ],
62 silly audit   esutils: [ '2.0.3' ],
62 silly audit   exsolve: [ '1.0.8' ],
62 silly audit   'fast-check': [ '3.23.2' ],
62 silly audit   'fast-deep-equal': [ '3.1.3' ],
62 silly audit   'fast-glob': [ '3.3.3' ],
62 silly audit   'fast-json-stable-stringify': [ '2.1.0' ],
62 silly audit   'fast-levenshtein': [ '2.0.6' ],
62 silly audit   fastq: [ '1.20.1' ],
62 silly audit   'file-entry-cache': [ '6.0.1' ],
62 silly audit   'fill-range': [ '7.1.1' ],
62 silly audit   'find-up': [ '5.0.0' ],
62 silly audit   'flat-cache': [ '3.2.0' ],
62 silly audit   flatted: [ '3.3.3' ],
62 silly audit   'for-each': [ '0.3.5' ],
62 silly audit   'foreground-child': [ '3.3.1' ],
62 silly audit   'fs.realpath': [ '1.0.0' ],
62 silly audit   fsevents: [ '2.3.3' ],
62 silly audit   'function-bind': [ '1.1.2' ],
62 silly audit   'function.prototype.name': [ '1.1.8' ],
62 silly audit   'functions-have-names': [ '1.2.3' ],
62 silly audit   'generate-function': [ '2.3.1' ],
62 silly audit   'generator-function': [ '2.0.1' ],
62 silly audit   'get-intrinsic': [ '1.3.0' ],
62 silly audit   'get-nonce': [ '1.0.1' ],
62 silly audit   'get-port-please': [ '3.2.0' ],
62 silly audit   'get-proto': [ '1.0.1' ],
62 silly audit   'get-symbol-description': [ '1.1.0' ],
62 silly audit   'get-tsconfig': [ '4.13.6' ],
62 silly audit   giget: [ '2.0.0' ],
62 silly audit   glob: [ '10.3.10', '7.2.3' ],
62 silly audit   globals: [ '13.24.0' ],
62 silly audit   globalthis: [ '1.0.4' ],
62 silly audit   globby: [ '11.1.0' ],
62 silly audit   gopd: [ '1.2.0' ],
62 silly audit   'graceful-fs': [ '4.2.11' ],
62 silly audit   grammex: [ '3.1.12' ],
62 silly audit   graphemer: [ '1.4.0' ],
62 silly audit   graphmatch: [ '1.1.1' ],
62 silly audit   'has-bigints': [ '1.1.0' ],
62 silly audit   'has-flag': [ '4.0.0' ],
62 silly audit   'has-property-descriptors': [ '1.0.2' ],
62 silly audit   'has-proto': [ '1.2.0' ],
62 silly audit   'has-symbols': [ '1.1.0' ],
62 silly audit   'has-tostringtag': [ '1.0.2' ],
62 silly audit   hasown: [ '2.0.2' ],
62 silly audit   hono: [ '4.11.4' ],
62 silly audit   'http-status-codes': [ '2.3.0' ],
62 silly audit   'iconv-lite': [ '0.7.2' ],
62 silly audit   ignore: [ '5.3.2' ],
62 silly audit   'import-fresh': [ '3.3.1' ],
62 silly audit   imurmurhash: [ '0.1.4' ],
62 silly audit   inflight: [ '1.0.6' ],
62 silly audit   inherits: [ '2.0.4' ],
62 silly audit   'internal-slot': [ '1.1.0' ],
62 silly audit   'is-array-buffer': [ '3.0.5' ],
62 silly audit   'is-async-function': [ '2.1.1' ],
62 silly audit   'is-bigint': [ '1.1.0' ],
62 silly audit   'is-binary-path': [ '2.1.0' ],
62 silly audit   'is-boolean-object': [ '1.2.2' ],
62 silly audit   'is-bun-module': [ '2.0.0' ],
62 silly audit   'is-callable': [ '1.2.7' ],
62 silly audit   'is-core-module': [ '2.16.1' ],
62 silly audit   'is-data-view': [ '1.0.2' ],
62 silly audit   'is-date-object': [ '1.1.0' ],
62 silly audit   'is-extglob': [ '2.1.1' ],
62 silly audit   'is-finalizationregistry': [ '1.1.1' ],
62 silly audit   'is-fullwidth-code-point': [ '3.0.0' ],
62 silly audit   'is-generator-function': [ '1.1.2' ],
62 silly audit   'is-glob': [ '4.0.3' ],
62 silly audit   'is-map': [ '2.0.3' ],
62 silly audit   'is-negative-zero': [ '2.0.3' ],
62 silly audit   'is-number': [ '7.0.0' ],
62 silly audit   'is-number-object': [ '1.1.1' ],
62 silly audit   'is-path-inside': [ '3.0.3' ],
62 silly audit   'is-property': [ '1.0.2' ],
62 silly audit   'is-regex': [ '1.2.1' ],
62 silly audit   'is-set': [ '2.0.3' ],
62 silly audit   'is-shared-array-buffer': [ '1.0.4' ],
62 silly audit   'is-string': [ '1.1.1' ],
62 silly audit   'is-symbol': [ '1.1.1' ],
62 silly audit   'is-typed-array': [ '1.1.15' ],
62 silly audit   'is-weakmap': [ '2.0.2' ],
62 silly audit   'is-weakref': [ '1.1.1' ],
62 silly audit   'is-weakset': [ '2.0.4' ],
62 silly audit   isarray: [ '2.0.5' ],
62 silly audit   isexe: [ '2.0.0' ],
62 silly audit   'iterator.prototype': [ '1.1.5' ],
62 silly audit   jackspeak: [ '2.3.6' ],
62 silly audit   'js-tokens': [ '4.0.0' ],
62 silly audit   'js-yaml': [ '4.1.1' ],
62 silly audit   'json-buffer': [ '3.0.1' ],
62 silly audit   'json-schema-traverse': [ '0.4.1' ],
62 silly audit   'json-stable-stringify-without-jsonify': [ '1.0.1' ],
62 silly audit   json5: [ '1.0.2' ],
62 silly audit   'jsx-ast-utils': [ '3.3.5' ],
62 silly audit   keyv: [ '4.5.4' ],
62 silly audit   'language-subtag-registry': [ '0.3.23' ],
62 silly audit   'language-tags': [ '1.0.9' ],
62 silly audit   levn: [ '0.4.1' ],
62 silly audit   'lines-and-columns': [ '1.2.4' ],
62 silly audit   'locate-path': [ '6.0.0' ],
62 silly audit   lodash: [ '4.17.21' ],
62 silly audit   'lodash.merge': [ '4.6.2' ],
62 silly audit   long: [ '5.3.2' ],
62 silly audit   'loose-envify': [ '1.4.0' ],
62 silly audit   'lru-cache': [ '10.4.3' ],
62 silly audit   'lru.min': [ '1.1.4' ],
62 silly audit   'lucide-react': [ '0.575.0' ],
62 silly audit   'math-intrinsics': [ '1.1.0' ],
62 silly audit   merge2: [ '1.4.1' ],
62 silly audit   micromatch: [ '4.0.8' ],
62 silly audit   minimist: [ '1.2.8' ],
62 silly audit   minipass: [ '7.1.3' ],
62 silly audit   ms: [ '2.1.3' ],
62 silly audit   mysql2: [ '3.15.3' ],
62 silly audit   mz: [ '2.7.0' ],
62 silly audit   'named-placeholders': [ '1.1.6' ],
62 silly audit   nanoid: [ '3.3.11' ],
62 silly audit   'napi-postinstall': [ '0.3.4' ],
62 silly audit   'natural-compare': [ '1.4.0' ],
62 silly audit   next: [ '14.2.3' ],
62 silly audit   postcss: [ '8.4.31', '8.5.6' ],
62 silly audit   'node-exports-info': [ '1.6.0' ],
62 silly audit   'node-fetch-native': [ '1.6.7' ],
62 silly audit   'normalize-path': [ '3.0.0' ],
62 silly audit   nypm: [ '0.6.5' ],
62 silly audit   'object-assign': [ '4.1.1' ],
62 silly audit   'object-hash': [ '3.0.0' ],
62 silly audit   'object-inspect': [ '1.13.4' ],
62 silly audit   'object-keys': [ '1.1.1' ],
62 silly audit   'object.assign': [ '4.1.7' ],
62 silly audit   'object.entries': [ '1.1.9' ],
62 silly audit   'object.fromentries': [ '2.0.8' ],
62 silly audit   'object.groupby': [ '1.0.3' ],
62 silly audit   'object.values': [ '1.2.1' ],
62 silly audit   ohash: [ '2.0.11' ],
62 silly audit   once: [ '1.4.0' ],
62 silly audit   optionator: [ '0.9.4' ],
62 silly audit   'own-keys': [ '1.0.1' ],
62 silly audit   'p-limit': [ '3.1.0' ],
62 silly audit   'p-locate': [ '5.0.0' ],
62 silly audit   'parent-module': [ '1.0.1' ],
62 silly audit   'path-exists': [ '4.0.0' ],
62 silly audit   'path-is-absolute': [ '1.0.1' ],
62 silly audit   'path-key': [ '3.1.1' ],
62 silly audit   'path-parse': [ '1.0.7' ],
62 silly audit   'path-scurry': [ '1.11.1' ],
62 silly audit   'path-type': [ '4.0.0' ],
62 silly audit   pathe: [ '2.0.3' ],
62 silly audit   'perfect-debounce': [ '1.0.0' ],
62 silly audit   picocolors: [ '1.1.1' ],
62 silly audit   picomatch: [ '2.3.1', '4.0.3' ],
62 silly audit   pify: [ '2.3.0' ],
62 silly audit   pirates: [ '4.0.7' ],
62 silly audit   'pkg-types': [ '2.3.0' ],
62 silly audit   'possible-typed-array-names': [ '1.1.0' ],
62 silly audit   'postcss-import': [ '15.1.0' ],
62 silly audit   'postcss-js': [ '4.1.0' ],
62 silly audit   'postcss-load-config': [ '6.0.1' ],
62 silly audit   'postcss-nested': [ '6.2.0' ],
62 silly audit   'postcss-selector-parser': [ '6.1.2' ],
62 silly audit   'postcss-value-parser': [ '4.2.0' ],
62 silly audit   postgres: [ '3.4.7' ],
62 silly audit   'prelude-ls': [ '1.2.1' ],
62 silly audit   prisma: [ '7.4.1' ],
62 silly audit   'prop-types': [ '15.8.1' ],
62 silly audit   'proper-lockfile': [ '4.1.2' ],
62 silly audit   'signal-exit': [ '3.0.7', '4.1.0' ],
62 silly audit   punycode: [ '2.3.1' ],
62 silly audit   'pure-rand': [ '6.1.0' ],
62 silly audit   'queue-microtask': [ '1.2.3' ],
62 silly audit   rc9: [ '2.1.2' ],
62 silly audit   react: [ '18.3.1' ],
62 silly audit   'react-dom': [ '18.3.1' ],
62 silly audit   'react-is': [ '16.13.1' ],
62 silly audit   'react-remove-scroll': [ '2.7.2' ],
62 silly audit   'react-remove-scroll-bar': [ '2.3.8' ],
62 silly audit   'react-style-singleton': [ '2.2.3' ],
62 silly audit   'read-cache': [ '1.0.0' ],
62 silly audit   'reflect.getprototypeof': [ '1.0.10' ],
62 silly audit   'regexp-to-ast': [ '0.5.0' ],
62 silly audit   'regexp.prototype.flags': [ '1.5.4' ],
62 silly audit   remeda: [ '2.33.4' ],
62 silly audit   'resolve-from': [ '4.0.0' ],
62 silly audit   'resolve-pkg-maps': [ '1.0.0' ],
62 silly audit   retry: [ '0.12.0' ],
62 silly audit   reusify: [ '1.1.0' ],
62 silly audit   rimraf: [ '3.0.2' ],
62 silly audit   'run-parallel': [ '1.2.0' ],
62 silly audit   'safe-array-concat': [ '1.1.3' ],
62 silly audit   'safe-push-apply': [ '1.0.0' ],
62 silly audit   'safe-regex-test': [ '1.1.0' ],
62 silly audit   'safer-buffer': [ '2.1.2' ],
62 silly audit   scheduler: [ '0.23.2' ],
62 silly audit   'seq-queue': [ '0.0.5' ],
62 silly audit   'set-function-length': [ '1.2.2' ],
62 silly audit   'set-function-name': [ '2.0.2' ],
62 silly audit   'set-proto': [ '1.0.0' ],
62 silly audit   'shebang-command': [ '2.0.0' ],
62 silly audit   'shebang-regex': [ '3.0.0' ],
62 silly audit   'side-channel': [ '1.1.0' ],
62 silly audit   'side-channel-list': [ '1.0.0' ],
62 silly audit   'side-channel-map': [ '1.0.1' ],
62 silly audit   'side-channel-weakmap': [ '1.0.2' ],
62 silly audit   slash: [ '3.0.0' ],
62 silly audit   'source-map-js': [ '1.2.1' ],
62 silly audit   sqlstring: [ '2.3.3' ],
62 silly audit   'stable-hash': [ '0.0.5' ],
62 silly audit   'std-env': [ '3.10.0' ],
62 silly audit   'stop-iteration-iterator': [ '1.1.0' ],
62 silly audit   streamsearch: [ '1.1.0' ],
62 silly audit   'string-width': [ '5.1.2', '4.2.3' ],
62 silly audit   'string.prototype.includes': [ '2.0.1' ],
62 silly audit   'string.prototype.matchall': [ '4.0.12' ],
62 silly audit   'string.prototype.repeat': [ '1.0.0' ],
62 silly audit   'string.prototype.trim': [ '1.2.10' ],
62 silly audit   'string.prototype.trimend': [ '1.0.9' ],
62 silly audit   'string.prototype.trimstart': [ '1.0.8' ],
62 silly audit   'strip-bom': [ '3.0.0' ],
62 silly audit   'strip-json-comments': [ '3.1.1' ],
62 silly audit   'styled-jsx': [ '5.1.1' ],
62 silly audit   sucrase: [ '3.35.1' ],
62 silly audit   'supports-color': [ '7.2.0' ],
62 silly audit   'supports-preserve-symlinks-flag': [ '1.0.0' ],
62 silly audit   'tailwind-merge': [ '3.5.0' ],
62 silly audit   tailwindcss: [ '3.4.19' ],
62 silly audit   'tailwindcss-animate': [ '1.0.7' ],
62 silly audit   'text-table': [ '0.2.0' ],
62 silly audit   thenify: [ '3.3.1' ],
62 silly audit   'thenify-all': [ '1.6.0' ],
62 silly audit   tinyexec: [ '1.0.2' ],
62 silly audit   tinyglobby: [ '0.2.15' ],
62 silly audit   fdir: [ '6.5.0' ],
62 silly audit   'to-regex-range': [ '5.0.1' ],
62 silly audit   'ts-api-utils': [ '1.4.3' ],
62 silly audit   'ts-interface-checker': [ '0.1.13' ],
62 silly audit   'tsconfig-paths': [ '3.15.0' ],
62 silly audit   tslib: [ '2.8.1' ],
62 silly audit   'type-check': [ '0.4.0' ],
62 silly audit   'type-fest': [ '0.20.2' ],
62 silly audit   'typed-array-buffer': [ '1.0.3' ],
62 silly audit   'typed-array-byte-length': [ '1.0.3' ],
62 silly audit   'typed-array-byte-offset': [ '1.0.4' ],
62 silly audit   'typed-array-length': [ '1.0.7' ],
62 silly audit   typescript: [ '5.9.3' ],
62 silly audit   'unbox-primitive': [ '1.1.0' ],
62 silly audit   'undici-types': [ '6.21.0' ],
62 silly audit   'unrs-resolver': [ '1.11.1' ],
62 silly audit   'uri-js': [ '4.4.1' ],
62 silly audit   'use-callback-ref': [ '1.3.3' ],
62 silly audit   'use-sidecar': [ '1.1.3' ],
62 silly audit   'util-deprecate': [ '1.0.2' ],
62 silly audit   valibot: [ '1.2.0' ],
62 silly audit   which: [ '2.0.2' ],
62 silly audit   'which-boxed-primitive': [ '1.1.1' ],
62 silly audit   'which-builtin-type': [ '1.2.1' ],
62 silly audit   'which-collection': [ '1.0.2' ],
62 silly audit   'which-typed-array': [ '1.1.20' ],
62 silly audit   'word-wrap': [ '1.2.5' ],
62 silly audit   'wrap-ansi': [ '8.1.0', '7.0.0' ],
62 silly audit   wrappy: [ '1.0.2' ],
62 silly audit   'yocto-queue': [ '0.1.0' ],
62 silly audit   zeptomatch: [ '2.1.0' ],
62 silly audit   autoprefixer: [ '10.4.24' ],
62 silly audit   browserslist: [ '4.28.1' ],
62 silly audit   'fraction.js': [ '5.3.4' ],
62 silly audit   'baseline-browser-mapping': [ '2.10.0' ],
62 silly audit   'electron-to-chromium': [ '1.5.302' ],
62 silly audit   'node-releases': [ '2.0.27' ],
62 silly audit   'update-browserslist-db': [ '1.2.3' ],
62 silly audit   escalade: [ '3.2.0' ]
62 silly audit }
63 verbose reify failed optional dependency /Users/xfcc/Documents/trae_projects/JATLAS/node_modules/@unrs/resolver-binding-win32-x64-msvc
64 silly reify mark deleted [
64 silly reify   '/Users/xfcc/Documents/trae_projects/JATLAS/node_modules/@unrs/resolver-binding-win32-x64-msvc'
64 silly reify ]
65 verbose reify failed optional dependency /Users/xfcc/Documents/trae_projects/JATLAS/node_modules/@unrs/resolver-binding-win32-ia32-msvc
66 silly reify mark deleted [
66 silly reify   '/Users/xfcc/Documents/trae_projects/JATLAS/node_modules/@unrs/resolver-binding-win32-ia32-msvc'
66 silly reify ]
67 verbose reify failed optional dependency /Users/xfcc/Documents/trae_projects/JATLAS/node_modules/@unrs/resolver-binding-win32-arm64-msvc
68 silly reify mark deleted [
68 silly reify   '/Users/xfcc/Documents/trae_projects/JATLAS/node_modules/@unrs/resolver-binding-win32-arm64-msvc'
68 silly reify ]
69 verbose reify failed optional dependency /Users/xfcc/Documents/trae_projects/JATLAS/node_modules/@unrs/resolver-binding-wasm32-wasi
70 silly reify mark deleted [
70 silly reify   '/Users/xfcc/Documents/trae_projects/JATLAS/node_modules/@unrs/resolver-binding-wasm32-wasi'
70 silly reify ]
71 verbose reify failed optional dependency /Users/xfcc/Documents/trae_projects/JATLAS/node_modules/@napi-rs/wasm-runtime
72 silly reify mark deleted [
72 silly reify   '/Users/xfcc/Documents/trae_projects/JATLAS/node_modules/@napi-rs/wasm-runtime'
72 silly reify ]
73 verbose reify failed optional dependency /Users/xfcc/Documents/trae_projects/JATLAS/node_modules/@emnapi/core
74 silly reify mark deleted [
74 silly reify   '/Users/xfcc/Documents/trae_projects/JATLAS/node_modules/@emnapi/core'
74 silly reify ]
75 verbose reify failed optional dependency /Users/xfcc/Documents/trae_projects/JATLAS/node_modules/@emnapi/runtime
76 silly reify mark deleted [
76 silly reify   '/Users/xfcc/Documents/trae_projects/JATLAS/node_modules/@emnapi/runtime'
76 silly reify ]
77 verbose reify failed optional dependency /Users/xfcc/Documents/trae_projects/JATLAS/node_modules/@tybys/wasm-util
78 silly reify mark deleted [
78 silly reify   '/Users/xfcc/Documents/trae_projects/JATLAS/node_modules/@tybys/wasm-util'
78 silly reify ]
79 verbose reify failed optional dependency /Users/xfcc/Documents/trae_projects/JATLAS/node_modules/@emnapi/wasi-threads
80 silly reify mark deleted [
80 silly reify   '/Users/xfcc/Documents/trae_projects/JATLAS/node_modules/@emnapi/wasi-threads'
80 silly reify ]
81 verbose reify failed optional dependency /Users/xfcc/Documents/trae_projects/JATLAS/node_modules/@unrs/resolver-binding-linux-x64-musl
82 silly reify mark deleted [
82 silly reify   '/Users/xfcc/Documents/trae_projects/JATLAS/node_modules/@unrs/resolver-binding-linux-x64-musl'
82 silly reify ]
83 verbose reify failed optional dependency /Users/xfcc/Documents/trae_projects/JATLAS/node_modules/@unrs/resolver-binding-linux-x64-gnu
84 silly reify mark deleted [
84 silly reify   '/Users/xfcc/Documents/trae_projects/JATLAS/node_modules/@unrs/resolver-binding-linux-x64-gnu'
84 silly reify ]
85 verbose reify failed optional dependency /Users/xfcc/Documents/trae_projects/JATLAS/node_modules/@unrs/resolver-binding-linux-s390x-gnu
86 silly reify mark deleted [
86 silly reify   '/Users/xfcc/Documents/trae_projects/JATLAS/node_modules/@unrs/resolver-binding-linux-s390x-gnu'
86 silly reify ]
87 verbose reify failed optional dependency /Users/xfcc/Documents/trae_projects/JATLAS/node_modules/@unrs/resolver-binding-linux-riscv64-musl
88 silly reify mark deleted [
88 silly reify   '/Users/xfcc/Documents/trae_projects/JATLAS/node_modules/@unrs/resolver-binding-linux-riscv64-musl'
88 silly reify ]
89 verbose reify failed optional dependency /Users/xfcc/Documents/trae_projects/JATLAS/node_modules/@unrs/resolver-binding-linux-riscv64-gnu
90 silly reify mark deleted [
90 silly reify   '/Users/xfcc/Documents/trae_projects/JATLAS/node_modules/@unrs/resolver-binding-linux-riscv64-gnu'
90 silly reify ]
91 verbose reify failed optional dependency /Users/xfcc/Documents/trae_projects/JATLAS/node_modules/@unrs/resolver-binding-linux-ppc64-gnu
92 silly reify mark deleted [
92 silly reify   '/Users/xfcc/Documents/trae_projects/JATLAS/node_modules/@unrs/resolver-binding-linux-ppc64-gnu'
92 silly reify ]
93 verbose reify failed optional dependency /Users/xfcc/Documents/trae_projects/JATLAS/node_modules/@unrs/resolver-binding-linux-arm64-musl
94 silly reify mark deleted [
94 silly reify   '/Users/xfcc/Documents/trae_projects/JATLAS/node_modules/@unrs/resolver-binding-linux-arm64-musl'
94 silly reify ]
95 verbose reify failed optional dependency /Users/xfcc/Documents/trae_projects/JATLAS/node_modules/@unrs/resolver-binding-linux-arm64-gnu
96 silly reify mark deleted [
96 silly reify   '/Users/xfcc/Documents/trae_projects/JATLAS/node_modules/@unrs/resolver-binding-linux-arm64-gnu'
96 silly reify ]
97 verbose reify failed optional dependency /Users/xfcc/Documents/trae_projects/JATLAS/node_modules/@unrs/resolver-binding-linux-arm-musleabihf
98 silly reify mark deleted [
98 silly reify   '/Users/xfcc/Documents/trae_projects/JATLAS/node_modules/@unrs/resolver-binding-linux-arm-musleabihf'
98 silly reify ]
99 verbose reify failed optional dependency /Users/xfcc/Documents/trae_projects/JATLAS/node_modules/@unrs/resolver-binding-linux-arm-gnueabihf
100 silly reify mark deleted [
100 silly reify   '/Users/xfcc/Documents/trae_projects/JATLAS/node_modules/@unrs/resolver-binding-linux-arm-gnueabihf'
100 silly reify ]
101 verbose reify failed optional dependency /Users/xfcc/Documents/trae_projects/JATLAS/node_modules/@unrs/resolver-binding-freebsd-x64
102 silly reify mark deleted [
102 silly reify   '/Users/xfcc/Documents/trae_projects/JATLAS/node_modules/@unrs/resolver-binding-freebsd-x64'
102 silly reify ]
103 verbose reify failed optional dependency /Users/xfcc/Documents/trae_projects/JATLAS/node_modules/@unrs/resolver-binding-darwin-x64
104 silly reify mark deleted [
104 silly reify   '/Users/xfcc/Documents/trae_projects/JATLAS/node_modules/@unrs/resolver-binding-darwin-x64'
104 silly reify ]
105 verbose reify failed optional dependency /Users/xfcc/Documents/trae_projects/JATLAS/node_modules/@unrs/resolver-binding-android-arm64
106 silly reify mark deleted [
106 silly reify   '/Users/xfcc/Documents/trae_projects/JATLAS/node_modules/@unrs/resolver-binding-android-arm64'
106 silly reify ]
107 verbose reify failed optional dependency /Users/xfcc/Documents/trae_projects/JATLAS/node_modules/@unrs/resolver-binding-android-arm-eabi
108 silly reify mark deleted [
108 silly reify   '/Users/xfcc/Documents/trae_projects/JATLAS/node_modules/@unrs/resolver-binding-android-arm-eabi'
108 silly reify ]
109 verbose reify failed optional dependency /Users/xfcc/Documents/trae_projects/JATLAS/node_modules/@next/swc-win32-x64-msvc
110 silly reify mark deleted [
110 silly reify   '/Users/xfcc/Documents/trae_projects/JATLAS/node_modules/@next/swc-win32-x64-msvc'
110 silly reify ]
111 verbose reify failed optional dependency /Users/xfcc/Documents/trae_projects/JATLAS/node_modules/@next/swc-win32-ia32-msvc
112 silly reify mark deleted [
112 silly reify   '/Users/xfcc/Documents/trae_projects/JATLAS/node_modules/@next/swc-win32-ia32-msvc'
112 silly reify ]
113 verbose reify failed optional dependency /Users/xfcc/Documents/trae_projects/JATLAS/node_modules/@next/swc-win32-arm64-msvc
114 silly reify mark deleted [
114 silly reify   '/Users/xfcc/Documents/trae_projects/JATLAS/node_modules/@next/swc-win32-arm64-msvc'
114 silly reify ]
115 verbose reify failed optional dependency /Users/xfcc/Documents/trae_projects/JATLAS/node_modules/@next/swc-linux-x64-musl
116 silly reify mark deleted [
116 silly reify   '/Users/xfcc/Documents/trae_projects/JATLAS/node_modules/@next/swc-linux-x64-musl'
116 silly reify ]
117 verbose reify failed optional dependency /Users/xfcc/Documents/trae_projects/JATLAS/node_modules/@next/swc-linux-x64-gnu
118 silly reify mark deleted [
118 silly reify   '/Users/xfcc/Documents/trae_projects/JATLAS/node_modules/@next/swc-linux-x64-gnu'
118 silly reify ]
119 verbose reify failed optional dependency /Users/xfcc/Documents/trae_projects/JATLAS/node_modules/@next/swc-linux-arm64-musl
120 silly reify mark deleted [
120 silly reify   '/Users/xfcc/Documents/trae_projects/JATLAS/node_modules/@next/swc-linux-arm64-musl'
120 silly reify ]
121 verbose reify failed optional dependency /Users/xfcc/Documents/trae_projects/JATLAS/node_modules/@next/swc-linux-arm64-gnu
122 silly reify mark deleted [
122 silly reify   '/Users/xfcc/Documents/trae_projects/JATLAS/node_modules/@next/swc-linux-arm64-gnu'
122 silly reify ]
123 verbose reify failed optional dependency /Users/xfcc/Documents/trae_projects/JATLAS/node_modules/@next/swc-darwin-x64
124 silly reify mark deleted [
124 silly reify   '/Users/xfcc/Documents/trae_projects/JATLAS/node_modules/@next/swc-darwin-x64'
124 silly reify ]
125 http cache escalade@https://registry.npmjs.org/escalade/-/escalade-3.2.0.tgz 0ms (cache hit)
126 http cache update-browserslist-db@https://registry.npmjs.org/update-browserslist-db/-/update-browserslist-db-1.2.3.tgz 0ms (cache hit)
127 http cache fraction.js@https://registry.npmjs.org/fraction.js/-/fraction.js-5.3.4.tgz 0ms (cache hit)
128 http cache baseline-browser-mapping@https://registry.npmjs.org/baseline-browser-mapping/-/baseline-browser-mapping-2.10.0.tgz 0ms (cache hit)
129 http cache node-releases@https://registry.npmjs.org/node-releases/-/node-releases-2.0.27.tgz 0ms (cache hit)
130 http cache browserslist@https://registry.npmjs.org/browserslist/-/browserslist-4.28.1.tgz 0ms (cache hit)
131 http cache electron-to-chromium@https://registry.npmjs.org/electron-to-chromium/-/electron-to-chromium-1.5.302.tgz 0ms (cache hit)
132 http cache @napi-rs/wasm-runtime@https://registry.npmjs.org/@napi-rs/wasm-runtime/-/wasm-runtime-0.2.12.tgz 0ms (cache hit)
133 http cache autoprefixer@https://registry.npmjs.org/autoprefixer/-/autoprefixer-10.4.24.tgz 0ms (cache hit)
134 http cache @tybys/wasm-util@https://registry.npmjs.org/@tybys/wasm-util/-/wasm-util-0.10.1.tgz 0ms (cache hit)
135 http cache @emnapi/wasi-threads@https://registry.npmjs.org/@emnapi/wasi-threads/-/wasi-threads-1.1.0.tgz 0ms (cache hit)
136 http cache @emnapi/runtime@https://registry.npmjs.org/@emnapi/runtime/-/runtime-1.8.1.tgz 0ms (cache hit)
137 http cache @emnapi/core@https://registry.npmjs.org/@emnapi/core/-/core-1.8.1.tgz 0ms (cache hit)
138 silly tarball no local data for fraction.js@https://registry.npmjs.org/fraction.js/-/fraction.js-5.3.4.tgz. Extracting by manifest.
139 silly tarball no local data for autoprefixer@https://registry.npmjs.org/autoprefixer/-/autoprefixer-10.4.24.tgz. Extracting by manifest.
140 http fetch POST 200 https://registry.npmjs.org/-/npm/v1/security/advisories/bulk 201ms
141 silly audit report {
141 silly audit report   minimatch: [
141 silly audit report     {
141 silly audit report       id: 1113371,
141 silly audit report       url: 'https://github.com/advisories/GHSA-3ppc-4f35-3m26',
141 silly audit report       title: 'minimatch has a ReDoS via repeated wildcards with non-matching literal in pattern',
141 silly audit report       severity: 'high',
141 silly audit report       vulnerable_versions: '<10.2.1',
141 silly audit report       cwe: [Array],
141 silly audit report       cvss: [Object]
141 silly audit report     }
141 silly audit report   ],
141 silly audit report   glob: [
141 silly audit report     {
141 silly audit report       id: 1109842,
141 silly audit report       url: 'https://github.com/advisories/GHSA-5j98-mcp5-4vw2',
141 silly audit report       title: 'glob CLI: Command injection via -c/--cmd executes matches with shell:true',
141 silly audit report       severity: 'high',
141 silly audit report       vulnerable_versions: '>=10.2.0 <10.5.0',
141 silly audit report       cwe: [Array],
141 silly audit report       cvss: [Object]
141 silly audit report     }
141 silly audit report   ],
141 silly audit report   hono: [
141 silly audit report     {
141 silly audit report       id: 1112644,
141 silly audit report       url: 'https://github.com/advisories/GHSA-9r54-q6cx-xmh5',
141 silly audit report       title: 'Hono vulnerable to XSS through ErrorBoundary component ',
141 silly audit report       severity: 'moderate',
141 silly audit report       vulnerable_versions: '<4.11.7',
141 silly audit report       cwe: [Array],
141 silly audit report       cvss: [Object]
141 silly audit report     },
141 silly audit report     {
141 silly audit report       id: 1112677,
141 silly audit report       url: 'https://github.com/advisories/GHSA-6wqw-2p9w-4vw4',
141 silly audit report       title: 'Hono cache middleware ignores "Cache-Control: private" leading to Web Cache Deception',
141 silly audit report       severity: 'moderate',
141 silly audit report       vulnerable_versions: '<4.11.7',
141 silly audit report       cwe: [Array],
141 silly audit report       cvss: [Object]
141 silly audit report     },
141 silly audit report     {
141 silly audit report       id: 1112678,
141 silly audit report       url: 'https://github.com/advisories/GHSA-r354-f388-2fhh',
141 silly audit report       title: 'Hono IPv4 address validation bypass in IP Restriction Middleware allows IP spoofing',
141 silly audit report       severity: 'moderate',
141 silly audit report       vulnerable_versions: '<4.11.7',
141 silly audit report       cwe: [Array],
141 silly audit report       cvss: [Object]
141 silly audit report     },
141 silly audit report     {
141 silly audit report       id: 1112911,
141 silly audit report       url: 'https://github.com/advisories/GHSA-w332-q679-j88p',
141 silly audit report       title: 'Hono has an Arbitrary Key Read in Serve static Middleware (Cloudflare Workers Adapter)',
141 silly audit report       severity: 'moderate',
141 silly audit report       vulnerable_versions: '<4.11.7',
141 silly audit report       cwe: [Array],
141 silly audit report       cvss: [Object]
141 silly audit report     },
141 silly audit report     {
141 silly audit report       id: 1113311,
141 silly audit report       url: 'https://github.com/advisories/GHSA-gq3j-xvxp-8hrf',
141 silly audit report       title: 'Hono added timing comparison hardening in basicAuth and bearerAuth',
141 silly audit report       severity: 'low',
141 silly audit report       vulnerable_versions: '<4.11.10',
141 silly audit report       cwe: [Array],
141 silly audit report       cvss: [Object]
141 silly audit report     }
141 silly audit report   ],
141 silly audit report   lodash: [
141 silly audit report     {
141 silly audit report       id: 1112455,
141 silly audit report       url: 'https://github.com/advisories/GHSA-xxjr-mmjv-4gpg',
141 silly audit report       title: 'Lodash has Prototype Pollution Vulnerability in `_.unset` and `_.omit` functions',
141 silly audit report       severity: 'moderate',
141 silly audit report       vulnerable_versions: '>=4.0.0 <=4.17.22',
141 silly audit report       cwe: [Array],
141 silly audit report       cvss: [Object]
141 silly audit report     }
141 silly audit report   ],
141 silly audit report   next: [
141 silly audit report     {
141 silly audit report       id: 1099638,
141 silly audit report       url: 'https://github.com/advisories/GHSA-gp8f-8m3g-qvj9',
141 silly audit report       title: 'Next.js Cache Poisoning',
141 silly audit report       severity: 'high',
141 silly audit report       vulnerable_versions: '>=14.0.0 <14.2.10',
141 silly audit report       cwe: [Array],
141 silly audit report       cvss: [Object]
141 silly audit report     },
141 silly audit report     {
141 silly audit report       id: 1100421,
141 silly audit report       url: 'https://github.com/advisories/GHSA-g77x-44xx-532m',
141 silly audit report       title: 'Denial of Service condition in Next.js image optimization',
141 silly audit report       severity: 'moderate',
141 silly audit report       vulnerable_versions: '>=10.0.0 <14.2.7',
141 silly audit report       cwe: [Array],
141 silly audit report       cvss: [Object]
141 silly audit report     },
141 silly audit report     {
141 silly audit report       id: 1101438,
141 silly audit report       url: 'https://github.com/advisories/GHSA-7m27-7ghc-44w9',
141 silly audit report       title: 'Next.js Allows a Denial of Service (DoS) with Server Actions',
141 silly audit report       severity: 'moderate',
141 silly audit report       vulnerable_versions: '>=14.0.0 <14.2.21',
141 silly audit report       cwe: [Array],
141 silly audit report       cvss: [Object]
141 silly audit report     },
141 silly audit report     {
141 silly audit report       id: 1105461,
141 silly audit report       url: 'https://github.com/advisories/GHSA-3h52-269p-cp9r',
141 silly audit report       title: 'Information exposure in Next.js dev server due to lack of origin verification',
141 silly audit report       severity: 'low',
141 silly audit report       vulnerable_versions: '>=13.0 <14.2.30',
141 silly audit report       cwe: [Array],
141 silly audit report       cvss: [Object]
141 silly audit report     },
141 silly audit report     {
141 silly audit report       id: 1111391,
141 silly audit report       url: 'https://github.com/advisories/GHSA-mwv6-3258-q52c',
141 silly audit report       title: 'Next Vulnerable to Denial of Service with Server Components',
141 silly audit report       severity: 'high',
141 silly audit report       vulnerable_versions: '>=13.3.0 <14.2.34',
141 silly audit report       cwe: [Array],
141 silly audit report       cvss: [Object]
141 silly audit report     },
141 silly audit report     {
141 silly audit report       id: 1107226,
141 silly audit report       url: 'https://github.com/advisories/GHSA-g5qg-72qw-gw5v',
141 silly audit report       title: 'Next.js Affected by Cache Key Confusion for Image Optimization API Routes',
141 silly audit report       severity: 'moderate',
141 silly audit report       vulnerable_versions: '>=0.9.9 <14.2.31',
141 silly audit report       cwe: [Array],
141 silly audit report       cvss: [Object]
141 silly audit report     },
141 silly audit report     {
141 silly audit report       id: 1107420,
141 silly audit report       url: 'https://github.com/advisories/GHSA-7gfc-8cq8-jh5f',
141 silly audit report       title: 'Next.js authorization bypass vulnerability',
141 silly audit report       severity: 'high',
141 silly audit report       vulnerable_versions: '>=9.5.5 <14.2.15',
141 silly audit report       cwe: [Array],
141 silly audit report       cvss: [Object]
141 silly audit report     },
141 silly audit report     {
141 silly audit report       id: 1107512,
141 silly audit report       url: 'https://github.com/advisories/GHSA-4342-x723-ch2f',
141 silly audit report       title: 'Next.js Improper Middleware Redirect Handling Leads to SSRF',
141 silly audit report       severity: 'moderate',
141 silly audit report       vulnerable_versions: '>=0.9.9 <14.2.32',
141 silly audit report       cwe: [Array],
141 silly audit report       cvss: [Object]
141 silly audit report     },
141 silly audit report     {
141 silly audit report       id: 1107513,
141 silly audit report       url: 'https://github.com/advisories/GHSA-xv57-4mr9-wg8v',
141 silly audit report       title: 'Next.js Content Injection Vulnerability for Image Optimization',
141 silly audit report       severity: 'moderate',
141 silly audit report       vulnerable_versions: '>=0.9.9 <14.2.31',
141 silly audit report       cwe: [Array],
141 silly audit report       cvss: [Object]
141 silly audit report     },
141 silly audit report     {
141 silly audit report       id: 1112182,
141 silly audit report       url: 'https://github.com/advisories/GHSA-5j59-xgg2-r9c4',
141 silly audit report       title: 'Next has a Denial of Service with Server Components - Incomplete Fix Follow-Up',
141 silly audit report       severity: 'high',
141 silly audit report       vulnerable_versions: '>=13.3.1-canary.0 <14.2.35',
141 silly audit report       cwe: [Array],
141 silly audit report       cvss: [Object]
141 silly audit report     },
141 silly audit report     {
141 silly audit report       id: 1108291,
141 silly audit report       url: 'https://github.com/advisories/GHSA-qpjv-v59x-3qc4',
141 silly audit report       title: 'Next.js Race Condition to Cache Poisoning',
141 silly audit report       severity: 'low',
141 silly audit report       vulnerable_versions: '>=0.9.9 <14.2.24',
141 silly audit report       cwe: [Array],
141 silly audit report       cvss: [Object]
141 silly audit report     },
141 silly audit report     {
141 silly audit report       id: 1108953,
141 silly audit report       url: 'https://github.com/advisories/GHSA-f82v-jwr5-mffw',
141 silly audit report       title: 'Authorization Bypass in Next.js Middleware',
141 silly audit report       severity: 'critical',
141 silly audit report       vulnerable_versions: '>=14.0.0 <14.2.25',
141 silly audit report       cwe: [Array],
141 silly audit report       cvss: [Object]
141 silly audit report     },
141 silly audit report     {
141 silly audit report       id: 1112593,
141 silly audit report       url: 'https://github.com/advisories/GHSA-9g9p-9gw9-jx7f',
141 silly audit report       title: 'Next.js self-hosted applications vulnerable to DoS via Image Optimizer remotePatterns configuration',
141 silly audit report       severity: 'moderate',
141 silly audit report       vulnerable_versions: '>=10.0.0 <15.5.10',
141 silly audit report       cwe: [Array],
141 silly audit report       cvss: [Object]
141 silly audit report     },
141 silly audit report     {
141 silly audit report       id: 1112653,
141 silly audit report       url: 'https://github.com/advisories/GHSA-h25m-26qc-wcjf',
141 silly audit report       title: 'Next.js HTTP request deserialization can lead to DoS when using insecure React Server Components',
141 silly audit report       severity: 'high',
141 silly audit report       vulnerable_versions: '>=13.0.0 <15.0.8',
141 silly audit report       cwe: [Array],
141 silly audit report       cvss: [Object]
141 silly audit report     }
141 silly audit report   ]
141 silly audit report }
142 silly packumentCache corgi:https://registry.npmjs.org/minimatch cache-miss
143 silly packumentCache corgi:https://registry.npmjs.org/glob cache-miss
144 silly packumentCache corgi:https://registry.npmjs.org/hono cache-miss
145 silly packumentCache corgi:https://registry.npmjs.org/lodash cache-miss
146 silly packumentCache corgi:https://registry.npmjs.org/next cache-miss
147 http fetch GET 200 https://registry.npmjs.org/fraction.js/-/fraction.js-5.3.4.tgz 290ms (cache miss)
148 http fetch GET 200 https://registry.npmjs.org/autoprefixer/-/autoprefixer-10.4.24.tgz 291ms (cache miss)
149 http fetch GET 200 https://registry.npmjs.org/lodash 230ms (cache revalidated)
150 silly packumentCache corgi:https://registry.npmjs.org/lodash set size:68481 disposed:false
151 http fetch GET 200 https://registry.npmjs.org/minimatch 243ms (cache revalidated)
152 silly packumentCache corgi:https://registry.npmjs.org/minimatch set size:154574 disposed:false
153 http fetch GET 200 https://registry.npmjs.org/next 661ms (cache revalidated)
154 silly packumentCache corgi:https://registry.npmjs.org/next set size:23972795 disposed:false
155 http fetch GET 200 https://registry.npmjs.org/glob 1087ms (cache revalidated)
156 silly packumentCache corgi:https://registry.npmjs.org/glob set size:199194 disposed:false
157 http fetch GET 200 https://registry.npmjs.org/hono 1088ms (cache revalidated)
158 silly packumentCache corgi:https://registry.npmjs.org/hono set size:673654 disposed:false
159 silly packumentCache corgi:https://registry.npmjs.org/@typescript-eslint%2ftypescript-estree cache-miss
160 silly packumentCache corgi:https://registry.npmjs.org/@eslint%2feslintrc cache-miss
161 silly packumentCache corgi:https://registry.npmjs.org/@humanwhocodes%2fconfig-array cache-miss
162 silly packumentCache corgi:https://registry.npmjs.org/eslint cache-miss
163 silly packumentCache corgi:https://registry.npmjs.org/eslint-plugin-import cache-miss
164 silly packumentCache corgi:https://registry.npmjs.org/eslint-plugin-jsx-a11y cache-miss
165 silly packumentCache corgi:https://registry.npmjs.org/eslint-plugin-react cache-miss
166 http fetch GET 200 https://registry.npmjs.org/eslint-plugin-import 194ms (cache revalidated)
167 silly packumentCache corgi:https://registry.npmjs.org/eslint-plugin-import set size:238396 disposed:false
168 http fetch GET 200 https://registry.npmjs.org/@humanwhocodes%2fconfig-array 205ms (cache revalidated)
169 silly packumentCache corgi:https://registry.npmjs.org/@humanwhocodes%2fconfig-array set size:69299 disposed:false
170 http fetch GET 200 https://registry.npmjs.org/@eslint%2feslintrc 206ms (cache revalidated)
171 silly packumentCache corgi:https://registry.npmjs.org/@eslint%2feslintrc set size:81979 disposed:false
172 http fetch GET 200 https://registry.npmjs.org/@typescript-eslint%2ftypescript-estree 214ms (cache revalidated)
173 silly packumentCache corgi:https://registry.npmjs.org/@typescript-eslint%2ftypescript-estree set size:8501137 disposed:false
174 http fetch GET 200 https://registry.npmjs.org/eslint-plugin-react 274ms (cache revalidated)
175 silly packumentCache corgi:https://registry.npmjs.org/eslint-plugin-react set size:309843 disposed:false
176 http fetch GET 200 https://registry.npmjs.org/eslint-plugin-jsx-a11y 275ms (cache revalidated)
177 silly packumentCache corgi:https://registry.npmjs.org/eslint-plugin-jsx-a11y set size:108835 disposed:false
178 http fetch GET 200 https://registry.npmjs.org/eslint 276ms (cache revalidated)
179 silly packumentCache corgi:https://registry.npmjs.org/eslint set size:1135904 disposed:false
180 silly packumentCache corgi:https://registry.npmjs.org/@next%2feslint-plugin-next cache-miss
181 http fetch GET 200 https://registry.npmjs.org/@next%2feslint-plugin-next 171ms (cache revalidated)
182 silly packumentCache corgi:https://registry.npmjs.org/@next%2feslint-plugin-next set size:3112955 disposed:false
183 silly packumentCache corgi:https://registry.npmjs.org/@hono%2fnode-server cache-miss
184 silly packumentCache corgi:https://registry.npmjs.org/@prisma%2fdev cache-miss
185 http fetch GET 200 https://registry.npmjs.org/@hono%2fnode-server 236ms (cache revalidated)
186 silly packumentCache corgi:https://registry.npmjs.org/@hono%2fnode-server set size:79772 disposed:false
187 http fetch GET 200 https://registry.npmjs.org/@prisma%2fdev 246ms (cache revalidated)
188 silly packumentCache corgi:https://registry.npmjs.org/@prisma%2fdev set size:941438 disposed:false
189 silly packumentCache corgi:https://registry.npmjs.org/@chevrotain%2fcst-dts-gen cache-miss
190 silly packumentCache corgi:https://registry.npmjs.org/@chevrotain%2fgast cache-miss
191 silly packumentCache corgi:https://registry.npmjs.org/chevrotain cache-miss
192 http fetch GET 200 https://registry.npmjs.org/chevrotain 165ms (cache revalidated)
193 silly packumentCache corgi:https://registry.npmjs.org/chevrotain set size:270686 disposed:false
194 http fetch GET 200 https://registry.npmjs.org/@chevrotain%2fgast 171ms (cache revalidated)
195 silly packumentCache corgi:https://registry.npmjs.org/@chevrotain%2fgast set size:18423 disposed:false
196 http fetch GET 200 https://registry.npmjs.org/@chevrotain%2fcst-dts-gen 193ms (cache revalidated)
197 silly packumentCache corgi:https://registry.npmjs.org/@chevrotain%2fcst-dts-gen set size:22393 disposed:false
198 silly packumentCache corgi:https://registry.npmjs.org/rimraf cache-miss
199 http fetch GET 200 https://registry.npmjs.org/rimraf 146ms (cache revalidated)
200 silly packumentCache corgi:https://registry.npmjs.org/rimraf set size:87794 disposed:false
201 silly packumentCache corgi:https://registry.npmjs.org/eslint-config-next cache-miss
202 silly packumentCache corgi:https://registry.npmjs.org/eslint-import-resolver-typescript cache-miss
203 http fetch GET 200 https://registry.npmjs.org/eslint-import-resolver-typescript 155ms (cache revalidated)
204 silly packumentCache corgi:https://registry.npmjs.org/eslint-import-resolver-typescript set size:138502 disposed:false
205 http fetch GET 200 https://registry.npmjs.org/eslint-config-next 160ms (cache revalidated)
206 silly packumentCache corgi:https://registry.npmjs.org/eslint-config-next set size:3716836 disposed:false
207 silly packumentCache corgi:https://registry.npmjs.org/@typescript-eslint%2fparser cache-miss
208 http fetch GET 200 https://registry.npmjs.org/@typescript-eslint%2fparser 199ms (cache revalidated)
209 silly packumentCache corgi:https://registry.npmjs.org/@typescript-eslint%2fparser set size:7899390 disposed:false
210 silly packumentCache corgi:https://registry.npmjs.org/@eslint-community%2feslint-utils cache-miss
211 silly packumentCache corgi:https://registry.npmjs.org/eslint-plugin-react-hooks cache-miss
212 http fetch GET 200 https://registry.npmjs.org/@eslint-community%2feslint-utils 271ms (cache revalidated)
213 silly packumentCache corgi:https://registry.npmjs.org/@eslint-community%2feslint-utils set size:44347 disposed:false
214 http fetch GET 200 https://registry.npmjs.org/eslint-plugin-react-hooks 278ms (cache revalidated)
215 silly packumentCache corgi:https://registry.npmjs.org/eslint-plugin-react-hooks set size:4052651 disposed:false
216 silly packumentCache corgi:https://registry.npmjs.org/prisma cache-miss
217 http fetch GET 200 https://registry.npmjs.org/prisma 242ms (cache revalidated)
218 silly packumentCache corgi:https://registry.npmjs.org/prisma set size:22503456 disposed:false
219 silly packumentCache corgi:https://registry.npmjs.org/@mrleebo%2fprisma-ast cache-miss
220 http fetch GET 200 https://registry.npmjs.org/@mrleebo%2fprisma-ast 161ms (cache revalidated)
221 silly packumentCache corgi:https://registry.npmjs.org/@mrleebo%2fprisma-ast set size:47236 disposed:false
222 silly packumentCache corgi:https://registry.npmjs.org/flat-cache cache-miss
223 http fetch GET 200 https://registry.npmjs.org/flat-cache 157ms (cache revalidated)
224 silly packumentCache corgi:https://registry.npmjs.org/flat-cache set size:48982 disposed:false
225 silly packumentCache corgi:https://registry.npmjs.org/@prisma%2fclient cache-miss
226 http fetch GET 200 https://registry.npmjs.org/@prisma%2fclient 341ms (cache revalidated)
227 silly packumentCache corgi:https://registry.npmjs.org/@prisma%2fclient set size:37328702 disposed:false
228 silly packumentCache corgi:https://registry.npmjs.org/file-entry-cache cache-miss
229 http fetch GET 200 https://registry.npmjs.org/file-entry-cache 154ms (cache revalidated)
230 silly packumentCache corgi:https://registry.npmjs.org/file-entry-cache set size:38971 disposed:false
231 silly ADD node_modules/escalade
232 silly ADD node_modules/update-browserslist-db
233 silly ADD node_modules/node-releases
234 silly ADD node_modules/electron-to-chromium
235 silly ADD node_modules/baseline-browser-mapping
236 silly ADD node_modules/fraction.js
237 silly ADD node_modules/browserslist
238 silly ADD node_modules/autoprefixer
239 silly ADD
240 silly ADD
241 silly ADD
242 silly ADD
243 silly ADD
244 silly ADD
245 silly ADD
246 silly ADD
247 silly ADD
248 silly ADD
249 silly ADD
250 silly ADD
251 silly ADD
252 silly ADD
253 silly ADD
254 silly ADD
255 silly ADD
256 silly ADD
257 silly ADD
258 silly ADD
259 silly ADD
260 silly ADD
261 silly ADD
262 silly ADD
263 silly ADD
264 silly ADD
265 silly ADD
266 silly ADD
267 silly ADD
268 silly ADD
269 silly ADD
270 verbose cwd /Users/xfcc/Documents/trae_projects/JATLAS
271 verbose os Darwin 25.3.0
272 verbose node v22.13.1
273 verbose npm  v11.2.0
274 verbose exit 0
275 info ok
