0 verbose cli /usr/local/bin/node /Users/xfcc/.npm-global/bin/npm
1 info using npm@11.2.0
2 info using node@v22.13.1
3 silly config load:file:/Users/xfcc/.npm-global/lib/node_modules/npm/npmrc
4 silly config load:file:/Users/xfcc/Documents/trae_projects/JATLAS/.npmrc
5 silly config load:file:/Users/xfcc/Documents/trae_projects/JATLAS/.npm/.user.npmrc
6 silly config load:file:/Users/xfcc/Documents/trae_projects/JATLAS/.npm/.global.npmrc
7 verbose title npm install @radix-ui/react-label
8 verbose argv "install" "@radix-ui/react-label"
9 verbose logfile logs-max:10 dir:/Users/xfcc/Documents/trae_projects/JATLAS/.npm/_logs/2026-02-24T10_06_24_596Z-
10 verbose logfile /Users/xfcc/Documents/trae_projects/JATLAS/.npm/_logs/2026-02-24T10_06_24_596Z-debug-0.log
11 silly logfile start cleaning logs, removing 1 files
12 silly packumentCache heap:4345298944 maxSize:1086324736 maxEntrySize:543162368
13 silly logfile done cleaning log files
14 silly idealTree buildDeps
15 silly fetch manifest @radix-ui/react-label@*
16 silly packumentCache full:https://registry.npmjs.org/@radix-ui%2freact-label cache-miss
17 http fetch GET 200 https://registry.npmjs.org/@radix-ui%2freact-label 838ms (cache miss)
18 silly packumentCache full:https://registry.npmjs.org/@radix-ui%2freact-label set size:undefined disposed:false
19 silly fetch manifest @types/react@^18
20 silly packumentCache full:https://registry.npmjs.org/@types%2freact cache-miss
21 http cache https://registry.npmjs.org/@types%2freact 7ms (cache hit)
22 silly packumentCache full:https://registry.npmjs.org/@types%2freact set size:2588986 disposed:false
23 silly fetch manifest @types/react-dom@^18
24 silly packumentCache full:https://registry.npmjs.org/@types%2freact-dom cache-miss
25 http cache https://registry.npmjs.org/@types%2freact-dom 3ms (cache hit)
26 silly packumentCache full:https://registry.npmjs.org/@types%2freact-dom set size:429026 disposed:false
27 silly fetch manifest react@^18
28 silly packumentCache full:https://registry.npmjs.org/react cache-miss
29 http cache https://registry.npmjs.org/react 7ms (cache hit)
30 silly packumentCache full:https://registry.npmjs.org/react set size:6508025 disposed:false
31 silly fetch manifest react-dom@^18
32 silly packumentCache full:https://registry.npmjs.org/react-dom cache-miss
33 http cache https://registry.npmjs.org/react-dom 11ms (cache hit)
34 silly packumentCache full:https://registry.npmjs.org/react-dom set size:8624335 disposed:false
35 silly placeDep ROOT @radix-ui/react-label@2.1.8 OK for: jatlas@0.1.0 want: *
36 silly fetch manifest @radix-ui/react-primitive@2.1.4
37 silly packumentCache full:https://registry.npmjs.org/@radix-ui%2freact-primitive cache-miss
38 http cache https://registry.npmjs.org/@radix-ui%2freact-primitive 12ms (cache hit)
39 silly packumentCache full:https://registry.npmjs.org/@radix-ui%2freact-primitive set size:595809 disposed:false
40 silly fetch manifest @types/react@*
41 silly packumentCache full:https://registry.npmjs.org/@types%2freact cache-miss
42 http cache https://registry.npmjs.org/@types%2freact 3ms (cache hit)
43 silly packumentCache full:https://registry.npmjs.org/@types%2freact set size:2588986 disposed:false
44 silly fetch manifest @types/react-dom@*
45 silly packumentCache full:https://registry.npmjs.org/@types%2freact-dom cache-hit
46 silly fetch manifest react@^16.8 || ^17.0 || ^18.0 || ^19.0 || ^19.0.0-rc
47 silly packumentCache full:https://registry.npmjs.org/react cache-miss
48 http cache https://registry.npmjs.org/react 7ms (cache hit)
49 silly packumentCache full:https://registry.npmjs.org/react set size:6508025 disposed:false
50 silly fetch manifest react-dom@^16.8 || ^17.0 || ^18.0 || ^19.0 || ^19.0.0-rc
51 silly packumentCache full:https://registry.npmjs.org/react-dom cache-miss
52 http cache https://registry.npmjs.org/react-dom 10ms (cache hit)
53 silly packumentCache full:https://registry.npmjs.org/react-dom set size:8624335 disposed:false
54 silly placeDep node_modules/@radix-ui/react-label @radix-ui/react-primitive@2.1.4 OK for: @radix-ui/react-label@2.1.8 want: 2.1.4
55 silly reify moves {}
56 silly audit bulk request {
56 silly audit   '@alloc/quick-lru': [ '5.2.0' ],
56 silly audit   '@chevrotain/cst-dts-gen': [ '10.5.0' ],
56 silly audit   '@chevrotain/gast': [ '10.5.0' ],
56 silly audit   '@chevrotain/types': [ '10.5.0' ],
56 silly audit   '@chevrotain/utils': [ '10.5.0' ],
56 silly audit   '@electric-sql/pglite': [ '0.3.15' ],
56 silly audit   '@electric-sql/pglite-socket': [ '0.0.20' ],
56 silly audit   '@electric-sql/pglite-tools': [ '0.2.20' ],
56 silly audit   '@emnapi/core': [ '1.8.1' ],
56 silly audit   '@emnapi/runtime': [ '1.8.1' ],
56 silly audit   '@emnapi/wasi-threads': [ '1.1.0' ],
56 silly audit   '@eslint-community/eslint-utils': [ '4.9.1' ],
56 silly audit   '@eslint-community/regexpp': [ '4.12.2' ],
56 silly audit   '@eslint/eslintrc': [ '2.1.4' ],
56 silly audit   '@eslint/js': [ '8.57.1' ],
56 silly audit   '@floating-ui/core': [ '1.7.4' ],
56 silly audit   '@floating-ui/dom': [ '1.7.5' ],
56 silly audit   '@floating-ui/react-dom': [ '2.1.7' ],
56 silly audit   '@floating-ui/utils': [ '0.2.10' ],
56 silly audit   '@hono/node-server': [ '1.19.9' ],
56 silly audit   '@humanwhocodes/config-array': [ '0.13.0' ],
56 silly audit   '@humanwhocodes/module-importer': [ '1.0.1' ],
56 silly audit   '@humanwhocodes/object-schema': [ '2.0.3' ],
56 silly audit   '@isaacs/cliui': [ '8.0.2' ],
56 silly audit   'ansi-regex': [ '6.2.2', '5.0.1' ],
56 silly audit   'strip-ansi': [ '7.1.2', '6.0.1' ],
56 silly audit   '@jridgewell/gen-mapping': [ '0.3.13' ],
56 silly audit   '@jridgewell/resolve-uri': [ '3.1.2' ],
56 silly audit   '@jridgewell/sourcemap-codec': [ '1.5.5' ],
56 silly audit   '@jridgewell/trace-mapping': [ '0.3.31' ],
56 silly audit   '@mrleebo/prisma-ast': [ '0.13.1' ],
56 silly audit   lilconfig: [ '2.1.0', '3.1.3' ],
56 silly audit   '@napi-rs/wasm-runtime': [ '0.2.12' ],
56 silly audit   '@next/env': [ '14.2.3' ],
56 silly audit   '@next/eslint-plugin-next': [ '14.2.3' ],
56 silly audit   '@next/swc-darwin-arm64': [ '14.2.3' ],
56 silly audit   '@next/swc-darwin-x64': [ '14.2.3' ],
56 silly audit   '@next/swc-linux-arm64-gnu': [ '14.2.3' ],
56 silly audit   '@next/swc-linux-arm64-musl': [ '14.2.3' ],
56 silly audit   '@next/swc-linux-x64-gnu': [ '14.2.3' ],
56 silly audit   '@next/swc-linux-x64-musl': [ '14.2.3' ],
56 silly audit   '@next/swc-win32-arm64-msvc': [ '14.2.3' ],
56 silly audit   '@next/swc-win32-ia32-msvc': [ '14.2.3' ],
56 silly audit   '@next/swc-win32-x64-msvc': [ '14.2.3' ],
56 silly audit   '@nodelib/fs.scandir': [ '2.1.5' ],
56 silly audit   '@nodelib/fs.stat': [ '2.0.5' ],
56 silly audit   '@nodelib/fs.walk': [ '1.2.8' ],
56 silly audit   '@nolyfill/is-core-module': [ '1.0.39' ],
56 silly audit   '@pkgjs/parseargs': [ '0.11.0' ],
56 silly audit   '@prisma/client': [ '7.4.1' ],
56 silly audit   '@prisma/client-runtime-utils': [ '7.4.1' ],
56 silly audit   '@prisma/config': [ '7.4.1' ],
56 silly audit   '@prisma/debug': [ '7.4.1', '7.2.0' ],
56 silly audit   '@prisma/dev': [ '0.20.0' ],
56 silly audit   '@prisma/engines': [ '7.4.1' ],
56 silly audit   '@prisma/engines-version': [ '7.5.0-4.55ae170b1ced7fc6ed07a15f110549408c501bb3' ],
56 silly audit   '@prisma/get-platform': [ '7.4.1', '7.2.0' ],
56 silly audit   '@prisma/fetch-engine': [ '7.4.1' ],
56 silly audit   '@prisma/query-plan-executor': [ '7.2.0' ],
56 silly audit   '@prisma/studio-core': [ '0.13.1' ],
56 silly audit   '@radix-ui/number': [ '1.1.1' ],
56 silly audit   '@radix-ui/primitive': [ '1.1.3' ],
56 silly audit   '@radix-ui/react-arrow': [ '1.1.7' ],
56 silly audit   '@radix-ui/react-collection': [ '1.1.7' ],
56 silly audit   '@radix-ui/react-slot': [ '1.2.3', '1.2.4' ],
56 silly audit   '@radix-ui/react-compose-refs': [ '1.1.2' ],
56 silly audit   '@radix-ui/react-context': [ '1.1.2' ],
56 silly audit   '@radix-ui/react-dialog': [ '1.1.15' ],
56 silly audit   '@radix-ui/react-direction': [ '1.1.1' ],
56 silly audit   '@radix-ui/react-dismissable-layer': [ '1.1.11' ],
56 silly audit   '@radix-ui/react-focus-guards': [ '1.1.3' ],
56 silly audit   '@radix-ui/react-focus-scope': [ '1.1.7' ],
56 silly audit   '@radix-ui/react-id': [ '1.1.1' ],
56 silly audit   '@radix-ui/react-popper': [ '1.2.8' ],
56 silly audit   '@radix-ui/react-portal': [ '1.1.9' ],
56 silly audit   '@radix-ui/react-presence': [ '1.1.5' ],
56 silly audit   '@radix-ui/react-primitive': [ '2.1.3', '2.1.4' ],
56 silly audit   '@radix-ui/react-select': [ '2.2.6' ],
56 silly audit   '@radix-ui/react-use-callback-ref': [ '1.1.1' ],
56 silly audit   '@radix-ui/react-use-controllable-state': [ '1.2.2' ],
56 silly audit   '@radix-ui/react-use-effect-event': [ '0.0.2' ],
56 silly audit   '@radix-ui/react-use-escape-keydown': [ '1.1.1' ],
56 silly audit   '@radix-ui/react-use-layout-effect': [ '1.1.1' ],
56 silly audit   '@radix-ui/react-use-previous': [ '1.1.1' ],
56 silly audit   '@radix-ui/react-use-rect': [ '1.1.1' ],
56 silly audit   '@radix-ui/react-use-size': [ '1.1.1' ],
56 silly audit   '@radix-ui/react-visually-hidden': [ '1.2.3' ],
56 silly audit   '@radix-ui/rect': [ '1.1.1' ],
56 silly audit   '@rtsao/scc': [ '1.1.0' ],
56 silly audit   '@rushstack/eslint-patch': [ '1.16.1' ],
56 silly audit   '@standard-schema/spec': [ '1.1.0' ],
56 silly audit   '@swc/counter': [ '0.1.3' ],
56 silly audit   '@swc/helpers': [ '0.5.5' ],
56 silly audit   '@tybys/wasm-util': [ '0.10.1' ],
56 silly audit   '@types/json5': [ '0.0.29' ],
56 silly audit   '@types/node': [ '20.19.33' ],
56 silly audit   '@types/prop-types': [ '15.7.15' ],
56 silly audit   '@types/react': [ '18.3.28' ],
56 silly audit   '@types/react-dom': [ '18.3.7' ],
56 silly audit   '@typescript-eslint/parser': [ '7.2.0' ],
56 silly audit   '@typescript-eslint/scope-manager': [ '7.2.0' ],
56 silly audit   '@typescript-eslint/types': [ '7.2.0' ],
56 silly audit   '@typescript-eslint/typescript-estree': [ '7.2.0' ],
56 silly audit   'brace-expansion': [ '2.0.2', '1.1.12', '5.0.3' ],
56 silly audit   minimatch: [ '9.0.3', '9.0.6', '3.1.3' ],
56 silly audit   '@typescript-eslint/visitor-keys': [ '7.2.0' ],
56 silly audit   '@ungap/structured-clone': [ '1.3.0' ],
56 silly audit   '@unrs/resolver-binding-android-arm-eabi': [ '1.11.1' ],
56 silly audit   '@unrs/resolver-binding-android-arm64': [ '1.11.1' ],
56 silly audit   '@unrs/resolver-binding-darwin-arm64': [ '1.11.1' ],
56 silly audit   '@unrs/resolver-binding-darwin-x64': [ '1.11.1' ],
56 silly audit   '@unrs/resolver-binding-freebsd-x64': [ '1.11.1' ],
56 silly audit   '@unrs/resolver-binding-linux-arm-gnueabihf': [ '1.11.1' ],
56 silly audit   '@unrs/resolver-binding-linux-arm-musleabihf': [ '1.11.1' ],
56 silly audit   '@unrs/resolver-binding-linux-arm64-gnu': [ '1.11.1' ],
56 silly audit   '@unrs/resolver-binding-linux-arm64-musl': [ '1.11.1' ],
56 silly audit   '@unrs/resolver-binding-linux-ppc64-gnu': [ '1.11.1' ],
56 silly audit   '@unrs/resolver-binding-linux-riscv64-gnu': [ '1.11.1' ],
56 silly audit   '@unrs/resolver-binding-linux-riscv64-musl': [ '1.11.1' ],
56 silly audit   '@unrs/resolver-binding-linux-s390x-gnu': [ '1.11.1' ],
56 silly audit   '@unrs/resolver-binding-linux-x64-gnu': [ '1.11.1' ],
56 silly audit   '@unrs/resolver-binding-linux-x64-musl': [ '1.11.1' ],
56 silly audit   '@unrs/resolver-binding-wasm32-wasi': [ '1.11.1' ],
56 silly audit   '@unrs/resolver-binding-win32-arm64-msvc': [ '1.11.1' ],
56 silly audit   '@unrs/resolver-binding-win32-ia32-msvc': [ '1.11.1' ],
56 silly audit   '@unrs/resolver-binding-win32-x64-msvc': [ '1.11.1' ],
56 silly audit   acorn: [ '8.16.0' ],
56 silly audit   'acorn-jsx': [ '5.3.2' ],
56 silly audit   ajv: [ '6.14.0' ],
56 silly audit   'ansi-styles': [ '4.3.0', '6.2.3' ],
56 silly audit   'any-promise': [ '1.3.0' ],
56 silly audit   anymatch: [ '3.1.3' ],
56 silly audit   arg: [ '5.0.2' ],
56 silly audit   argparse: [ '2.0.1' ],
56 silly audit   'aria-hidden': [ '1.2.6' ],
56 silly audit   'aria-query': [ '5.3.2' ],
56 silly audit   'array-buffer-byte-length': [ '1.0.2' ],
56 silly audit   'array-includes': [ '3.1.9' ],
56 silly audit   'array-union': [ '2.1.0' ],
56 silly audit   'array.prototype.findlast': [ '1.2.5' ],
56 silly audit   'array.prototype.findlastindex': [ '1.2.6' ],
56 silly audit   'array.prototype.flat': [ '1.3.3' ],
56 silly audit   'array.prototype.flatmap': [ '1.3.3' ],
56 silly audit   'array.prototype.tosorted': [ '1.1.4' ],
56 silly audit   'arraybuffer.prototype.slice': [ '1.0.4' ],
56 silly audit   'ast-types-flow': [ '0.0.8' ],
56 silly audit   'async-function': [ '1.0.0' ],
56 silly audit   'available-typed-arrays': [ '1.0.7' ],
56 silly audit   'aws-ssl-profiles': [ '1.1.2' ],
56 silly audit   'axe-core': [ '4.11.1' ],
56 silly audit   'axobject-query': [ '4.1.0' ],
56 silly audit   'balanced-match': [ '1.0.2', '4.0.4' ],
56 silly audit   'binary-extensions': [ '2.3.0' ],
56 silly audit   braces: [ '3.0.3' ],
56 silly audit   busboy: [ '1.6.0' ],
56 silly audit   c12: [ '3.1.0' ],
56 silly audit   chokidar: [ '4.0.3', '3.6.0' ],
56 silly audit   jiti: [ '2.6.1', '1.21.7' ],
56 silly audit   readdirp: [ '4.1.2', '3.6.0' ],
56 silly audit   'call-bind': [ '1.0.8' ],
56 silly audit   'call-bind-apply-helpers': [ '1.0.2' ],
56 silly audit   'call-bound': [ '1.0.4' ],
56 silly audit   callsites: [ '3.1.0' ],
56 silly audit   'camelcase-css': [ '2.0.1' ],
56 silly audit   'caniuse-lite': [ '1.0.30001774' ],
56 silly audit   chalk: [ '4.1.2' ],
56 silly audit   chevrotain: [ '10.5.0' ],
56 silly audit   'glob-parent': [ '5.1.2', '6.0.2' ],
56 silly audit   citty: [ '0.1.6', '0.2.1' ],
56 silly audit   'class-variance-authority': [ '0.7.1' ],
56 silly audit   'client-only': [ '0.0.1' ],
56 silly audit   clsx: [ '2.1.1' ],
56 silly audit   'color-convert': [ '2.0.1' ],
56 silly audit   'color-name': [ '1.1.4' ],
56 silly audit   commander: [ '4.1.1' ],
56 silly audit   'concat-map': [ '0.0.1' ],
56 silly audit   confbox: [ '0.2.4' ],
56 silly audit   consola: [ '3.4.2' ],
56 silly audit   'cross-spawn': [ '7.0.6' ],
56 silly audit   cssesc: [ '3.0.0' ],
56 silly audit   csstype: [ '3.2.3' ],
56 silly audit   'damerau-levenshtein': [ '1.0.8' ],
56 silly audit   'data-view-buffer': [ '1.0.2' ],
56 silly audit   'data-view-byte-length': [ '1.0.2' ],
56 silly audit   'data-view-byte-offset': [ '1.0.1' ],
56 silly audit   debug: [ '4.4.3', '3.2.7' ],
56 silly audit   'deep-is': [ '0.1.4' ],
56 silly audit   'deepmerge-ts': [ '7.1.5' ],
56 silly audit   'define-data-property': [ '1.1.4' ],
56 silly audit   'define-properties': [ '1.2.1' ],
56 silly audit   defu: [ '6.1.4' ],
56 silly audit   denque: [ '2.1.0' ],
56 silly audit   destr: [ '2.0.5' ],
56 silly audit   'detect-node-es': [ '1.1.0' ],
56 silly audit   didyoumean: [ '1.2.2' ],
56 silly audit   'dir-glob': [ '3.0.1' ],
56 silly audit   dlv: [ '1.1.3' ],
56 silly audit   doctrine: [ '3.0.0', '2.1.0' ],
56 silly audit   dotenv: [ '16.6.1' ],
56 silly audit   'dunder-proto': [ '1.0.1' ],
56 silly audit   eastasianwidth: [ '0.2.0' ],
56 silly audit   effect: [ '3.18.4' ],
56 silly audit   'emoji-regex': [ '9.2.2', '8.0.0' ],
56 silly audit   empathic: [ '2.0.0' ],
56 silly audit   'es-abstract': [ '1.24.1' ],
56 silly audit   'es-define-property': [ '1.0.1' ],
56 silly audit   'es-errors': [ '1.3.0' ],
56 silly audit   'es-iterator-helpers': [ '1.2.2' ],
56 silly audit   'es-object-atoms': [ '1.1.1' ],
56 silly audit   'es-set-tostringtag': [ '2.1.0' ],
56 silly audit   'es-shim-unscopables': [ '1.1.0' ],
56 silly audit   'es-to-primitive': [ '1.3.0' ],
56 silly audit   'escape-string-regexp': [ '4.0.0' ],
56 silly audit   eslint: [ '8.57.1' ],
56 silly audit   'eslint-config-next': [ '14.2.3' ],
56 silly audit   'eslint-import-resolver-node': [ '0.3.9' ],
56 silly audit   'eslint-import-resolver-typescript': [ '3.10.1' ],
56 silly audit   'eslint-module-utils': [ '2.12.1' ],
56 silly audit   'eslint-plugin-import': [ '2.32.0' ],
56 silly audit   semver: [ '6.3.1', '7.7.4' ],
56 silly audit   'eslint-plugin-jsx-a11y': [ '6.10.2' ],
56 silly audit   'eslint-plugin-react': [ '7.37.5' ],
56 silly audit   'eslint-plugin-react-hooks': [ '5.0.0-canary-7118f5dd7-20230705' ],
56 silly audit   resolve: [ '2.0.0-next.6', '1.22.11' ],
56 silly audit   'eslint-scope': [ '7.2.2' ],
56 silly audit   'eslint-visitor-keys': [ '3.4.3' ],
56 silly audit   espree: [ '9.6.1' ],
56 silly audit   esquery: [ '1.7.0' ],
56 silly audit   esrecurse: [ '4.3.0' ],
56 silly audit   estraverse: [ '5.3.0' ],
56 silly audit   esutils: [ '2.0.3' ],
56 silly audit   exsolve: [ '1.0.8' ],
56 silly audit   'fast-check': [ '3.23.2' ],
56 silly audit   'fast-deep-equal': [ '3.1.3' ],
56 silly audit   'fast-glob': [ '3.3.3' ],
56 silly audit   'fast-json-stable-stringify': [ '2.1.0' ],
56 silly audit   'fast-levenshtein': [ '2.0.6' ],
56 silly audit   fastq: [ '1.20.1' ],
56 silly audit   'file-entry-cache': [ '6.0.1' ],
56 silly audit   'fill-range': [ '7.1.1' ],
56 silly audit   'find-up': [ '5.0.0' ],
56 silly audit   'flat-cache': [ '3.2.0' ],
56 silly audit   flatted: [ '3.3.3' ],
56 silly audit   'for-each': [ '0.3.5' ],
56 silly audit   'foreground-child': [ '3.3.1' ],
56 silly audit   'fs.realpath': [ '1.0.0' ],
56 silly audit   fsevents: [ '2.3.3' ],
56 silly audit   'function-bind': [ '1.1.2' ],
56 silly audit   'function.prototype.name': [ '1.1.8' ],
56 silly audit   'functions-have-names': [ '1.2.3' ],
56 silly audit   'generate-function': [ '2.3.1' ],
56 silly audit   'generator-function': [ '2.0.1' ],
56 silly audit   'get-intrinsic': [ '1.3.0' ],
56 silly audit   'get-nonce': [ '1.0.1' ],
56 silly audit   'get-port-please': [ '3.2.0' ],
56 silly audit   'get-proto': [ '1.0.1' ],
56 silly audit   'get-symbol-description': [ '1.1.0' ],
56 silly audit   'get-tsconfig': [ '4.13.6' ],
56 silly audit   giget: [ '2.0.0' ],
56 silly audit   glob: [ '10.3.10', '7.2.3' ],
56 silly audit   globals: [ '13.24.0' ],
56 silly audit   globalthis: [ '1.0.4' ],
56 silly audit   globby: [ '11.1.0' ],
56 silly audit   gopd: [ '1.2.0' ],
56 silly audit   'graceful-fs': [ '4.2.11' ],
56 silly audit   grammex: [ '3.1.12' ],
56 silly audit   graphemer: [ '1.4.0' ],
56 silly audit   graphmatch: [ '1.1.1' ],
56 silly audit   'has-bigints': [ '1.1.0' ],
56 silly audit   'has-flag': [ '4.0.0' ],
56 silly audit   'has-property-descriptors': [ '1.0.2' ],
56 silly audit   'has-proto': [ '1.2.0' ],
56 silly audit   'has-symbols': [ '1.1.0' ],
56 silly audit   'has-tostringtag': [ '1.0.2' ],
56 silly audit   hasown: [ '2.0.2' ],
56 silly audit   hono: [ '4.11.4' ],
56 silly audit   'http-status-codes': [ '2.3.0' ],
56 silly audit   'iconv-lite': [ '0.7.2' ],
56 silly audit   ignore: [ '5.3.2' ],
56 silly audit   'import-fresh': [ '3.3.1' ],
56 silly audit   imurmurhash: [ '0.1.4' ],
56 silly audit   inflight: [ '1.0.6' ],
56 silly audit   inherits: [ '2.0.4' ],
56 silly audit   'internal-slot': [ '1.1.0' ],
56 silly audit   'is-array-buffer': [ '3.0.5' ],
56 silly audit   'is-async-function': [ '2.1.1' ],
56 silly audit   'is-bigint': [ '1.1.0' ],
56 silly audit   'is-binary-path': [ '2.1.0' ],
56 silly audit   'is-boolean-object': [ '1.2.2' ],
56 silly audit   'is-bun-module': [ '2.0.0' ],
56 silly audit   'is-callable': [ '1.2.7' ],
56 silly audit   'is-core-module': [ '2.16.1' ],
56 silly audit   'is-data-view': [ '1.0.2' ],
56 silly audit   'is-date-object': [ '1.1.0' ],
56 silly audit   'is-extglob': [ '2.1.1' ],
56 silly audit   'is-finalizationregistry': [ '1.1.1' ],
56 silly audit   'is-fullwidth-code-point': [ '3.0.0' ],
56 silly audit   'is-generator-function': [ '1.1.2' ],
56 silly audit   'is-glob': [ '4.0.3' ],
56 silly audit   'is-map': [ '2.0.3' ],
56 silly audit   'is-negative-zero': [ '2.0.3' ],
56 silly audit   'is-number': [ '7.0.0' ],
56 silly audit   'is-number-object': [ '1.1.1' ],
56 silly audit   'is-path-inside': [ '3.0.3' ],
56 silly audit   'is-property': [ '1.0.2' ],
56 silly audit   'is-regex': [ '1.2.1' ],
56 silly audit   'is-set': [ '2.0.3' ],
56 silly audit   'is-shared-array-buffer': [ '1.0.4' ],
56 silly audit   'is-string': [ '1.1.1' ],
56 silly audit   'is-symbol': [ '1.1.1' ],
56 silly audit   'is-typed-array': [ '1.1.15' ],
56 silly audit   'is-weakmap': [ '2.0.2' ],
56 silly audit   'is-weakref': [ '1.1.1' ],
56 silly audit   'is-weakset': [ '2.0.4' ],
56 silly audit   isarray: [ '2.0.5' ],
56 silly audit   isexe: [ '2.0.0' ],
56 silly audit   'iterator.prototype': [ '1.1.5' ],
56 silly audit   jackspeak: [ '2.3.6' ],
56 silly audit   'js-tokens': [ '4.0.0' ],
56 silly audit   'js-yaml': [ '4.1.1' ],
56 silly audit   'json-buffer': [ '3.0.1' ],
56 silly audit   'json-schema-traverse': [ '0.4.1' ],
56 silly audit   'json-stable-stringify-without-jsonify': [ '1.0.1' ],
56 silly audit   json5: [ '1.0.2' ],
56 silly audit   'jsx-ast-utils': [ '3.3.5' ],
56 silly audit   keyv: [ '4.5.4' ],
56 silly audit   'language-subtag-registry': [ '0.3.23' ],
56 silly audit   'language-tags': [ '1.0.9' ],
56 silly audit   levn: [ '0.4.1' ],
56 silly audit   'lines-and-columns': [ '1.2.4' ],
56 silly audit   'locate-path': [ '6.0.0' ],
56 silly audit   lodash: [ '4.17.21' ],
56 silly audit   'lodash.merge': [ '4.6.2' ],
56 silly audit   long: [ '5.3.2' ],
56 silly audit   'loose-envify': [ '1.4.0' ],
56 silly audit   'lru-cache': [ '10.4.3' ],
56 silly audit   'lru.min': [ '1.1.4' ],
56 silly audit   'lucide-react': [ '0.575.0' ],
56 silly audit   'math-intrinsics': [ '1.1.0' ],
56 silly audit   merge2: [ '1.4.1' ],
56 silly audit   micromatch: [ '4.0.8' ],
56 silly audit   minimist: [ '1.2.8' ],
56 silly audit   minipass: [ '7.1.3' ],
56 silly audit   ms: [ '2.1.3' ],
56 silly audit   mysql2: [ '3.15.3' ],
56 silly audit   mz: [ '2.7.0' ],
56 silly audit   'named-placeholders': [ '1.1.6' ],
56 silly audit   nanoid: [ '3.3.11' ],
56 silly audit   'napi-postinstall': [ '0.3.4' ],
56 silly audit   'natural-compare': [ '1.4.0' ],
56 silly audit   next: [ '14.2.3' ],
56 silly audit   postcss: [ '8.4.31', '8.5.6' ],
56 silly audit   'node-exports-info': [ '1.6.0' ],
56 silly audit   'node-fetch-native': [ '1.6.7' ],
56 silly audit   'normalize-path': [ '3.0.0' ],
56 silly audit   nypm: [ '0.6.5' ],
56 silly audit   'object-assign': [ '4.1.1' ],
56 silly audit   'object-hash': [ '3.0.0' ],
56 silly audit   'object-inspect': [ '1.13.4' ],
56 silly audit   'object-keys': [ '1.1.1' ],
56 silly audit   'object.assign': [ '4.1.7' ],
56 silly audit   'object.entries': [ '1.1.9' ],
56 silly audit   'object.fromentries': [ '2.0.8' ],
56 silly audit   'object.groupby': [ '1.0.3' ],
56 silly audit   'object.values': [ '1.2.1' ],
56 silly audit   ohash: [ '2.0.11' ],
56 silly audit   once: [ '1.4.0' ],
56 silly audit   optionator: [ '0.9.4' ],
56 silly audit   'own-keys': [ '1.0.1' ],
56 silly audit   'p-limit': [ '3.1.0' ],
56 silly audit   'p-locate': [ '5.0.0' ],
56 silly audit   'parent-module': [ '1.0.1' ],
56 silly audit   'path-exists': [ '4.0.0' ],
56 silly audit   'path-is-absolute': [ '1.0.1' ],
56 silly audit   'path-key': [ '3.1.1' ],
56 silly audit   'path-parse': [ '1.0.7' ],
56 silly audit   'path-scurry': [ '1.11.1' ],
56 silly audit   'path-type': [ '4.0.0' ],
56 silly audit   pathe: [ '2.0.3' ],
56 silly audit   'perfect-debounce': [ '1.0.0' ],
56 silly audit   picocolors: [ '1.1.1' ],
56 silly audit   picomatch: [ '2.3.1', '4.0.3' ],
56 silly audit   pify: [ '2.3.0' ],
56 silly audit   pirates: [ '4.0.7' ],
56 silly audit   'pkg-types': [ '2.3.0' ],
56 silly audit   'possible-typed-array-names': [ '1.1.0' ],
56 silly audit   'postcss-import': [ '15.1.0' ],
56 silly audit   'postcss-js': [ '4.1.0' ],
56 silly audit   'postcss-load-config': [ '6.0.1' ],
56 silly audit   'postcss-nested': [ '6.2.0' ],
56 silly audit   'postcss-selector-parser': [ '6.1.2' ],
56 silly audit   'postcss-value-parser': [ '4.2.0' ],
56 silly audit   postgres: [ '3.4.7' ],
56 silly audit   'prelude-ls': [ '1.2.1' ],
56 silly audit   prisma: [ '7.4.1' ],
56 silly audit   'prop-types': [ '15.8.1' ],
56 silly audit   'proper-lockfile': [ '4.1.2' ],
56 silly audit   'signal-exit': [ '3.0.7', '4.1.0' ],
56 silly audit   punycode: [ '2.3.1' ],
56 silly audit   'pure-rand': [ '6.1.0' ],
56 silly audit   'queue-microtask': [ '1.2.3' ],
56 silly audit   rc9: [ '2.1.2' ],
56 silly audit   react: [ '18.3.1' ],
56 silly audit   'react-dom': [ '18.3.1' ],
56 silly audit   'react-is': [ '16.13.1' ],
56 silly audit   'react-remove-scroll': [ '2.7.2' ],
56 silly audit   'react-remove-scroll-bar': [ '2.3.8' ],
56 silly audit   'react-style-singleton': [ '2.2.3' ],
56 silly audit   'read-cache': [ '1.0.0' ],
56 silly audit   'reflect.getprototypeof': [ '1.0.10' ],
56 silly audit   'regexp-to-ast': [ '0.5.0' ],
56 silly audit   'regexp.prototype.flags': [ '1.5.4' ],
56 silly audit   remeda: [ '2.33.4' ],
56 silly audit   'resolve-from': [ '4.0.0' ],
56 silly audit   'resolve-pkg-maps': [ '1.0.0' ],
56 silly audit   retry: [ '0.12.0' ],
56 silly audit   reusify: [ '1.1.0' ],
56 silly audit   rimraf: [ '3.0.2' ],
56 silly audit   'run-parallel': [ '1.2.0' ],
56 silly audit   'safe-array-concat': [ '1.1.3' ],
56 silly audit   'safe-push-apply': [ '1.0.0' ],
56 silly audit   'safe-regex-test': [ '1.1.0' ],
56 silly audit   'safer-buffer': [ '2.1.2' ],
56 silly audit   scheduler: [ '0.23.2' ],
56 silly audit   'seq-queue': [ '0.0.5' ],
56 silly audit   'set-function-length': [ '1.2.2' ],
56 silly audit   'set-function-name': [ '2.0.2' ],
56 silly audit   'set-proto': [ '1.0.0' ],
56 silly audit   'shebang-command': [ '2.0.0' ],
56 silly audit   'shebang-regex': [ '3.0.0' ],
56 silly audit   'side-channel': [ '1.1.0' ],
56 silly audit   'side-channel-list': [ '1.0.0' ],
56 silly audit   'side-channel-map': [ '1.0.1' ],
56 silly audit   'side-channel-weakmap': [ '1.0.2' ],
56 silly audit   slash: [ '3.0.0' ],
56 silly audit   'source-map-js': [ '1.2.1' ],
56 silly audit   sqlstring: [ '2.3.3' ],
56 silly audit   'stable-hash': [ '0.0.5' ],
56 silly audit   'std-env': [ '3.10.0' ],
56 silly audit   'stop-iteration-iterator': [ '1.1.0' ],
56 silly audit   streamsearch: [ '1.1.0' ],
56 silly audit   'string-width': [ '5.1.2', '4.2.3' ],
56 silly audit   'string.prototype.includes': [ '2.0.1' ],
56 silly audit   'string.prototype.matchall': [ '4.0.12' ],
56 silly audit   'string.prototype.repeat': [ '1.0.0' ],
56 silly audit   'string.prototype.trim': [ '1.2.10' ],
56 silly audit   'string.prototype.trimend': [ '1.0.9' ],
56 silly audit   'string.prototype.trimstart': [ '1.0.8' ],
56 silly audit   'strip-bom': [ '3.0.0' ],
56 silly audit   'strip-json-comments': [ '3.1.1' ],
56 silly audit   'styled-jsx': [ '5.1.1' ],
56 silly audit   sucrase: [ '3.35.1' ],
56 silly audit   'supports-color': [ '7.2.0' ],
56 silly audit   'supports-preserve-symlinks-flag': [ '1.0.0' ],
56 silly audit   'tailwind-merge': [ '3.5.0' ],
56 silly audit   tailwindcss: [ '3.4.19' ],
56 silly audit   'tailwindcss-animate': [ '1.0.7' ],
56 silly audit   'text-table': [ '0.2.0' ],
56 silly audit   thenify: [ '3.3.1' ],
56 silly audit   'thenify-all': [ '1.6.0' ],
56 silly audit   tinyexec: [ '1.0.2' ],
56 silly audit   tinyglobby: [ '0.2.15' ],
56 silly audit   fdir: [ '6.5.0' ],
56 silly audit   'to-regex-range': [ '5.0.1' ],
56 silly audit   'ts-api-utils': [ '1.4.3' ],
56 silly audit   'ts-interface-checker': [ '0.1.13' ],
56 silly audit   'tsconfig-paths': [ '3.15.0' ],
56 silly audit   tslib: [ '2.8.1' ],
56 silly audit   'type-check': [ '0.4.0' ],
56 silly audit   'type-fest': [ '0.20.2' ],
56 silly audit   'typed-array-buffer': [ '1.0.3' ],
56 silly audit   'typed-array-byte-length': [ '1.0.3' ],
56 silly audit   'typed-array-byte-offset': [ '1.0.4' ],
56 silly audit   'typed-array-length': [ '1.0.7' ],
56 silly audit   typescript: [ '5.9.3' ],
56 silly audit   'unbox-primitive': [ '1.1.0' ],
56 silly audit   'undici-types': [ '6.21.0' ],
56 silly audit   'unrs-resolver': [ '1.11.1' ],
56 silly audit   'uri-js': [ '4.4.1' ],
56 silly audit   'use-callback-ref': [ '1.3.3' ],
56 silly audit   'use-sidecar': [ '1.1.3' ],
56 silly audit   'util-deprecate': [ '1.0.2' ],
56 silly audit   valibot: [ '1.2.0' ],
56 silly audit   which: [ '2.0.2' ],
56 silly audit   'which-boxed-primitive': [ '1.1.1' ],
56 silly audit   'which-builtin-type': [ '1.2.1' ],
56 silly audit   'which-collection': [ '1.0.2' ],
56 silly audit   'which-typed-array': [ '1.1.20' ],
56 silly audit   'word-wrap': [ '1.2.5' ],
56 silly audit   'wrap-ansi': [ '8.1.0', '7.0.0' ],
56 silly audit   wrappy: [ '1.0.2' ],
56 silly audit   'yocto-queue': [ '0.1.0' ],
56 silly audit   zeptomatch: [ '2.1.0' ],
56 silly audit   '@radix-ui/react-label': [ '2.1.8' ]
56 silly audit }
57 verbose reify failed optional dependency /Users/xfcc/Documents/trae_projects/JATLAS/node_modules/@unrs/resolver-binding-win32-x64-msvc
58 silly reify mark deleted [
58 silly reify   '/Users/xfcc/Documents/trae_projects/JATLAS/node_modules/@unrs/resolver-binding-win32-x64-msvc'
58 silly reify ]
59 verbose reify failed optional dependency /Users/xfcc/Documents/trae_projects/JATLAS/node_modules/@unrs/resolver-binding-win32-ia32-msvc
60 silly reify mark deleted [
60 silly reify   '/Users/xfcc/Documents/trae_projects/JATLAS/node_modules/@unrs/resolver-binding-win32-ia32-msvc'
60 silly reify ]
61 verbose reify failed optional dependency /Users/xfcc/Documents/trae_projects/JATLAS/node_modules/@unrs/resolver-binding-win32-arm64-msvc
62 silly reify mark deleted [
62 silly reify   '/Users/xfcc/Documents/trae_projects/JATLAS/node_modules/@unrs/resolver-binding-win32-arm64-msvc'
62 silly reify ]
63 verbose reify failed optional dependency /Users/xfcc/Documents/trae_projects/JATLAS/node_modules/@unrs/resolver-binding-wasm32-wasi
64 silly reify mark deleted [
64 silly reify   '/Users/xfcc/Documents/trae_projects/JATLAS/node_modules/@unrs/resolver-binding-wasm32-wasi'
64 silly reify ]
65 verbose reify failed optional dependency /Users/xfcc/Documents/trae_projects/JATLAS/node_modules/@napi-rs/wasm-runtime
66 silly reify mark deleted [
66 silly reify   '/Users/xfcc/Documents/trae_projects/JATLAS/node_modules/@napi-rs/wasm-runtime'
66 silly reify ]
67 verbose reify failed optional dependency /Users/xfcc/Documents/trae_projects/JATLAS/node_modules/@emnapi/core
68 silly reify mark deleted [
68 silly reify   '/Users/xfcc/Documents/trae_projects/JATLAS/node_modules/@emnapi/core'
68 silly reify ]
69 verbose reify failed optional dependency /Users/xfcc/Documents/trae_projects/JATLAS/node_modules/@emnapi/runtime
70 silly reify mark deleted [
70 silly reify   '/Users/xfcc/Documents/trae_projects/JATLAS/node_modules/@emnapi/runtime'
70 silly reify ]
71 verbose reify failed optional dependency /Users/xfcc/Documents/trae_projects/JATLAS/node_modules/@tybys/wasm-util
72 silly reify mark deleted [
72 silly reify   '/Users/xfcc/Documents/trae_projects/JATLAS/node_modules/@tybys/wasm-util'
72 silly reify ]
73 verbose reify failed optional dependency /Users/xfcc/Documents/trae_projects/JATLAS/node_modules/@emnapi/wasi-threads
74 silly reify mark deleted [
74 silly reify   '/Users/xfcc/Documents/trae_projects/JATLAS/node_modules/@emnapi/wasi-threads'
74 silly reify ]
75 verbose reify failed optional dependency /Users/xfcc/Documents/trae_projects/JATLAS/node_modules/@unrs/resolver-binding-linux-x64-musl
76 silly reify mark deleted [
76 silly reify   '/Users/xfcc/Documents/trae_projects/JATLAS/node_modules/@unrs/resolver-binding-linux-x64-musl'
76 silly reify ]
77 verbose reify failed optional dependency /Users/xfcc/Documents/trae_projects/JATLAS/node_modules/@unrs/resolver-binding-linux-x64-gnu
78 silly reify mark deleted [
78 silly reify   '/Users/xfcc/Documents/trae_projects/JATLAS/node_modules/@unrs/resolver-binding-linux-x64-gnu'
78 silly reify ]
79 verbose reify failed optional dependency /Users/xfcc/Documents/trae_projects/JATLAS/node_modules/@unrs/resolver-binding-linux-s390x-gnu
80 silly reify mark deleted [
80 silly reify   '/Users/xfcc/Documents/trae_projects/JATLAS/node_modules/@unrs/resolver-binding-linux-s390x-gnu'
80 silly reify ]
81 verbose reify failed optional dependency /Users/xfcc/Documents/trae_projects/JATLAS/node_modules/@unrs/resolver-binding-linux-riscv64-musl
82 silly reify mark deleted [
82 silly reify   '/Users/xfcc/Documents/trae_projects/JATLAS/node_modules/@unrs/resolver-binding-linux-riscv64-musl'
82 silly reify ]
83 verbose reify failed optional dependency /Users/xfcc/Documents/trae_projects/JATLAS/node_modules/@unrs/resolver-binding-linux-riscv64-gnu
84 silly reify mark deleted [
84 silly reify   '/Users/xfcc/Documents/trae_projects/JATLAS/node_modules/@unrs/resolver-binding-linux-riscv64-gnu'
84 silly reify ]
85 verbose reify failed optional dependency /Users/xfcc/Documents/trae_projects/JATLAS/node_modules/@unrs/resolver-binding-linux-ppc64-gnu
86 silly reify mark deleted [
86 silly reify   '/Users/xfcc/Documents/trae_projects/JATLAS/node_modules/@unrs/resolver-binding-linux-ppc64-gnu'
86 silly reify ]
87 verbose reify failed optional dependency /Users/xfcc/Documents/trae_projects/JATLAS/node_modules/@unrs/resolver-binding-linux-arm64-musl
88 silly reify mark deleted [
88 silly reify   '/Users/xfcc/Documents/trae_projects/JATLAS/node_modules/@unrs/resolver-binding-linux-arm64-musl'
88 silly reify ]
89 verbose reify failed optional dependency /Users/xfcc/Documents/trae_projects/JATLAS/node_modules/@unrs/resolver-binding-linux-arm64-gnu
90 silly reify mark deleted [
90 silly reify   '/Users/xfcc/Documents/trae_projects/JATLAS/node_modules/@unrs/resolver-binding-linux-arm64-gnu'
90 silly reify ]
91 verbose reify failed optional dependency /Users/xfcc/Documents/trae_projects/JATLAS/node_modules/@unrs/resolver-binding-linux-arm-musleabihf
92 silly reify mark deleted [
92 silly reify   '/Users/xfcc/Documents/trae_projects/JATLAS/node_modules/@unrs/resolver-binding-linux-arm-musleabihf'
92 silly reify ]
93 verbose reify failed optional dependency /Users/xfcc/Documents/trae_projects/JATLAS/node_modules/@unrs/resolver-binding-linux-arm-gnueabihf
94 silly reify mark deleted [
94 silly reify   '/Users/xfcc/Documents/trae_projects/JATLAS/node_modules/@unrs/resolver-binding-linux-arm-gnueabihf'
94 silly reify ]
95 verbose reify failed optional dependency /Users/xfcc/Documents/trae_projects/JATLAS/node_modules/@unrs/resolver-binding-freebsd-x64
96 silly reify mark deleted [
96 silly reify   '/Users/xfcc/Documents/trae_projects/JATLAS/node_modules/@unrs/resolver-binding-freebsd-x64'
96 silly reify ]
97 verbose reify failed optional dependency /Users/xfcc/Documents/trae_projects/JATLAS/node_modules/@unrs/resolver-binding-darwin-x64
98 silly reify mark deleted [
98 silly reify   '/Users/xfcc/Documents/trae_projects/JATLAS/node_modules/@unrs/resolver-binding-darwin-x64'
98 silly reify ]
99 verbose reify failed optional dependency /Users/xfcc/Documents/trae_projects/JATLAS/node_modules/@unrs/resolver-binding-android-arm64
100 silly reify mark deleted [
100 silly reify   '/Users/xfcc/Documents/trae_projects/JATLAS/node_modules/@unrs/resolver-binding-android-arm64'
100 silly reify ]
101 verbose reify failed optional dependency /Users/xfcc/Documents/trae_projects/JATLAS/node_modules/@unrs/resolver-binding-android-arm-eabi
102 silly reify mark deleted [
102 silly reify   '/Users/xfcc/Documents/trae_projects/JATLAS/node_modules/@unrs/resolver-binding-android-arm-eabi'
102 silly reify ]
103 verbose reify failed optional dependency /Users/xfcc/Documents/trae_projects/JATLAS/node_modules/@next/swc-win32-x64-msvc
104 silly reify mark deleted [
104 silly reify   '/Users/xfcc/Documents/trae_projects/JATLAS/node_modules/@next/swc-win32-x64-msvc'
104 silly reify ]
105 verbose reify failed optional dependency /Users/xfcc/Documents/trae_projects/JATLAS/node_modules/@next/swc-win32-ia32-msvc
106 silly reify mark deleted [
106 silly reify   '/Users/xfcc/Documents/trae_projects/JATLAS/node_modules/@next/swc-win32-ia32-msvc'
106 silly reify ]
107 verbose reify failed optional dependency /Users/xfcc/Documents/trae_projects/JATLAS/node_modules/@next/swc-win32-arm64-msvc
108 silly reify mark deleted [
108 silly reify   '/Users/xfcc/Documents/trae_projects/JATLAS/node_modules/@next/swc-win32-arm64-msvc'
108 silly reify ]
109 verbose reify failed optional dependency /Users/xfcc/Documents/trae_projects/JATLAS/node_modules/@next/swc-linux-x64-musl
110 silly reify mark deleted [
110 silly reify   '/Users/xfcc/Documents/trae_projects/JATLAS/node_modules/@next/swc-linux-x64-musl'
110 silly reify ]
111 verbose reify failed optional dependency /Users/xfcc/Documents/trae_projects/JATLAS/node_modules/@next/swc-linux-x64-gnu
112 silly reify mark deleted [
112 silly reify   '/Users/xfcc/Documents/trae_projects/JATLAS/node_modules/@next/swc-linux-x64-gnu'
112 silly reify ]
113 verbose reify failed optional dependency /Users/xfcc/Documents/trae_projects/JATLAS/node_modules/@next/swc-linux-arm64-musl
114 silly reify mark deleted [
114 silly reify   '/Users/xfcc/Documents/trae_projects/JATLAS/node_modules/@next/swc-linux-arm64-musl'
114 silly reify ]
115 verbose reify failed optional dependency /Users/xfcc/Documents/trae_projects/JATLAS/node_modules/@next/swc-linux-arm64-gnu
116 silly reify mark deleted [
116 silly reify   '/Users/xfcc/Documents/trae_projects/JATLAS/node_modules/@next/swc-linux-arm64-gnu'
116 silly reify ]
117 verbose reify failed optional dependency /Users/xfcc/Documents/trae_projects/JATLAS/node_modules/@next/swc-darwin-x64
118 silly reify mark deleted [
118 silly reify   '/Users/xfcc/Documents/trae_projects/JATLAS/node_modules/@next/swc-darwin-x64'
118 silly reify ]
119 http cache @radix-ui/react-label@https://registry.npmjs.org/@radix-ui/react-label/-/react-label-2.1.8.tgz 0ms (cache hit)
120 http cache @tybys/wasm-util@https://registry.npmjs.org/@tybys/wasm-util/-/wasm-util-0.10.1.tgz 0ms (cache hit)
121 http cache @napi-rs/wasm-runtime@https://registry.npmjs.org/@napi-rs/wasm-runtime/-/wasm-runtime-0.2.12.tgz 0ms (cache hit)
122 http cache @emnapi/wasi-threads@https://registry.npmjs.org/@emnapi/wasi-threads/-/wasi-threads-1.1.0.tgz 0ms (cache hit)
123 http cache @emnapi/runtime@https://registry.npmjs.org/@emnapi/runtime/-/runtime-1.8.1.tgz 0ms (cache hit)
124 http cache @emnapi/core@https://registry.npmjs.org/@emnapi/core/-/core-1.8.1.tgz 0ms (cache hit)
125 silly tarball no local data for @radix-ui/react-label@https://registry.npmjs.org/@radix-ui/react-label/-/react-label-2.1.8.tgz. Extracting by manifest.
126 http cache @radix-ui/react-primitive@https://registry.npmjs.org/@radix-ui/react-primitive/-/react-primitive-2.1.4.tgz 0ms (cache hit)
127 silly tarball no local data for @radix-ui/react-primitive@https://registry.npmjs.org/@radix-ui/react-primitive/-/react-primitive-2.1.4.tgz. Extracting by manifest.
128 http fetch POST 200 https://registry.npmjs.org/-/npm/v1/security/advisories/bulk 230ms
129 silly audit report {
129 silly audit report   minimatch: [
129 silly audit report     {
129 silly audit report       id: 1113371,
129 silly audit report       url: 'https://github.com/advisories/GHSA-3ppc-4f35-3m26',
129 silly audit report       title: 'minimatch has a ReDoS via repeated wildcards with non-matching literal in pattern',
129 silly audit report       severity: 'high',
129 silly audit report       vulnerable_versions: '<10.2.1',
129 silly audit report       cwe: [Array],
129 silly audit report       cvss: [Object]
129 silly audit report     }
129 silly audit report   ],
129 silly audit report   glob: [
129 silly audit report     {
129 silly audit report       id: 1109842,
129 silly audit report       url: 'https://github.com/advisories/GHSA-5j98-mcp5-4vw2',
129 silly audit report       title: 'glob CLI: Command injection via -c/--cmd executes matches with shell:true',
129 silly audit report       severity: 'high',
129 silly audit report       vulnerable_versions: '>=10.2.0 <10.5.0',
129 silly audit report       cwe: [Array],
129 silly audit report       cvss: [Object]
129 silly audit report     }
129 silly audit report   ],
129 silly audit report   hono: [
129 silly audit report     {
129 silly audit report       id: 1112644,
129 silly audit report       url: 'https://github.com/advisories/GHSA-9r54-q6cx-xmh5',
129 silly audit report       title: 'Hono vulnerable to XSS through ErrorBoundary component ',
129 silly audit report       severity: 'moderate',
129 silly audit report       vulnerable_versions: '<4.11.7',
129 silly audit report       cwe: [Array],
129 silly audit report       cvss: [Object]
129 silly audit report     },
129 silly audit report     {
129 silly audit report       id: 1112677,
129 silly audit report       url: 'https://github.com/advisories/GHSA-6wqw-2p9w-4vw4',
129 silly audit report       title: 'Hono cache middleware ignores "Cache-Control: private" leading to Web Cache Deception',
129 silly audit report       severity: 'moderate',
129 silly audit report       vulnerable_versions: '<4.11.7',
129 silly audit report       cwe: [Array],
129 silly audit report       cvss: [Object]
129 silly audit report     },
129 silly audit report     {
129 silly audit report       id: 1112678,
129 silly audit report       url: 'https://github.com/advisories/GHSA-r354-f388-2fhh',
129 silly audit report       title: 'Hono IPv4 address validation bypass in IP Restriction Middleware allows IP spoofing',
129 silly audit report       severity: 'moderate',
129 silly audit report       vulnerable_versions: '<4.11.7',
129 silly audit report       cwe: [Array],
129 silly audit report       cvss: [Object]
129 silly audit report     },
129 silly audit report     {
129 silly audit report       id: 1112911,
129 silly audit report       url: 'https://github.com/advisories/GHSA-w332-q679-j88p',
129 silly audit report       title: 'Hono has an Arbitrary Key Read in Serve static Middleware (Cloudflare Workers Adapter)',
129 silly audit report       severity: 'moderate',
129 silly audit report       vulnerable_versions: '<4.11.7',
129 silly audit report       cwe: [Array],
129 silly audit report       cvss: [Object]
129 silly audit report     },
129 silly audit report     {
129 silly audit report       id: 1113311,
129 silly audit report       url: 'https://github.com/advisories/GHSA-gq3j-xvxp-8hrf',
129 silly audit report       title: 'Hono added timing comparison hardening in basicAuth and bearerAuth',
129 silly audit report       severity: 'low',
129 silly audit report       vulnerable_versions: '<4.11.10',
129 silly audit report       cwe: [Array],
129 silly audit report       cvss: [Object]
129 silly audit report     }
129 silly audit report   ],
129 silly audit report   lodash: [
129 silly audit report     {
129 silly audit report       id: 1112455,
129 silly audit report       url: 'https://github.com/advisories/GHSA-xxjr-mmjv-4gpg',
129 silly audit report       title: 'Lodash has Prototype Pollution Vulnerability in `_.unset` and `_.omit` functions',
129 silly audit report       severity: 'moderate',
129 silly audit report       vulnerable_versions: '>=4.0.0 <=4.17.22',
129 silly audit report       cwe: [Array],
129 silly audit report       cvss: [Object]
129 silly audit report     }
129 silly audit report   ],
129 silly audit report   next: [
129 silly audit report     {
129 silly audit report       id: 1099638,
129 silly audit report       url: 'https://github.com/advisories/GHSA-gp8f-8m3g-qvj9',
129 silly audit report       title: 'Next.js Cache Poisoning',
129 silly audit report       severity: 'high',
129 silly audit report       vulnerable_versions: '>=14.0.0 <14.2.10',
129 silly audit report       cwe: [Array],
129 silly audit report       cvss: [Object]
129 silly audit report     },
129 silly audit report     {
129 silly audit report       id: 1100421,
129 silly audit report       url: 'https://github.com/advisories/GHSA-g77x-44xx-532m',
129 silly audit report       title: 'Denial of Service condition in Next.js image optimization',
129 silly audit report       severity: 'moderate',
129 silly audit report       vulnerable_versions: '>=10.0.0 <14.2.7',
129 silly audit report       cwe: [Array],
129 silly audit report       cvss: [Object]
129 silly audit report     },
129 silly audit report     {
129 silly audit report       id: 1101438,
129 silly audit report       url: 'https://github.com/advisories/GHSA-7m27-7ghc-44w9',
129 silly audit report       title: 'Next.js Allows a Denial of Service (DoS) with Server Actions',
129 silly audit report       severity: 'moderate',
129 silly audit report       vulnerable_versions: '>=14.0.0 <14.2.21',
129 silly audit report       cwe: [Array],
129 silly audit report       cvss: [Object]
129 silly audit report     },
129 silly audit report     {
129 silly audit report       id: 1105461,
129 silly audit report       url: 'https://github.com/advisories/GHSA-3h52-269p-cp9r',
129 silly audit report       title: 'Information exposure in Next.js dev server due to lack of origin verification',
129 silly audit report       severity: 'low',
129 silly audit report       vulnerable_versions: '>=13.0 <14.2.30',
129 silly audit report       cwe: [Array],
129 silly audit report       cvss: [Object]
129 silly audit report     },
129 silly audit report     {
129 silly audit report       id: 1111391,
129 silly audit report       url: 'https://github.com/advisories/GHSA-mwv6-3258-q52c',
129 silly audit report       title: 'Next Vulnerable to Denial of Service with Server Components',
129 silly audit report       severity: 'high',
129 silly audit report       vulnerable_versions: '>=13.3.0 <14.2.34',
129 silly audit report       cwe: [Array],
129 silly audit report       cvss: [Object]
129 silly audit report     },
129 silly audit report     {
129 silly audit report       id: 1107226,
129 silly audit report       url: 'https://github.com/advisories/GHSA-g5qg-72qw-gw5v',
129 silly audit report       title: 'Next.js Affected by Cache Key Confusion for Image Optimization API Routes',
129 silly audit report       severity: 'moderate',
129 silly audit report       vulnerable_versions: '>=0.9.9 <14.2.31',
129 silly audit report       cwe: [Array],
129 silly audit report       cvss: [Object]
129 silly audit report     },
129 silly audit report     {
129 silly audit report       id: 1107420,
129 silly audit report       url: 'https://github.com/advisories/GHSA-7gfc-8cq8-jh5f',
129 silly audit report       title: 'Next.js authorization bypass vulnerability',
129 silly audit report       severity: 'high',
129 silly audit report       vulnerable_versions: '>=9.5.5 <14.2.15',
129 silly audit report       cwe: [Array],
129 silly audit report       cvss: [Object]
129 silly audit report     },
129 silly audit report     {
129 silly audit report       id: 1107512,
129 silly audit report       url: 'https://github.com/advisories/GHSA-4342-x723-ch2f',
129 silly audit report       title: 'Next.js Improper Middleware Redirect Handling Leads to SSRF',
129 silly audit report       severity: 'moderate',
129 silly audit report       vulnerable_versions: '>=0.9.9 <14.2.32',
129 silly audit report       cwe: [Array],
129 silly audit report       cvss: [Object]
129 silly audit report     },
129 silly audit report     {
129 silly audit report       id: 1107513,
129 silly audit report       url: 'https://github.com/advisories/GHSA-xv57-4mr9-wg8v',
129 silly audit report       title: 'Next.js Content Injection Vulnerability for Image Optimization',
129 silly audit report       severity: 'moderate',
129 silly audit report       vulnerable_versions: '>=0.9.9 <14.2.31',
129 silly audit report       cwe: [Array],
129 silly audit report       cvss: [Object]
129 silly audit report     },
129 silly audit report     {
129 silly audit report       id: 1112182,
129 silly audit report       url: 'https://github.com/advisories/GHSA-5j59-xgg2-r9c4',
129 silly audit report       title: 'Next has a Denial of Service with Server Components - Incomplete Fix Follow-Up',
129 silly audit report       severity: 'high',
129 silly audit report       vulnerable_versions: '>=13.3.1-canary.0 <14.2.35',
129 silly audit report       cwe: [Array],
129 silly audit report       cvss: [Object]
129 silly audit report     },
129 silly audit report     {
129 silly audit report       id: 1108291,
129 silly audit report       url: 'https://github.com/advisories/GHSA-qpjv-v59x-3qc4',
129 silly audit report       title: 'Next.js Race Condition to Cache Poisoning',
129 silly audit report       severity: 'low',
129 silly audit report       vulnerable_versions: '>=0.9.9 <14.2.24',
129 silly audit report       cwe: [Array],
129 silly audit report       cvss: [Object]
129 silly audit report     },
129 silly audit report     {
129 silly audit report       id: 1108953,
129 silly audit report       url: 'https://github.com/advisories/GHSA-f82v-jwr5-mffw',
129 silly audit report       title: 'Authorization Bypass in Next.js Middleware',
129 silly audit report       severity: 'critical',
129 silly audit report       vulnerable_versions: '>=14.0.0 <14.2.25',
129 silly audit report       cwe: [Array],
129 silly audit report       cvss: [Object]
129 silly audit report     },
129 silly audit report     {
129 silly audit report       id: 1112593,
129 silly audit report       url: 'https://github.com/advisories/GHSA-9g9p-9gw9-jx7f',
129 silly audit report       title: 'Next.js self-hosted applications vulnerable to DoS via Image Optimizer remotePatterns configuration',
129 silly audit report       severity: 'moderate',
129 silly audit report       vulnerable_versions: '>=10.0.0 <15.5.10',
129 silly audit report       cwe: [Array],
129 silly audit report       cvss: [Object]
129 silly audit report     },
129 silly audit report     {
129 silly audit report       id: 1112653,
129 silly audit report       url: 'https://github.com/advisories/GHSA-h25m-26qc-wcjf',
129 silly audit report       title: 'Next.js HTTP request deserialization can lead to DoS when using insecure React Server Components',
129 silly audit report       severity: 'high',
129 silly audit report       vulnerable_versions: '>=13.0.0 <15.0.8',
129 silly audit report       cwe: [Array],
129 silly audit report       cvss: [Object]
129 silly audit report     }
129 silly audit report   ]
129 silly audit report }
130 silly packumentCache corgi:https://registry.npmjs.org/minimatch cache-miss
131 silly packumentCache corgi:https://registry.npmjs.org/glob cache-miss
132 silly packumentCache corgi:https://registry.npmjs.org/hono cache-miss
133 silly packumentCache corgi:https://registry.npmjs.org/lodash cache-miss
134 silly packumentCache corgi:https://registry.npmjs.org/next cache-miss
135 http cache https://registry.npmjs.org/glob 14ms (cache hit)
136 silly packumentCache corgi:https://registry.npmjs.org/glob set size:199194 disposed:false
137 http cache https://registry.npmjs.org/minimatch 16ms (cache hit)
138 silly packumentCache corgi:https://registry.npmjs.org/minimatch set size:154574 disposed:false
139 http cache https://registry.npmjs.org/lodash 18ms (cache hit)
140 silly packumentCache corgi:https://registry.npmjs.org/lodash set size:68481 disposed:false
141 http cache https://registry.npmjs.org/hono 19ms (cache hit)
142 silly packumentCache corgi:https://registry.npmjs.org/hono set size:673654 disposed:false
143 http cache https://registry.npmjs.org/next 44ms (cache hit)
144 silly packumentCache corgi:https://registry.npmjs.org/next set size:23972795 disposed:false
145 silly packumentCache corgi:https://registry.npmjs.org/@typescript-eslint%2ftypescript-estree cache-miss
146 silly packumentCache corgi:https://registry.npmjs.org/@eslint%2feslintrc cache-miss
147 silly packumentCache corgi:https://registry.npmjs.org/@humanwhocodes%2fconfig-array cache-miss
148 silly packumentCache corgi:https://registry.npmjs.org/eslint cache-miss
149 silly packumentCache corgi:https://registry.npmjs.org/eslint-plugin-import cache-miss
150 silly packumentCache corgi:https://registry.npmjs.org/eslint-plugin-jsx-a11y cache-miss
151 silly packumentCache corgi:https://registry.npmjs.org/eslint-plugin-react cache-miss
152 http cache https://registry.npmjs.org/eslint-plugin-import 9ms (cache hit)
153 silly packumentCache corgi:https://registry.npmjs.org/eslint-plugin-import set size:238396 disposed:false
154 http cache https://registry.npmjs.org/@humanwhocodes%2fconfig-array 11ms (cache hit)
155 silly packumentCache corgi:https://registry.npmjs.org/@humanwhocodes%2fconfig-array set size:69299 disposed:false
156 http cache https://registry.npmjs.org/@eslint%2feslintrc 13ms (cache hit)
157 silly packumentCache corgi:https://registry.npmjs.org/@eslint%2feslintrc set size:81979 disposed:false
158 http cache https://registry.npmjs.org/eslint 13ms (cache hit)
159 silly packumentCache corgi:https://registry.npmjs.org/eslint set size:1135904 disposed:false
160 http cache https://registry.npmjs.org/eslint-plugin-jsx-a11y 18ms (cache hit)
161 silly packumentCache corgi:https://registry.npmjs.org/eslint-plugin-jsx-a11y set size:108835 disposed:false
162 http cache https://registry.npmjs.org/@typescript-eslint%2ftypescript-estree 26ms (cache hit)
163 silly packumentCache corgi:https://registry.npmjs.org/@typescript-eslint%2ftypescript-estree set size:8501137 disposed:false
164 http cache https://registry.npmjs.org/eslint-plugin-react 83ms (cache hit)
165 silly packumentCache corgi:https://registry.npmjs.org/eslint-plugin-react set size:309843 disposed:false
166 silly packumentCache corgi:https://registry.npmjs.org/@next%2feslint-plugin-next cache-miss
167 http cache https://registry.npmjs.org/@next%2feslint-plugin-next 6ms (cache hit)
168 silly packumentCache corgi:https://registry.npmjs.org/@next%2feslint-plugin-next set size:3112955 disposed:false
169 silly packumentCache corgi:https://registry.npmjs.org/@hono%2fnode-server cache-miss
170 silly packumentCache corgi:https://registry.npmjs.org/@prisma%2fdev cache-miss
171 http cache https://registry.npmjs.org/@hono%2fnode-server 3ms (cache hit)
172 silly packumentCache corgi:https://registry.npmjs.org/@hono%2fnode-server set size:79772 disposed:false
173 http cache https://registry.npmjs.org/@prisma%2fdev 5ms (cache hit)
174 silly packumentCache corgi:https://registry.npmjs.org/@prisma%2fdev set size:941438 disposed:false
175 silly packumentCache corgi:https://registry.npmjs.org/@chevrotain%2fcst-dts-gen cache-miss
176 silly packumentCache corgi:https://registry.npmjs.org/@chevrotain%2fgast cache-miss
177 silly packumentCache corgi:https://registry.npmjs.org/chevrotain cache-miss
178 http cache https://registry.npmjs.org/@chevrotain%2fgast 2ms (cache hit)
179 silly packumentCache corgi:https://registry.npmjs.org/@chevrotain%2fgast set size:18423 disposed:false
180 http cache https://registry.npmjs.org/@chevrotain%2fcst-dts-gen 3ms (cache hit)
181 silly packumentCache corgi:https://registry.npmjs.org/@chevrotain%2fcst-dts-gen set size:22393 disposed:false
182 http cache https://registry.npmjs.org/chevrotain 3ms (cache hit)
183 silly packumentCache corgi:https://registry.npmjs.org/chevrotain set size:270686 disposed:false
184 silly packumentCache corgi:https://registry.npmjs.org/rimraf cache-miss
185 http cache https://registry.npmjs.org/rimraf 4ms (cache hit)
186 silly packumentCache corgi:https://registry.npmjs.org/rimraf set size:87794 disposed:false
187 silly packumentCache corgi:https://registry.npmjs.org/eslint-config-next cache-miss
188 silly packumentCache corgi:https://registry.npmjs.org/eslint-import-resolver-typescript cache-miss
189 http cache https://registry.npmjs.org/eslint-import-resolver-typescript 2ms (cache hit)
190 silly packumentCache corgi:https://registry.npmjs.org/eslint-import-resolver-typescript set size:138502 disposed:false
191 http cache https://registry.npmjs.org/eslint-config-next 7ms (cache hit)
192 silly packumentCache corgi:https://registry.npmjs.org/eslint-config-next set size:3716836 disposed:false
193 silly packumentCache corgi:https://registry.npmjs.org/@eslint-community%2feslint-utils cache-miss
194 silly packumentCache corgi:https://registry.npmjs.org/@typescript-eslint%2fparser cache-miss
195 silly packumentCache corgi:https://registry.npmjs.org/eslint-plugin-react-hooks cache-miss
196 http cache https://registry.npmjs.org/@eslint-community%2feslint-utils 23ms (cache hit)
197 silly packumentCache corgi:https://registry.npmjs.org/@eslint-community%2feslint-utils set size:44347 disposed:false
198 http cache https://registry.npmjs.org/eslint-plugin-react-hooks 27ms (cache hit)
199 silly packumentCache corgi:https://registry.npmjs.org/eslint-plugin-react-hooks set size:4052651 disposed:false
200 http cache https://registry.npmjs.org/@typescript-eslint%2fparser 53ms (cache hit)
201 silly packumentCache corgi:https://registry.npmjs.org/@typescript-eslint%2fparser set size:7899390 disposed:false
202 silly packumentCache corgi:https://registry.npmjs.org/prisma cache-miss
203 http fetch GET 200 https://registry.npmjs.org/@radix-ui/react-label/-/react-label-2.1.8.tgz 1101ms (cache miss)
204 http fetch GET 200 https://registry.npmjs.org/@radix-ui/react-primitive/-/react-primitive-2.1.4.tgz 1098ms (cache miss)
205 http cache https://registry.npmjs.org/prisma 28ms (cache hit)
206 silly packumentCache corgi:https://registry.npmjs.org/prisma set size:22503456 disposed:false
207 silly packumentCache corgi:https://registry.npmjs.org/@mrleebo%2fprisma-ast cache-miss
208 http cache https://registry.npmjs.org/@mrleebo%2fprisma-ast 101ms (cache hit)
209 silly packumentCache corgi:https://registry.npmjs.org/@mrleebo%2fprisma-ast set size:47236 disposed:false
210 silly packumentCache corgi:https://registry.npmjs.org/flat-cache cache-miss
211 http cache https://registry.npmjs.org/flat-cache 2ms (cache hit)
212 silly packumentCache corgi:https://registry.npmjs.org/flat-cache set size:48982 disposed:false
213 silly packumentCache corgi:https://registry.npmjs.org/@prisma%2fclient cache-miss
214 http cache https://registry.npmjs.org/@prisma%2fclient 111ms (cache hit)
215 silly packumentCache corgi:https://registry.npmjs.org/@prisma%2fclient set size:37328702 disposed:false
216 silly packumentCache corgi:https://registry.npmjs.org/file-entry-cache cache-miss
217 http cache https://registry.npmjs.org/file-entry-cache 2ms (cache hit)
218 silly packumentCache corgi:https://registry.npmjs.org/file-entry-cache set size:38971 disposed:false
219 silly ADD node_modules/@radix-ui/react-label
220 silly ADD node_modules/@radix-ui/react-label/node_modules/@radix-ui/react-primitive
221 silly ADD
222 silly ADD
223 silly ADD
224 silly ADD
225 silly ADD
226 silly ADD
227 silly ADD
228 silly ADD
229 silly ADD
230 silly ADD
231 silly ADD
232 silly ADD
233 silly ADD
234 silly ADD
235 silly ADD
236 silly ADD
237 silly ADD
238 silly ADD
239 silly ADD
240 silly ADD
241 silly ADD
242 silly ADD
243 silly ADD
244 silly ADD
245 silly ADD
246 silly ADD
247 silly ADD
248 silly ADD
249 silly ADD
250 silly ADD
251 silly ADD
252 verbose cwd /Users/xfcc/Documents/trae_projects/JATLAS
253 verbose os Darwin 25.3.0
254 verbose node v22.13.1
255 verbose npm  v11.2.0
256 verbose exit 0
257 info ok
